#
# A fatal error has been detected by the Java Runtime Environment:
#
#  SIGSEGV (0xb) at pc=0x000000010feb85bd, pid=6852, tid=24071
#
# JRE version: OpenJDK Runtime Environment (17.0+35) (build 17+35-2724)
# Java VM: OpenJDK 64-Bit Server VM (17+35-2724, mixed mode, sharing, tiered, compressed oops, compressed class ptrs, g1 gc, bsd-amd64)
# Problematic frame:
# V  [libjvm.dylib+0x9a35bd]  _ZNK6Symbol11as_C_stringEv+0xd
#
# No core dump will be written. Core dumps have been disabled. To enable core dumping, try "ulimit -c unlimited" before starting Java again
#
# If you would like to submit a bug report, please visit:
#   https://bugreport.java.com/bugreport/crash.jsp
#

---------------  S U M M A R Y ------------

Command Line: -XX:+ShowCodeDetailsInExceptionMessages -agentlib:jdwp=transport=dt_socket,suspend=y,address=localhost:58952 -ea -javaagent:/Users/jt/eclipse/java-2021-09/Eclipse.app/Contents/Eclipse/configuration/org.eclipse.osgi/213/0/.cp/lib/javaagent-shaded.jar -Dfile.encoding=UTF-8 org.eclipse.jdt.internal.junit.runner.RemoteTestRunner -version 3 -port 58951 -testLoaderClass org.eclipse.jdt.internal.junit5.runner.JUnit5TestLoader -loaderpluginname org.eclipse.jdt.junit5.runtime -classNames telran.util.ListTest

Host: "MacBookPro12,1" x86_64 2700 MHz, 4 cores, 8G, Darwin 21.1.0, macOS 12.0.1 (21A559)
Time: Wed Nov 10 16:51:21 2021 IST elapsed time: 152398.737972 seconds (1d 18h 19m 58s)

---------------  T H R E A D  ---------------

Current thread (0x00007fcd45008200):  JavaThread "JDWP Transport Listener: dt_socket" daemon [_thread_in_vm, id=24071, stack(0x00007000048a7000,0x00007000049a7000)]

Stack: [0x00007000048a7000,0x00007000049a7000],  sp=0x00007000049a6a70,  free space=1022k
Native frames: (J=compiled Java code, j=interpreted, Vv=VM code, C=native code)
V  [libjvm.dylib+0x9a35bd]  _ZNK6Symbol11as_C_stringEv+0xd
V  [libjvm.dylib+0x6af64a]  _ZN8JvmtiEnv17GetClassSignatureEP7oopDescPPcS3_+0x14a
V  [libjvm.dylib+0x66e9fa]  _ZL23jvmti_GetClassSignatureP9_jvmtiEnvP7_jclassPPcS4_+0x15a
C  [libjdwp.dylib+0x2a70a]  classSignature+0x7a
C  [libjdwp.dylib+0xb0be]  allClasses1+0x13e
C  [libjdwp.dylib+0xac41]  allClassesWithGeneric+0x11
C  [libjdwp.dylib+0x10963]  debugLoop_run+0x1f3
C  [libjdwp.dylib+0x24f46]  attachThread+0x76
V  [libjvm.dylib+0x6c8947]  _ZN16JvmtiAgentThread19call_start_functionEv+0x87
V  [libjvm.dylib+0x9f0c37]  _ZN10JavaThread17thread_main_innerEv+0x147
V  [libjvm.dylib+0x9ef04a]  _ZN6Thread8call_runEv+0x11a
V  [libjvm.dylib+0x8834d8]  _ZL19thread_native_entryP6Thread+0x148
C  [libsystem_pthread.dylib+0x6514]  _pthread_start+0x7d
C  [libsystem_pthread.dylib+0x202f]  thread_start+0xf


siginfo: si_signo: 11 (SIGSEGV), si_code: 1 (SEGV_MAPERR), si_addr: 0x0000000001500153

Register to memory mapping:

RAX=0x000000012d6438d0 is pointing into metadata
RBX=0x000000000150014f is an unknown value
RCX=0x0000000000000151 is an unknown value
RDX=0x0000000000000007 is an unknown value
RSP=0x00007000049a6a70 is pointing into the stack for thread: 0x00007fcd45008200
RBP=0x00007000049a6a90 is pointing into the stack for thread: 0x00007fcd45008200
RSI=0x00007fcd44f13690 points into unknown readable memory: 0x2f6e61726c65744c | 4c 74 65 6c 72 61 6e 2f
RDI=0x000000000150014f is an unknown value
R8 =0x0000000000000001 is an unknown value
R9 =0x0000000000000014 is an unknown value
R10=0x00000000000007fb is an unknown value
R11=0xffffe032bc154190 is an unknown value
R12=0x0000600001e01140 points into unknown readable memory: 0x0000000000000002 | 02 00 00 00 00 00 00 00
R13=0x00007fcd44f13a48 points into unknown readable memory: 0x0000000000000000 | 00 00 00 00 00 00 00 00
R14=0x0000000800c11258 is a pointer to class: 
telran.util.ListTest {0x0000000800c11258}
 - instance size:     4
 - klass size:        93
 - access:            synchronized 
 - state:             fully_initialized
 - name:              'telran/util/ListTest'
 - super:             'java/lang/Object'
 - sub:               
 - arrays:            NULL
 - methods:           Array<T>(0x000000012d641888)
 - method ordering:   Array<T>(0x000000012d643630)
 - default_methods:   Array<T>(0x0000000000000000)
 - local interfaces:  Array<T>(0x00000008005bf240)
 - trans. interfaces: Array<T>(0x00000008005bf240)
 - constants:         constant pool [348] {0x000000012d6438d0} for 'telran/util/ListTest' cache=0x000000012d644538
 - class loader data:  loader data: 0x00006000021040a0 for instance a 'jdk/internal/loader/ClassLoaders$AppClassLoader'{0x0000000780000000}
 - source file:       'ListTest.java'
 - source debug extension:       SMAP
ListTest.java
Java
*S jdt
*F
1 ListTest.java
2 file:/Users/jt/eclipse-workspace-42/list-test/bin/
*L
*E

 - class annotations:       Array<T>(0x0000000000000000)
 - class type annotations:  Array<T>(0x0000000000000000)
 - field annotations:       Array<T>(0x0000000000000000)
 - field type annotations:  Array<T>(0x0000000000000000)
 - previous version:  constant pool [328] {0x000000012d494000} for 'telran/util/ListTest' (extra) cache=0x000000012d507250
 - generic signature: '
[error occurred during error reporting (printing register info), id 0xb, SIGSEGV (0xb) at pc=0x000000010feb9a12]

Registers:
RAX=0x000000012d6438d0, RBX=0x000000000150014f, RCX=0x0000000000000151, RDX=0x0000000000000007
RSP=0x00007000049a6a70, RBP=0x00007000049a6a90, RSI=0x00007fcd44f13690, RDI=0x000000000150014f
R8 =0x0000000000000001, R9 =0x0000000000000014, R10=0x00000000000007fb, R11=0xffffe032bc154190
R12=0x0000600001e01140, R13=0x00007fcd44f13a48, R14=0x0000000800c11258, R15=0x0000000000000000
RIP=0x000000010feb85bd, EFLAGS=0x0000000000010202, ERR=0x0000000000000004
  TRAPNO=0x000000000000000e

Top of Stack: (sp=0x00007000049a6a70)
0x00007000049a6a70:   000000012d6438d0 0000600001067820
0x00007000049a6a80:   0000000800c11258 0000000000000000
0x00007000049a6a90:   00007000049a6b00 000000010fbc464a
0x00007000049a6aa0:   00007fcd44f13660 00007fcd44f13670
0x00007000049a6ab0:   00000000000003d8 00007000049a6b78
0x00007000049a6ac0:   00007000049a6bd0 00007fcd44f04db0
0x00007000049a6ad0:   00007fcd44f13a48 00007000049a6b78
0x00007000049a6ae0:   00007fcd44f04db0 00007fcd45008200
0x00007000049a6af0:   0000000786703250 0000000000000015
0x00007000049a6b00:   00007000049a6b60 000000010fb839fa
0x00007000049a6b10:   00007fcd45008200 0000000000000000
0x00007000049a6b20:   00007fcd00000000 0000000000000000
0x00007000049a6b30:   00007000049a6bd0 00007fcd44f199b8
0x00007000049a6b40:   00007000049a6bc8 00007000049a6c88
0x00007000049a6b50:   00007000049a6bd0 00007fcd44f199b8
0x00007000049a6b60:   00007000049a6ba0 000000010e57670a
0x00007000049a6b70:   00007000049a6ba0 0000600001067820
0x00007000049a6b80:   00007fcd44f199b8 0000000000000007
0x00007000049a6b90:   0000000000000001 0000000000000219
0x00007000049a6ba0:   00007000049a6c10 000000010e5570be
0x00007000049a6bb0:   00000000000008f7 00007fcd450084a8
0x00007000049a6bc0:   0000000100000008 0000000000000000
0x00007000049a6bd0:   0000000000000000 000009aa0e557206
0x00007000049a6be0:   00007fcd460c8800 000000010e556c30
0x00007000049a6bf0:   000000010e581458 00006000010682c0
0x00007000049a6c00:   00007000049a6c88 00007000049a6c30
0x00007000049a6c10:   00007000049a6c20 000000010e556c41
0x00007000049a6c20:   00007000049a6e40 000000010e55c963
0x00007000049a6c30:   0000000000000000 0000000000000000
0x00007000049a6c40:   0001694a0000000b 000000010f140100
0x00007000049a6c50:   0000000000000000 00006000010539c0
0x00007000049a6c60:   000000010e57a67d 000000010e57a64d 

Instructions: (pc=0x000000010feb85bd)
0x000000010feb84bd:   88 4c 30 01 0f b6 4c 37 08 88 4c 30 02 0f b6 4c
0x000000010feb84cd:   37 09 88 4c 30 03 48 83 c6 04 49 39 f1 75 d4 e9
0x000000010feb84dd:   c4 00 00 00 44 89 ce 83 e6 e0 48 8d 4e e0 48 89
0x000000010feb84ed:   ca 48 c1 ea 05 48 ff c2 41 89 d2 41 83 e2 03 48
0x000000010feb84fd:   83 f9 60 73 04 31 d2 eb 63 4c 89 d1 48 29 d1 31
0x000000010feb850d:   d2 66 90 0f 10 44 17 06 0f 10 4c 17 16 0f 11 04
0x000000010feb851d:   10 0f 11 4c 10 10 0f 10 44 17 26 0f 10 4c 17 36
0x000000010feb852d:   0f 11 44 10 20 0f 11 4c 10 30 0f 10 44 17 46 0f
0x000000010feb853d:   10 4c 17 56 0f 11 44 10 40 0f 11 4c 10 50 0f 10
0x000000010feb854d:   44 17 66 0f 10 4c 17 76 0f 11 44 10 60 0f 11 4c
0x000000010feb855d:   10 70 48 83 ea 80 48 83 c1 04 75 a7 4d 85 d2 74
0x000000010feb856d:   2e 49 f7 da 66 2e 0f 1f 84 00 00 00 00 00 0f 1f
0x000000010feb857d:   44 00 00 0f 10 44 17 06 0f 10 4c 17 16 0f 11 04
0x000000010feb858d:   10 0f 11 4c 10 10 48 83 c2 20 49 ff c2 75 e4 4c
0x000000010feb859d:   39 ce 0f 85 d3 fe ff ff 49 63 c8 c6 04 08 00 5d
0x000000010feb85ad:   c3 66 90 55 48 89 e5 41 57 41 56 53 50 48 89 fb
0x000000010feb85bd:   44 0f b7 7f 04 49 8d 7f 01 45 31 f6 31 f6 e8 10
0x000000010feb85cd:   34 f6 ff 0f b7 4b 04 41 39 cf 41 0f 42 cf 85 c9
0x000000010feb85dd:   0f 8e 52 01 00 00 41 89 ce 83 f9 20 72 19 49 8d
0x000000010feb85ed:   4c 1e 06 48 39 c8 73 7c 48 89 c1 4c 01 f1 48 8d
0x000000010feb85fd:   53 06 48 39 ca 73 6d 31 c9 48 89 cf 48 f7 d7 4c
0x000000010feb860d:   01 f7 4c 89 f6 48 83 e6 03 74 18 0f 1f 84 00 00
0x000000010feb861d:   00 00 00 0f b6 54 0b 06 88 14 08 48 ff c1 48 ff
0x000000010feb862d:   ce 75 f0 48 83 ff 03 0f 82 fb 00 00 00 66 0f 1f
0x000000010feb863d:   44 00 00 0f b6 54 0b 06 88 14 08 0f b6 54 0b 07
0x000000010feb864d:   88 54 08 01 0f b6 54 0b 08 88 54 08 02 0f b6 54
0x000000010feb865d:   0b 09 88 54 08 03 48 83 c1 04 49 39 ce 75 d4 e9
0x000000010feb866d:   c4 00 00 00 44 89 f1 83 e1 e0 48 8d 71 e0 48 89
0x000000010feb867d:   f7 48 c1 ef 05 48 ff c7 89 fa 83 e2 03 48 83 fe
0x000000010feb868d:   60 73 04 31 f6 eb 65 48 29 d7 31 f6 0f 1f 80 00
0x000000010feb869d:   00 00 00 0f 10 44 33 06 0f 10 4c 33 16 0f 11 04
0x000000010feb86ad:   30 0f 11 4c 30 10 0f 10 44 33 26 0f 10 4c 33 36 


Stack slot to memory mapping:
stack at sp + 0 slots: 0x000000012d6438d0 is pointing into metadata
stack at sp + 1 slots: 0x0000600001067820 points into unknown readable memory: 0x2f6e61726c65744c | 4c 74 65 6c 72 61 6e 2f
stack at sp + 2 slots: 0x0000000800c11258 is a pointer to class: 
telran.util.ListTest {0x0000000800c11258}
 - instance size:     4
 - klass size:        93
 - access:            synchronized 
 - state:             fully_initialized
 - name:              'telran/util/ListTest'
 - super:             'java/lang/Object'
 - sub:               
 - arrays:            NULL
 - methods:           Array<T>(0x000000012d641888)
 - method ordering:   Array<T>(0x000000012d643630)
 - default_methods:   Array<T>(0x0000000000000000)
 - local interfaces:  Array<T>(0x00000008005bf240)
 - trans. interfaces: Array<T>(0x00000008005bf240)
 - constants:         constant pool [348] {0x000000012d6438d0} for 'telran/util/ListTest' cache=0x000000012d644538
 - class loader data:  loader data: 0x00006000021040a0 for instance a 'jdk/internal/loader/ClassLoaders$AppClassLoader'{0x0000000780000000}
 - source file:       'ListTest.java'
 - source debug extension:       SMAP
ListTest.java
Java
*S jdt
*F
1 ListTest.java
2 file:/Users/jt/eclipse-workspace-42/list-test/bin/
*L
*E

 - class annotations:       Array<T>(0x0000000000000000)
 - class type annotations:  Array<T>(0x0000000000000000)
 - field annotations:       Array<T>(0x0000000000000000)
 - field type annotations:  Array<T>(0x0000000000000000)
 - previous version:  constant pool [328] {0x000000012d494000} for 'telran/util/ListTest' (extra) cache=0x000000012d507250
 - generic signature: '
[error occurred during error reporting (inspecting top of stack), id 0xb, SIGSEGV (0xb) at pc=0x000000010feb9a12]


---------------  P R O C E S S  ---------------

Threads class SMR info:
_java_thread_list=0x0000600001032060, length=15, elements={
0x00007fcd4581b000, 0x00007fcd458a5200, 0x00007fcd458a7a00, 0x00007fcd47808200,
0x00007fcd46022c00, 0x00007fcd46023200, 0x00007fcd4601ce00, 0x00007fcd4601d400,
0x00007fcd4601da00, 0x00007fcd47878800, 0x00007fcd45008200, 0x00007fcd478ada00,
0x00007fcd4601e000, 0x00007fcd478d2a00, 0x00007fcd46021400
}

Java Threads: ( => current thread )
  0x00007fcd4581b000 JavaThread "main" [_thread_blocked, id=9731, stack(0x0000700003771000,0x0000700003871000)]
  0x00007fcd458a5200 JavaThread "Reference Handler" daemon [_thread_blocked, id=14339, stack(0x0000700003e86000,0x0000700003f86000)]
  0x00007fcd458a7a00 JavaThread "Finalizer" daemon [_thread_blocked, id=14595, stack(0x0000700003f89000,0x0000700004089000)]
  0x00007fcd47808200 JavaThread "Signal Dispatcher" daemon [_thread_blocked, id=42499, stack(0x0000700004192000,0x0000700004292000)]
  0x00007fcd46022c00 JavaThread "Service Thread" daemon [_thread_blocked, id=42243, stack(0x0000700004295000,0x0000700004395000)]
  0x00007fcd46023200 JavaThread "Monitor Deflation Thread" daemon [_thread_blocked, id=41731, stack(0x0000700004398000,0x0000700004498000)]
  0x00007fcd4601ce00 JavaThread "C2 CompilerThread0" daemon [_thread_blocked, id=41475, stack(0x000070000449b000,0x000070000459b000)]
  0x00007fcd4601d400 JavaThread "C1 CompilerThread0" daemon [_thread_blocked, id=40963, stack(0x000070000459e000,0x000070000469e000)]
  0x00007fcd4601da00 JavaThread "Sweeper thread" daemon [_thread_blocked, id=40707, stack(0x00007000046a1000,0x00007000047a1000)]
  0x00007fcd47878800 JavaThread "Common-Cleaner" daemon [_thread_blocked, id=23811, stack(0x00007000047a4000,0x00007000048a4000)]
=>0x00007fcd45008200 JavaThread "JDWP Transport Listener: dt_socket" daemon [_thread_in_vm, id=24071, stack(0x00007000048a7000,0x00007000049a7000)]
  0x00007fcd478ada00 JavaThread "JDWP Event Helper Thread" daemon [_thread_blocked, id=24323, stack(0x00007000049aa000,0x0000700004aaa000)]
  0x00007fcd4601e000 JavaThread "JDWP Command Reader" daemon [_thread_in_native, id=24579, stack(0x0000700004aad000,0x0000700004bad000)]
  0x00007fcd478d2a00 JavaThread "Notification Thread" daemon [_thread_blocked, id=39171, stack(0x0000700004bb0000,0x0000700004cb0000)]
  0x00007fcd46021400 JavaThread "ReaderThread" [_thread_in_native, id=38915, stack(0x0000700004db6000,0x0000700004eb6000)]

Other Threads:
  0x00007fcd44f0d180 VMThread "VM Thread" [stack: 0x0000700003d83000,0x0000700003e83000] [id=14083]
  0x00007fcd4730d1d0 WatcherThread [stack: 0x0000700004cb3000,0x0000700004db3000] [id=25091]
  0x00007fcd44f07910 GCTaskThread "GC Thread#0" [stack: 0x0000700003874000,0x0000700003974000] [id=19971]
  0x00007fcd44f1fec0 GCTaskThread "GC Thread#1" [stack: 0x0000700004eb9000,0x0000700004fb9000] [id=25859]
  0x00007fcd44f20330 GCTaskThread "GC Thread#2" [stack: 0x0000700004fbc000,0x00007000050bc000] [id=38403]
  0x00007fcd44f207a0 GCTaskThread "GC Thread#3" [stack: 0x00007000050bf000,0x00007000051bf000] [id=37891]
  0x00007fcd44f07fb0 ConcurrentGCThread "G1 Main Marker" [stack: 0x0000700003977000,0x0000700003a77000] [id=12547]
  0x00007fcd44f08830 ConcurrentGCThread "G1 Conc#0" [stack: 0x0000700003a7a000,0x0000700003b7a000] [id=13315]
  0x00007fcd44f0a090 ConcurrentGCThread "G1 Refine#0" [stack: 0x0000700003b7d000,0x0000700003c7d000] [id=18947]
  0x00007fcd44f0a920 ConcurrentGCThread "G1 Service" [stack: 0x0000700003c80000,0x0000700003d80000] [id=18435]

Threads with active compile tasks:

VM state: not at safepoint (normal execution)

VM Mutex/Monitor currently owned by a thread: None

Heap address: 0x0000000780000000, size: 2048 MB, Compressed Oops mode: Zero based, Oop shift amount: 3

CDS archive(s) mapped at: [0x0000000800000000-0x0000000800bd0000-0x0000000800bd0000), size 12386304, SharedBaseAddress: 0x0000000800000000, ArchiveRelocationMode: 0.
Compressed class space mapped at: 0x0000000800c00000-0x0000000840c00000, reserved size: 1073741824
Narrow klass base: 0x0000000800000000, Narrow klass shift: 0, Narrow klass range: 0x100000000

GC Precious Log:
 CPUs: 4 total, 4 available
 Memory: 8192M
 Large Page Support: Disabled
 NUMA Support: Disabled
 Compressed Oops: Enabled (Zero based)
 Heap Region Size: 1M
 Heap Min Capacity: 8M
 Heap Initial Capacity: 128M
 Heap Max Capacity: 2G
 Pre-touch: Disabled
 Parallel Workers: 4
 Concurrent Workers: 1
 Concurrent Refinement Workers: 4
 Periodic GC: Disabled

Heap:
 garbage-first heap   total 133120K, used 11929K [0x0000000780000000, 0x0000000800000000)
  region size 1024K, 11 young (11264K), 2 survivors (2048K)
 Metaspace       used 6940K, committed 7104K, reserved 1056768K
  class space    used 807K, committed 896K, reserved 1048576K

Heap Regions: E=young(eden), S=young(survivor), O=old, HS=humongous(starts), HC=humongous(continues), CS=collection set, F=free, OA=open archive, CA=closed archive, TAMS=top-at-mark-start (previous, next)
|   0|0x0000000780000000, 0x0000000780100000, 0x0000000780100000|100%| O|  |TAMS 0x0000000780000000, 0x0000000780000000| Untracked 
|   1|0x0000000780100000, 0x00000007801a0400, 0x0000000780200000| 62%| O|  |TAMS 0x0000000780100000, 0x0000000780100000| Untracked 
|   2|0x0000000780200000, 0x0000000780200000, 0x0000000780300000|  0%| F|  |TAMS 0x0000000780200000, 0x0000000780200000| Untracked 
|   3|0x0000000780300000, 0x0000000780300000, 0x0000000780400000|  0%| F|  |TAMS 0x0000000780300000, 0x0000000780300000| Untracked 
|   4|0x0000000780400000, 0x0000000780400000, 0x0000000780500000|  0%| F|  |TAMS 0x0000000780400000, 0x0000000780400000| Untracked 
|   5|0x0000000780500000, 0x0000000780500000, 0x0000000780600000|  0%| F|  |TAMS 0x0000000780500000, 0x0000000780500000| Untracked 
|   6|0x0000000780600000, 0x0000000780600000, 0x0000000780700000|  0%| F|  |TAMS 0x0000000780600000, 0x0000000780600000| Untracked 
|   7|0x0000000780700000, 0x0000000780700000, 0x0000000780800000|  0%| F|  |TAMS 0x0000000780700000, 0x0000000780700000| Untracked 
|   8|0x0000000780800000, 0x0000000780800000, 0x0000000780900000|  0%| F|  |TAMS 0x0000000780800000, 0x0000000780800000| Untracked 
|   9|0x0000000780900000, 0x0000000780900000, 0x0000000780a00000|  0%| F|  |TAMS 0x0000000780900000, 0x0000000780900000| Untracked 
|  10|0x0000000780a00000, 0x0000000780a00000, 0x0000000780b00000|  0%| F|  |TAMS 0x0000000780a00000, 0x0000000780a00000| Untracked 
|  11|0x0000000780b00000, 0x0000000780b00000, 0x0000000780c00000|  0%| F|  |TAMS 0x0000000780b00000, 0x0000000780b00000| Untracked 
|  12|0x0000000780c00000, 0x0000000780c00000, 0x0000000780d00000|  0%| F|  |TAMS 0x0000000780c00000, 0x0000000780c00000| Untracked 
|  13|0x0000000780d00000, 0x0000000780d00000, 0x0000000780e00000|  0%| F|  |TAMS 0x0000000780d00000, 0x0000000780d00000| Untracked 
|  14|0x0000000780e00000, 0x0000000780e00000, 0x0000000780f00000|  0%| F|  |TAMS 0x0000000780e00000, 0x0000000780e00000| Untracked 
|  15|0x0000000780f00000, 0x0000000780f00000, 0x0000000781000000|  0%| F|  |TAMS 0x0000000780f00000, 0x0000000780f00000| Untracked 
|  16|0x0000000781000000, 0x0000000781000000, 0x0000000781100000|  0%| F|  |TAMS 0x0000000781000000, 0x0000000781000000| Untracked 
|  17|0x0000000781100000, 0x0000000781100000, 0x0000000781200000|  0%| F|  |TAMS 0x0000000781100000, 0x0000000781100000| Untracked 
|  18|0x0000000781200000, 0x0000000781200000, 0x0000000781300000|  0%| F|  |TAMS 0x0000000781200000, 0x0000000781200000| Untracked 
|  19|0x0000000781300000, 0x0000000781300000, 0x0000000781400000|  0%| F|  |TAMS 0x0000000781300000, 0x0000000781300000| Untracked 
|  20|0x0000000781400000, 0x0000000781400000, 0x0000000781500000|  0%| F|  |TAMS 0x0000000781400000, 0x0000000781400000| Untracked 
|  21|0x0000000781500000, 0x0000000781500000, 0x0000000781600000|  0%| F|  |TAMS 0x0000000781500000, 0x0000000781500000| Untracked 
|  22|0x0000000781600000, 0x0000000781600000, 0x0000000781700000|  0%| F|  |TAMS 0x0000000781600000, 0x0000000781600000| Untracked 
|  23|0x0000000781700000, 0x0000000781700000, 0x0000000781800000|  0%| F|  |TAMS 0x0000000781700000, 0x0000000781700000| Untracked 
|  24|0x0000000781800000, 0x0000000781800000, 0x0000000781900000|  0%| F|  |TAMS 0x0000000781800000, 0x0000000781800000| Untracked 
|  25|0x0000000781900000, 0x0000000781900000, 0x0000000781a00000|  0%| F|  |TAMS 0x0000000781900000, 0x0000000781900000| Untracked 
|  26|0x0000000781a00000, 0x0000000781a00000, 0x0000000781b00000|  0%| F|  |TAMS 0x0000000781a00000, 0x0000000781a00000| Untracked 
|  27|0x0000000781b00000, 0x0000000781b00000, 0x0000000781c00000|  0%| F|  |TAMS 0x0000000781b00000, 0x0000000781b00000| Untracked 
|  28|0x0000000781c00000, 0x0000000781c00000, 0x0000000781d00000|  0%| F|  |TAMS 0x0000000781c00000, 0x0000000781c00000| Untracked 
|  29|0x0000000781d00000, 0x0000000781d00000, 0x0000000781e00000|  0%| F|  |TAMS 0x0000000781d00000, 0x0000000781d00000| Untracked 
|  30|0x0000000781e00000, 0x0000000781e00000, 0x0000000781f00000|  0%| F|  |TAMS 0x0000000781e00000, 0x0000000781e00000| Untracked 
|  31|0x0000000781f00000, 0x0000000781f00000, 0x0000000782000000|  0%| F|  |TAMS 0x0000000781f00000, 0x0000000781f00000| Untracked 
|  32|0x0000000782000000, 0x0000000782000000, 0x0000000782100000|  0%| F|  |TAMS 0x0000000782000000, 0x0000000782000000| Untracked 
|  33|0x0000000782100000, 0x0000000782100000, 0x0000000782200000|  0%| F|  |TAMS 0x0000000782100000, 0x0000000782100000| Untracked 
|  34|0x0000000782200000, 0x0000000782200000, 0x0000000782300000|  0%| F|  |TAMS 0x0000000782200000, 0x0000000782200000| Untracked 
|  35|0x0000000782300000, 0x0000000782300000, 0x0000000782400000|  0%| F|  |TAMS 0x0000000782300000, 0x0000000782300000| Untracked 
|  36|0x0000000782400000, 0x0000000782400000, 0x0000000782500000|  0%| F|  |TAMS 0x0000000782400000, 0x0000000782400000| Untracked 
|  37|0x0000000782500000, 0x0000000782500000, 0x0000000782600000|  0%| F|  |TAMS 0x0000000782500000, 0x0000000782500000| Untracked 
|  38|0x0000000782600000, 0x0000000782600000, 0x0000000782700000|  0%| F|  |TAMS 0x0000000782600000, 0x0000000782600000| Untracked 
|  39|0x0000000782700000, 0x0000000782700000, 0x0000000782800000|  0%| F|  |TAMS 0x0000000782700000, 0x0000000782700000| Untracked 
|  40|0x0000000782800000, 0x0000000782800000, 0x0000000782900000|  0%| F|  |TAMS 0x0000000782800000, 0x0000000782800000| Untracked 
|  41|0x0000000782900000, 0x0000000782900000, 0x0000000782a00000|  0%| F|  |TAMS 0x0000000782900000, 0x0000000782900000| Untracked 
|  42|0x0000000782a00000, 0x0000000782a00000, 0x0000000782b00000|  0%| F|  |TAMS 0x0000000782a00000, 0x0000000782a00000| Untracked 
|  43|0x0000000782b00000, 0x0000000782b00000, 0x0000000782c00000|  0%| F|  |TAMS 0x0000000782b00000, 0x0000000782b00000| Untracked 
|  44|0x0000000782c00000, 0x0000000782c00000, 0x0000000782d00000|  0%| F|  |TAMS 0x0000000782c00000, 0x0000000782c00000| Untracked 
|  45|0x0000000782d00000, 0x0000000782d00000, 0x0000000782e00000|  0%| F|  |TAMS 0x0000000782d00000, 0x0000000782d00000| Untracked 
|  46|0x0000000782e00000, 0x0000000782e00000, 0x0000000782f00000|  0%| F|  |TAMS 0x0000000782e00000, 0x0000000782e00000| Untracked 
|  47|0x0000000782f00000, 0x0000000782f00000, 0x0000000783000000|  0%| F|  |TAMS 0x0000000782f00000, 0x0000000782f00000| Untracked 
|  48|0x0000000783000000, 0x0000000783000000, 0x0000000783100000|  0%| F|  |TAMS 0x0000000783000000, 0x0000000783000000| Untracked 
|  49|0x0000000783100000, 0x0000000783100000, 0x0000000783200000|  0%| F|  |TAMS 0x0000000783100000, 0x0000000783100000| Untracked 
|  50|0x0000000783200000, 0x0000000783200000, 0x0000000783300000|  0%| F|  |TAMS 0x0000000783200000, 0x0000000783200000| Untracked 
|  51|0x0000000783300000, 0x0000000783300000, 0x0000000783400000|  0%| F|  |TAMS 0x0000000783300000, 0x0000000783300000| Untracked 
|  52|0x0000000783400000, 0x0000000783400000, 0x0000000783500000|  0%| F|  |TAMS 0x0000000783400000, 0x0000000783400000| Untracked 
|  53|0x0000000783500000, 0x0000000783500000, 0x0000000783600000|  0%| F|  |TAMS 0x0000000783500000, 0x0000000783500000| Untracked 
|  54|0x0000000783600000, 0x0000000783600000, 0x0000000783700000|  0%| F|  |TAMS 0x0000000783600000, 0x0000000783600000| Untracked 
|  55|0x0000000783700000, 0x0000000783700000, 0x0000000783800000|  0%| F|  |TAMS 0x0000000783700000, 0x0000000783700000| Untracked 
|  56|0x0000000783800000, 0x0000000783800000, 0x0000000783900000|  0%| F|  |TAMS 0x0000000783800000, 0x0000000783800000| Untracked 
|  57|0x0000000783900000, 0x0000000783900000, 0x0000000783a00000|  0%| F|  |TAMS 0x0000000783900000, 0x0000000783900000| Untracked 
|  58|0x0000000783a00000, 0x0000000783a00000, 0x0000000783b00000|  0%| F|  |TAMS 0x0000000783a00000, 0x0000000783a00000| Untracked 
|  59|0x0000000783b00000, 0x0000000783b00000, 0x0000000783c00000|  0%| F|  |TAMS 0x0000000783b00000, 0x0000000783b00000| Untracked 
|  60|0x0000000783c00000, 0x0000000783c00000, 0x0000000783d00000|  0%| F|  |TAMS 0x0000000783c00000, 0x0000000783c00000| Untracked 
|  61|0x0000000783d00000, 0x0000000783d00000, 0x0000000783e00000|  0%| F|  |TAMS 0x0000000783d00000, 0x0000000783d00000| Untracked 
|  62|0x0000000783e00000, 0x0000000783e00000, 0x0000000783f00000|  0%| F|  |TAMS 0x0000000783e00000, 0x0000000783e00000| Untracked 
|  63|0x0000000783f00000, 0x0000000783f00000, 0x0000000784000000|  0%| F|  |TAMS 0x0000000783f00000, 0x0000000783f00000| Untracked 
|  64|0x0000000784000000, 0x0000000784000000, 0x0000000784100000|  0%| F|  |TAMS 0x0000000784000000, 0x0000000784000000| Untracked 
|  65|0x0000000784100000, 0x0000000784100000, 0x0000000784200000|  0%| F|  |TAMS 0x0000000784100000, 0x0000000784100000| Untracked 
|  66|0x0000000784200000, 0x0000000784200000, 0x0000000784300000|  0%| F|  |TAMS 0x0000000784200000, 0x0000000784200000| Untracked 
|  67|0x0000000784300000, 0x0000000784300000, 0x0000000784400000|  0%| F|  |TAMS 0x0000000784300000, 0x0000000784300000| Untracked 
|  68|0x0000000784400000, 0x0000000784400000, 0x0000000784500000|  0%| F|  |TAMS 0x0000000784400000, 0x0000000784400000| Untracked 
|  69|0x0000000784500000, 0x0000000784500000, 0x0000000784600000|  0%| F|  |TAMS 0x0000000784500000, 0x0000000784500000| Untracked 
|  70|0x0000000784600000, 0x0000000784600000, 0x0000000784700000|  0%| F|  |TAMS 0x0000000784600000, 0x0000000784600000| Untracked 
|  71|0x0000000784700000, 0x0000000784700000, 0x0000000784800000|  0%| F|  |TAMS 0x0000000784700000, 0x0000000784700000| Untracked 
|  72|0x0000000784800000, 0x0000000784800000, 0x0000000784900000|  0%| F|  |TAMS 0x0000000784800000, 0x0000000784800000| Untracked 
|  73|0x0000000784900000, 0x0000000784900000, 0x0000000784a00000|  0%| F|  |TAMS 0x0000000784900000, 0x0000000784900000| Untracked 
|  74|0x0000000784a00000, 0x0000000784a00000, 0x0000000784b00000|  0%| F|  |TAMS 0x0000000784a00000, 0x0000000784a00000| Untracked 
|  75|0x0000000784b00000, 0x0000000784b00000, 0x0000000784c00000|  0%| F|  |TAMS 0x0000000784b00000, 0x0000000784b00000| Untracked 
|  76|0x0000000784c00000, 0x0000000784c00000, 0x0000000784d00000|  0%| F|  |TAMS 0x0000000784c00000, 0x0000000784c00000| Untracked 
|  77|0x0000000784d00000, 0x0000000784d00000, 0x0000000784e00000|  0%| F|  |TAMS 0x0000000784d00000, 0x0000000784d00000| Untracked 
|  78|0x0000000784e00000, 0x0000000784e00000, 0x0000000784f00000|  0%| F|  |TAMS 0x0000000784e00000, 0x0000000784e00000| Untracked 
|  79|0x0000000784f00000, 0x0000000784f00000, 0x0000000785000000|  0%| F|  |TAMS 0x0000000784f00000, 0x0000000784f00000| Untracked 
|  80|0x0000000785000000, 0x0000000785000000, 0x0000000785100000|  0%| F|  |TAMS 0x0000000785000000, 0x0000000785000000| Untracked 
|  81|0x0000000785100000, 0x0000000785100000, 0x0000000785200000|  0%| F|  |TAMS 0x0000000785100000, 0x0000000785100000| Untracked 
|  82|0x0000000785200000, 0x0000000785200000, 0x0000000785300000|  0%| F|  |TAMS 0x0000000785200000, 0x0000000785200000| Untracked 
|  83|0x0000000785300000, 0x0000000785300000, 0x0000000785400000|  0%| F|  |TAMS 0x0000000785300000, 0x0000000785300000| Untracked 
|  84|0x0000000785400000, 0x0000000785400000, 0x0000000785500000|  0%| F|  |TAMS 0x0000000785400000, 0x0000000785400000| Untracked 
|  85|0x0000000785500000, 0x0000000785500000, 0x0000000785600000|  0%| F|  |TAMS 0x0000000785500000, 0x0000000785500000| Untracked 
|  86|0x0000000785600000, 0x0000000785600000, 0x0000000785700000|  0%| F|  |TAMS 0x0000000785600000, 0x0000000785600000| Untracked 
|  87|0x0000000785700000, 0x0000000785700000, 0x0000000785800000|  0%| F|  |TAMS 0x0000000785700000, 0x0000000785700000| Untracked 
|  88|0x0000000785800000, 0x0000000785800000, 0x0000000785900000|  0%| F|  |TAMS 0x0000000785800000, 0x0000000785800000| Untracked 
|  89|0x0000000785900000, 0x0000000785900000, 0x0000000785a00000|  0%| F|  |TAMS 0x0000000785900000, 0x0000000785900000| Untracked 
|  90|0x0000000785a00000, 0x0000000785a00000, 0x0000000785b00000|  0%| F|  |TAMS 0x0000000785a00000, 0x0000000785a00000| Untracked 
|  91|0x0000000785b00000, 0x0000000785b00000, 0x0000000785c00000|  0%| F|  |TAMS 0x0000000785b00000, 0x0000000785b00000| Untracked 
|  92|0x0000000785c00000, 0x0000000785c00000, 0x0000000785d00000|  0%| F|  |TAMS 0x0000000785c00000, 0x0000000785c00000| Untracked 
|  93|0x0000000785d00000, 0x0000000785d00000, 0x0000000785e00000|  0%| F|  |TAMS 0x0000000785d00000, 0x0000000785d00000| Untracked 
|  94|0x0000000785e00000, 0x0000000785e00000, 0x0000000785f00000|  0%| F|  |TAMS 0x0000000785e00000, 0x0000000785e00000| Untracked 
|  95|0x0000000785f00000, 0x0000000785f00000, 0x0000000786000000|  0%| F|  |TAMS 0x0000000785f00000, 0x0000000785f00000| Untracked 
|  96|0x0000000786000000, 0x0000000786000000, 0x0000000786100000|  0%| F|  |TAMS 0x0000000786000000, 0x0000000786000000| Untracked 
|  97|0x0000000786100000, 0x0000000786100000, 0x0000000786200000|  0%| F|  |TAMS 0x0000000786100000, 0x0000000786100000| Untracked 
|  98|0x0000000786200000, 0x0000000786200000, 0x0000000786300000|  0%| F|  |TAMS 0x0000000786200000, 0x0000000786200000| Untracked 
|  99|0x0000000786300000, 0x0000000786300000, 0x0000000786400000|  0%| F|  |TAMS 0x0000000786300000, 0x0000000786300000| Untracked 
| 100|0x0000000786400000, 0x0000000786400000, 0x0000000786500000|  0%| F|  |TAMS 0x0000000786400000, 0x0000000786400000| Untracked 
| 101|0x0000000786500000, 0x0000000786500000, 0x0000000786600000|  0%| F|  |TAMS 0x0000000786500000, 0x0000000786500000| Untracked 
| 102|0x0000000786600000, 0x0000000786612248, 0x0000000786700000|  7%| S|CS|TAMS 0x0000000786600000, 0x0000000786600000| Complete 
| 103|0x0000000786700000, 0x0000000786800000, 0x0000000786800000|100%| S|CS|TAMS 0x0000000786700000, 0x0000000786700000| Complete 
| 104|0x0000000786800000, 0x0000000786800000, 0x0000000786900000|  0%| F|  |TAMS 0x0000000786800000, 0x0000000786800000| Untracked 
| 105|0x0000000786900000, 0x0000000786900000, 0x0000000786a00000|  0%| F|  |TAMS 0x0000000786900000, 0x0000000786900000| Untracked 
| 106|0x0000000786a00000, 0x0000000786a00000, 0x0000000786b00000|  0%| F|  |TAMS 0x0000000786a00000, 0x0000000786a00000| Untracked 
| 107|0x0000000786b00000, 0x0000000786b00000, 0x0000000786c00000|  0%| F|  |TAMS 0x0000000786b00000, 0x0000000786b00000| Untracked 
| 108|0x0000000786c00000, 0x0000000786c00000, 0x0000000786d00000|  0%| F|  |TAMS 0x0000000786c00000, 0x0000000786c00000| Untracked 
| 109|0x0000000786d00000, 0x0000000786d00000, 0x0000000786e00000|  0%| F|  |TAMS 0x0000000786d00000, 0x0000000786d00000| Untracked 
| 110|0x0000000786e00000, 0x0000000786e00000, 0x0000000786f00000|  0%| F|  |TAMS 0x0000000786e00000, 0x0000000786e00000| Untracked 
| 111|0x0000000786f00000, 0x0000000786f00000, 0x0000000787000000|  0%| F|  |TAMS 0x0000000786f00000, 0x0000000786f00000| Untracked 
| 112|0x0000000787000000, 0x0000000787000000, 0x0000000787100000|  0%| F|  |TAMS 0x0000000787000000, 0x0000000787000000| Untracked 
| 113|0x0000000787100000, 0x0000000787100000, 0x0000000787200000|  0%| F|  |TAMS 0x0000000787100000, 0x0000000787100000| Untracked 
| 114|0x0000000787200000, 0x0000000787200000, 0x0000000787300000|  0%| F|  |TAMS 0x0000000787200000, 0x0000000787200000| Untracked 
| 115|0x0000000787300000, 0x0000000787300000, 0x0000000787400000|  0%| F|  |TAMS 0x0000000787300000, 0x0000000787300000| Untracked 
| 116|0x0000000787400000, 0x0000000787400000, 0x0000000787500000|  0%| F|  |TAMS 0x0000000787400000, 0x0000000787400000| Untracked 
| 117|0x0000000787500000, 0x0000000787500000, 0x0000000787600000|  0%| F|  |TAMS 0x0000000787500000, 0x0000000787500000| Untracked 
| 118|0x0000000787600000, 0x0000000787600000, 0x0000000787700000|  0%| F|  |TAMS 0x0000000787600000, 0x0000000787600000| Untracked 
| 119|0x0000000787700000, 0x0000000787800000, 0x0000000787800000|100%| E|  |TAMS 0x0000000787700000, 0x0000000787700000| Complete 
| 120|0x0000000787800000, 0x0000000787900000, 0x0000000787900000|100%| E|CS|TAMS 0x0000000787800000, 0x0000000787800000| Complete 
| 121|0x0000000787900000, 0x0000000787a00000, 0x0000000787a00000|100%| E|CS|TAMS 0x0000000787900000, 0x0000000787900000| Complete 
| 122|0x0000000787a00000, 0x0000000787b00000, 0x0000000787b00000|100%| E|CS|TAMS 0x0000000787a00000, 0x0000000787a00000| Complete 
| 123|0x0000000787b00000, 0x0000000787c00000, 0x0000000787c00000|100%| E|CS|TAMS 0x0000000787b00000, 0x0000000787b00000| Complete 
| 124|0x0000000787c00000, 0x0000000787d00000, 0x0000000787d00000|100%| E|CS|TAMS 0x0000000787c00000, 0x0000000787c00000| Complete 
| 125|0x0000000787d00000, 0x0000000787e00000, 0x0000000787e00000|100%| E|CS|TAMS 0x0000000787d00000, 0x0000000787d00000| Complete 
| 126|0x0000000787e00000, 0x0000000787f00000, 0x0000000787f00000|100%| E|CS|TAMS 0x0000000787e00000, 0x0000000787e00000| Complete 
| 127|0x0000000787f00000, 0x0000000788000000, 0x0000000788000000|100%| E|CS|TAMS 0x0000000787f00000, 0x0000000787f00000| Complete 
|2046|0x00000007ffe00000, 0x00000007ffe75000, 0x00000007fff00000| 45%|OA|  |TAMS 0x00000007ffe00000, 0x00000007ffe00000| Untracked 
|2047|0x00000007fff00000, 0x00000007fff7f000, 0x0000000800000000| 49%|CA|  |TAMS 0x00000007fff00000, 0x00000007fff00000| Untracked 

Card table byte_map: [0x000000010ebd6000,0x000000010efd6000] _byte_map_base: 0x000000010afd6000

Marking Bits (Prev, Next): (CMBitMap*) 0x00007fcd4583c010, (CMBitMap*) 0x00007fcd4583c050
 Prev Bits: [0x0000000110585000, 0x0000000112585000)
 Next Bits: [0x0000000112585000, 0x0000000114585000)

Polling page: 0x000000010e4b0000

Metaspace:

Usage:
  Non-class:      5.99 MB used.
      Class:    807.67 KB used.
       Both:      6.78 MB used.

Virtual space:
  Non-class space:        8.00 MB reserved,       6.06 MB ( 76%) committed,  1 nodes.
      Class space:        1.00 GB reserved,     896.00 KB ( <1%) committed,  1 nodes.
             Both:        1.01 GB reserved,       6.94 MB ( <1%) committed. 

Chunk freelists:
   Non-Class:  1.69 MB
       Class:  3.06 MB
        Both:  4.75 MB

MaxMetaspaceSize: unlimited
CompressedClassSpaceSize: 1.00 GB
Initial GC threshold: 21.00 MB
Current GC threshold: 21.00 MB
CDS: on
MetaspaceReclaimPolicy: balanced
 - commit_granule_bytes: 65536.
 - commit_granule_words: 8192.
 - virtual_space_node_default_size: 1048576.
 - enlarge_chunks_in_place: 1.
 - new_chunks_are_fully_committed: 0.
 - uncommit_free_chunks: 1.
 - use_allocation_guard: 0.
 - handle_deallocations: 1.


Internal statistics:

num_allocs_failed_limit: 0.
num_arena_births: 86.
num_arena_deaths: 0.
num_vsnodes_births: 2.
num_vsnodes_deaths: 0.
num_space_committed: 111.
num_space_uncommitted: 0.
num_chunks_returned_to_freelist: 0.
num_chunks_taken_from_freelist: 275.
num_chunk_merges: 0.
num_chunk_splits: 146.
num_chunks_enlarged: 87.
num_purges: 0.
num_inconsistent_stats: 0.

CodeHeap 'non-profiled nmethods': size=120032Kb used=513Kb max_used=513Kb free=119518Kb
 bounds [0x00000001258fd000, 0x0000000125b6d000, 0x000000012ce35000]
CodeHeap 'profiled nmethods': size=120028Kb used=3038Kb max_used=3038Kb free=116989Kb
 bounds [0x000000011e3c6000, 0x000000011e6c6000, 0x00000001258fd000]
CodeHeap 'non-nmethods': size=5700Kb used=1215Kb max_used=1273Kb free=4484Kb
 bounds [0x000000011de35000, 0x000000011e0a5000, 0x000000011e3c6000]
 total_blobs=1912 nmethods=1463 adapters=362
 compilation: enabled
              stopped_count=0, restarted_count=0
 full_count=0

Compilation events (20 events):
Event: 7455.339 Thread 0x00007fcd4601ce00 1474       4       org.eclipse.jdt.launching.internal.org.objectweb.asm.ByteVector::encodeUtf8 (337 bytes)
Event: 7455.369 Thread 0x00007fcd4601ce00 nmethod 1474 0x0000000125978b90 code [0x0000000125978d40, 0x0000000125979c58]
Event: 7455.369 Thread 0x00007fcd4601ce00 1473       4       org.eclipse.jdt.launching.internal.org.objectweb.asm.SymbolTable::addConstantNameAndType (28 bytes)
Event: 7455.398 Thread 0x00007fcd4601ce00 nmethod 1473 0x000000012597a210 code [0x000000012597a3e0, 0x000000012597aff8]
Event: 7560.104 Thread 0x00007fcd4601ce00 1475       4       org.eclipse.jdt.launching.internal.org.objectweb.asm.SymbolTable::addConstantUtf8Reference (20 bytes)
Event: 7560.134 Thread 0x00007fcd4601ce00 

Event: 7645.142 Thread 0x00007fcd4601ce00 1476       4       org.eclipse.jdt.launching.internal.org.objectweb.asm.SymbolTable::addConstantMemberReference (29 bytes)
Event: 7645.222 Thread 0x00007fcd4601ce00 

Event: 7684.581 Thread 0x00007fcd4601ce00 1477 %     4       org.eclipse.jdt.launching.internal.org.objectweb.asm.SymbolTable::<init> @ 98 (536 bytes)
Event: 7685.344 Thread 0x00007fcd4601ce00 

Event: 68767.554 Thread 0x00007fcd4601ce00 1479       4       jdk.internal.misc.InnocuousThread::eraseThreadLocals (23 bytes)
Event: 68767.557 Thread 0x00007fcd4601ce00 nmethod 1479 0x000000012597b890 code [0x000000012597ba00, 0x000000012597bb18]
Event: 139692.726 Thread 0x00007fcd4601ce00 1480       4       java.lang.ref.ReferenceQueue::reallyPoll (65 bytes)
Event: 139692.737 Thread 0x00007fcd4601ce00 nmethod 1480 0x000000012597bb90 code [0x000000012597bd20, 0x000000012597c058]
Event: 145282.023 Thread 0x00007fcd4601ce00 1481       4       org.eclipse.jdt.launching.internal.org.objectweb.asm.ByteVector::putByteArray (49 bytes)
Event: 145282.031 Thread 0x00007fcd4601ce00 

Event: 151338.313 Thread 0x00007fcd4601ce00 1482       4       org.eclipse.jdt.launching.internal.org.objectweb.asm.SymbolTable$Entry::<init> (20 bytes)
Event: 151338.323 Thread 0x00007fcd4601ce00 

Event: 152365.147 Thread 0x00007fcd4601ce00 1483 %     4       org.eclipse.jdt.launching.internal.org.objectweb.asm.ClassReader::<init> @ 110 (371 bytes)
Event: 152365.165 Thread 0x00007fcd4601ce00 nmethod 1483% 0x000000012597c110 code [0x000000012597c2c0, 0x000000012597cfe8]

GC Heap History (4 events):
Event: 1.669 GC heap before
{Heap before GC invocations=0 (full 0):
 garbage-first heap   total 133120K, used 14288K [0x0000000780000000, 0x0000000800000000)
  region size 1024K, 13 young (13312K), 0 survivors (0K)
 Metaspace       used 3708K, committed 3904K, reserved 1056768K
  class space    used 345K, committed 448K, reserved 1048576K
}
Event: 1.673 GC heap after
{Heap after GC invocations=1 (full 0):
 garbage-first heap   total 133120K, used 2736K [0x0000000780000000, 0x0000000800000000)
  region size 1024K, 2 young (2048K), 2 survivors (2048K)
 Metaspace       used 3708K, committed 3904K, reserved 1056768K
  class space    used 345K, committed 448K, reserved 1048576K
}
Event: 2.911 GC heap before
{Heap before GC invocations=1 (full 0):
 garbage-first heap   total 133120K, used 25264K [0x0000000780000000, 0x0000000800000000)
  region size 1024K, 24 young (24576K), 2 survivors (2048K)
 Metaspace       used 6333K, committed 6464K, reserved 1056768K
  class space    used 721K, committed 768K, reserved 1048576K
}
Event: 2.916 GC heap after
{Heap after GC invocations=2 (full 0):
 garbage-first heap   total 133120K, used 3737K [0x0000000780000000, 0x0000000800000000)
  region size 1024K, 2 young (2048K), 2 survivors (2048K)
 Metaspace       used 6333K, committed 6464K, reserved 1056768K
  class space    used 721K, committed 768K, reserved 1048576K
}

Deoptimization events (20 events):
Event: 3.041 Thread 0x00007fcd4581b000 Uncommon trap: trap_request=0xffffff45 fr.pc=0x0000000125929b94 relative=0x0000000000000474
Event: 3.041 Thread 0x00007fcd4581b000 Uncommon trap: reason=unstable_if action=reinterpret pc=0x0000000125929b94 method=java.lang.StringUTF16.compress([CI[BII)I @ 20 c2
Event: 3.041 Thread 0x00007fcd4581b000 DEOPT PACKING pc=0x0000000125929b94 sp=0x000070000386ba50
Event: 3.041 Thread 0x00007fcd4581b000 DEOPT UNPACKING pc=0x000000011de87099 sp=0x000070000386b9f0 mode 2
Event: 3.041 Thread 0x00007fcd4581b000 Uncommon trap: trap_request=0xffffff45 fr.pc=0x000000012592f558 relative=0x0000000000000238
Event: 3.041 Thread 0x00007fcd4581b000 Uncommon trap: reason=unstable_if action=reinterpret pc=0x000000012592f558 method=java.lang.String.isLatin1()Z @ 10 c2
Event: 3.041 Thread 0x00007fcd4581b000 DEOPT PACKING pc=0x000000012592f558 sp=0x000070000386bc70
Event: 3.041 Thread 0x00007fcd4581b000 DEOPT UNPACKING pc=0x000000011de87099 sp=0x000070000386bbc0 mode 2
Event: 3.041 Thread 0x00007fcd4581b000 Uncommon trap: trap_request=0xffffff45 fr.pc=0x0000000125911080 relative=0x0000000000000060
Event: 3.041 Thread 0x00007fcd4581b000 Uncommon trap: reason=unstable_if action=reinterpret pc=0x0000000125911080 method=java.lang.String.isLatin1()Z @ 10 c2
Event: 3.041 Thread 0x00007fcd4581b000 DEOPT PACKING pc=0x0000000125911080 sp=0x000070000386bbf0
Event: 3.041 Thread 0x00007fcd4581b000 DEOPT UNPACKING pc=0x000000011de87099 sp=0x000070000386bbb0 mode 2
Event: 3.042 Thread 0x00007fcd4581b000 Uncommon trap: trap_request=0xffffff45 fr.pc=0x0000000125911368 relative=0x0000000000000048
Event: 3.042 Thread 0x00007fcd4581b000 Uncommon trap: reason=unstable_if action=reinterpret pc=0x0000000125911368 method=java.lang.CharacterData.of(I)Ljava/lang/CharacterData; @ 4 c2
Event: 3.042 Thread 0x00007fcd4581b000 DEOPT PACKING pc=0x0000000125911368 sp=0x000070000386d2b0
Event: 3.042 Thread 0x00007fcd4581b000 DEOPT UNPACKING pc=0x000000011de87099 sp=0x000070000386d270 mode 2
Event: 865.703 Thread 0x00007fcd45008200 DEOPT PACKING pc=0x000000011e530043 sp=0x00007000049a55b0
Event: 865.703 Thread 0x00007fcd45008200 DEOPT UNPACKING pc=0x000000011de8782f sp=0x00007000049a4af8 mode 0
Event: 7455.264 Thread 0x00007fcd45008200 DEOPT PACKING pc=0x000000011e530043 sp=0x00007000049a55b0
Event: 7455.264 Thread 0x00007fcd45008200 DEOPT UNPACKING pc=0x000000011de8782f sp=0x00007000049a4af8 mode 0

Classes unloaded (0 events):
No events

Classes redefined (20 events):
Event: 145822.510 Thread 0x00007fcd44f0d180 redefined class name=telran.util.ListTest, count=15
Event: 150814.873 Thread 0x00007fcd44f0d180 redefined class name=telran.util.ArrayList, count=12
Event: 150886.524 Thread 0x00007fcd44f0d180 redefined class name=telran.util.ArrayList, count=13
Event: 150933.018 Thread 0x00007fcd44f0d180 redefined class name=telran.util.ArrayList, count=14
Event: 151021.898 Thread 0x00007fcd44f0d180 redefined class name=telran.util.ArrayList, count=15
Event: 151046.902 Thread 0x00007fcd44f0d180 redefined class name=telran.util.ArrayList, count=16
Event: 151104.836 Thread 0x00007fcd44f0d180 redefined class name=telran.util.ListTest, count=16
Event: 151133.465 Thread 0x00007fcd44f0d180 redefined class name=telran.util.ListTest, count=17
Event: 151211.544 Thread 0x00007fcd44f0d180 redefined class name=telran.util.LinkedList, count=21
Event: 151211.544 Thread 0x00007fcd44f0d180 redefined class name=telran.util.LinkedList$LinkedListIterator, count=21
Event: 151211.544 Thread 0x00007fcd44f0d180 redefined class name=telran.util.LinkedList$Node, count=21
Event: 151338.317 Thread 0x00007fcd44f0d180 redefined class name=telran.util.LinkedList, count=22
Event: 151338.317 Thread 0x00007fcd44f0d180 redefined class name=telran.util.LinkedList$LinkedListIterator, count=22
Event: 151338.317 Thread 0x00007fcd44f0d180 redefined class name=telran.util.LinkedList$Node, count=22
Event: 152164.525 Thread 0x00007fcd44f0d180 redefined class name=telran.util.ListTest, count=18
Event: 152203.546 Thread 0x00007fcd44f0d180 redefined class name=telran.util.ListTest, count=19
Event: 152216.844 Thread 0x00007fcd44f0d180 redefined class name=telran.util.ListTest, count=20
Event: 152257.552 Thread 0x00007fcd44f0d180 redefined class name=telran.util.ArrayList, count=17
Event: 152293.535 Thread 0x00007fcd44f0d180 redefined class name=telran.util.ArrayList, count=18
Event: 152314.984 Thread 0x00007fcd44f0d180 redefined class name=telran.util.ArrayList, count=19

Internal exceptions (20 events):
Event: 2.415 Thread 0x00007fcd4581b000 Exception <a 'java/lang/NoSuchMethodError'{0x0000000787542b80}: 'java.lang.Object java.lang.invoke.DirectMethodHandle$Holder.invokeSpecialIFC(java.lang.Object, java.lang.Object, java.lang.Object, java.lang.Object)'> (0x0000000787542b80) 
thrown [open/src/hotspot/share/interpreter/linkResolver.cpp, line 766]
Event: 2.477 Thread 0x00007fcd4581b000 Exception <a 'java/lang/NoSuchMethodError'{0x0000000787404610}: 'void java.lang.invoke.DirectMethodHandle$Holder.invokeInterface(java.lang.Object, java.lang.Object, java.lang.Object)'> (0x0000000787404610) 
thrown [open/src/hotspot/share/interpreter/linkResolver.cpp, line 766]
Event: 2.493 Thread 0x00007fcd4581b000 Exception <a 'java/lang/NoSuchMethodError'{0x0000000787490378}: 'java.lang.Object java.lang.invoke.DirectMethodHandle$Holder.newInvokeSpecial(java.lang.Object, java.lang.Object, java.lang.Object, java.lang.Object, java.lang.Object, java.lang.Object)'> (0x0000000787490378) 
thrown [open/src/hotspot/share/interpreter/linkResolver.cpp, line 766]
Event: 2.513 Thread 0x00007fcd4581b000 Exception <a 'java/lang/NoSuchMethodError'{0x0000000787330c70}: 'void java.lang.invoke.DirectMethodHandle$Holder.invokeInterface(java.lang.Object, java.lang.Object, java.lang.Object, java.lang.Object, java.lang.Object)'> (0x0000000787330c70) 
thrown [open/src/hotspot/share/interpreter/linkResolver.cpp, line 766]
Event: 2.513 Thread 0x00007fcd4581b000 Exception <a 'java/lang/IncompatibleClassChangeError'{0x0000000787334940}: Found class java.lang.Object, but interface was expected> (0x0000000787334940) 
thrown [open/src/hotspot/share/interpreter/linkResolver.cpp, line 833]
Event: 2.547 Thread 0x00007fcd4581b000 Exception <a 'java/lang/IncompatibleClassChangeError'{0x00000007873cc200}: Found class java.lang.Object, but interface was expected> (0x00000007873cc200) 
thrown [open/src/hotspot/share/interpreter/linkResolver.cpp, line 833]
Event: 2.571 Thread 0x00007fcd4581b000 Exception <a 'java/lang/NoSuchMethodError'{0x0000000787003ae8}: 'void java.lang.invoke.DirectMethodHandle$Holder.invokeSpecial(java.lang.Object, java.lang.Object, java.lang.Object, java.lang.Object, java.lang.Object)'> (0x0000000787003ae8) 
thrown [open/src/hotspot/share/interpreter/linkResolver.cpp, line 766]
Event: 2.693 Thread 0x00007fcd4581b000 Exception <a 'java/lang/NoSuchMethodError'{0x0000000786df7730}: 'java.lang.Object java.lang.invoke.DirectMethodHandle$Holder.invokeVirtual(java.lang.Object, java.lang.Object, java.lang.Object)'> (0x0000000786df7730) 
thrown [open/src/hotspot/share/interpreter/linkResolver.cpp, line 766]
Event: 2.716 Thread 0x00007fcd4581b000 Exception <a 'java/lang/NoSuchMethodError'{0x0000000786c81df0}: 'void java.lang.invoke.DirectMethodHandle$Holder.invokeInterface(java.lang.Object, java.lang.Object, java.lang.Object, java.lang.Object)'> (0x0000000786c81df0) 
thrown [open/src/hotspot/share/interpreter/linkResolver.cpp, line 766]
Event: 2.717 Thread 0x00007fcd4581b000 Exception <a 'java/lang/IncompatibleClassChangeError'{0x0000000786c85718}: Found class java.lang.Object, but interface was expected> (0x0000000786c85718) 
thrown [open/src/hotspot/share/interpreter/linkResolver.cpp, line 833]
Event: 2.724 Thread 0x00007fcd4581b000 Exception <a 'java/lang/NoSuchMethodError'{0x0000000786caad50}: 'void java.lang.invoke.DirectMethodHandle$Holder.invokeStatic(java.lang.Object, java.lang.Object, java.lang.Object, java.lang.Object)'> (0x0000000786caad50) 
thrown [open/src/hotspot/share/interpreter/linkResolver.cpp, line 766]
Event: 2.753 Thread 0x00007fcd4581b000 Exception <a 'java/lang/NoSuchMethodError'{0x0000000786b88898}: 'int java.lang.invoke.DirectMethodHandle$Holder.invokeStatic(java.lang.Object, java.lang.Object, java.lang.Object, java.lang.Object)'> (0x0000000786b88898) 
thrown [open/src/hotspot/share/interpreter/linkResolver.cpp, line 766]
Event: 2.757 Thread 0x00007fcd4581b000 Exception <a 'java/lang/NoSuchMethodError'{0x0000000786b8c218}: 'java.lang.Object java.lang.invoke.Invokers$Holder.invokeExact_MT(java.lang.Object, java.lang.Object, java.lang.Object, java.lang.Object, java.lang.Object, java.lang.Object)'> (0x0000000786b8c218) 
thrown [open/src/hotspot/share/interpreter/linkResolver.cpp, line 766]
Event: 2.760 Thread 0x00007fcd4581b000 Exception <a 'java/lang/NoSuchMethodError'{0x0000000786b9c8b0}: 'int java.lang.invoke.DirectMethodHandle$Holder.invokeStatic(java.lang.Object, java.lang.Object, java.lang.Object, java.lang.Object, java.lang.Object)'> (0x0000000786b9c8b0) 
thrown [open/src/hotspot/share/interpreter/linkResolver.cpp, line 766]
Event: 2.880 Thread 0x00007fcd4581b000 Exception <a 'java/lang/NoSuchMethodError'{0x00000007868ab9d8}: 'int java.lang.invoke.DirectMethodHandle$Holder.invokeStaticInit(java.lang.Object, java.lang.Object, java.lang.Object)'> (0x00000007868ab9d8) 
thrown [open/src/hotspot/share/interpreter/linkResolver.cpp, line 766]
Event: 2.966 Thread 0x00007fcd4581b000 Exception <a 'java/lang/NoSuchMethodError'{0x0000000787feca08}: 'java.lang.Object java.lang.invoke.DirectMethodHandle$Holder.newInvokeSpecial(java.lang.Object, java.lang.Object, java.lang.Object, java.lang.Object, java.lang.Object, java.lang.Object, java.lang.Object)'> (0x0000000787feca08) 
thrown [open/src/hotspot/share/interpreter/linkResolver.cpp, line 766]
Event: 2.967 Thread 0x00007fcd4581b000 Exception <a 'java/lang/NoSuchMethodError'{0x0000000787ff15c0}: 'java.lang.Object java.lang.invoke.Invokers$Holder.linkToTargetMethod(java.lang.Object, java.lang.Object, java.lang.Object, java.lang.Object, java.lang.Object, java.lang.Object, java.lang.Object)'> (0x0000000787ff15c0) 
thrown [open/src/hotspot/share/interpreter/linkResolver.cpp, line 766]
Event: 2.969 Thread 0x00007fcd4581b000 Exception <a 'java/lang/NoSuchMethodError'{0x0000000787ffc9f8}: 'java.lang.Object java.lang.invoke.DirectMethodHandle$Holder.invokeInterface(java.lang.Object, java.lang.Object, java.lang.Object, java.lang.Object, java.lang.Object)'> (0x0000000787ffc9f8) 
thrown [open/src/hotspot/share/interpreter/linkResolver.cpp, line 766]
Event: 2.969 Thread 0x00007fcd4581b000 Exception <a 'java/lang/IncompatibleClassChangeError'{0x0000000787e00f18}: Found class java.lang.Object, but interface was expected> (0x0000000787e00f18) 
thrown [open/src/hotspot/share/interpreter/linkResolver.cpp, line 833]
Event: 3.028 Thread 0x00007fcd4581b000 Exception <a 'java/lang/IncompatibleClassChangeError'{0x0000000787e7d2b8}: Found class java.lang.Object, but interface was expected> (0x0000000787e7d2b8) 
thrown [open/src/hotspot/share/interpreter/linkResolver.cpp, line 833]

VM Operations (20 events):
Event: 152316.078 Executing VM operation: get/set locals
Event: 152316.078 Executing VM operation: get/set locals done
Event: 152316.079 Executing VM operation: get/set locals
Event: 152316.079 Executing VM operation: get/set locals done
Event: 152316.081 Executing VM operation: get/set locals
Event: 152316.081 Executing VM operation: get/set locals done
Event: 152316.082 Executing VM operation: get/set locals
Event: 152316.082 Executing VM operation: get/set locals done
Event: 152316.083 Executing VM operation: get/set locals
Event: 152316.083 Executing VM operation: get/set locals done
Event: 152316.084 Executing VM operation: get/set locals
Event: 152316.084 Executing VM operation: get/set locals done
Event: 152316.085 Executing VM operation: get/set locals
Event: 152316.085 Executing VM operation: get/set locals done
Event: 152316.086 Executing VM operation: get/set locals
Event: 152316.086 Executing VM operation: get/set locals done
Event: 152316.089 Executing VM operation: get/set locals
Event: 152316.090 Executing VM operation: get/set locals done
Event: 152316.093 Executing VM operation: get/set locals
Event: 152316.093 Executing VM operation: get/set locals done

Events (20 events):
Event: 2.951 loading class java/util/function/BooleanSupplier
Event: 2.951 loading class java/util/function/BooleanSupplier done
Event: 2.994 loading class java/util/ArrayList$ListItr
Event: 2.994 loading class java/util/ArrayList$ListItr done
Event: 3.002 loading class sun/nio/ch/FileDispatcherImpl
Event: 3.002 loading class sun/nio/ch/FileDispatcher
Event: 3.002 loading class sun/nio/ch/FileDispatcher done
Event: 3.002 loading class sun/nio/ch/FileDispatcherImpl done
Event: 3.011 loading class sun/nio/ch/IOStatus
Event: 3.011 loading class sun/nio/ch/IOStatus done
Event: 3.028 loading class java/util/AbstractList$ListItr
Event: 3.028 loading class java/util/AbstractList$Itr
Event: 3.029 loading class java/util/AbstractList$Itr done
Event: 3.029 loading class java/util/AbstractList$ListItr done
Event: 3.041 loading class java/time/format/DateTimeParseException
Event: 3.042 loading class java/time/DateTimeException
Event: 3.042 loading class java/time/DateTimeException done
Event: 3.042 loading class java/time/format/DateTimeParseException done
Event: 3.092 loading class java/util/stream/SortedOps$RefSortingSink
Event: 3.092 loading class java/util/stream/SortedOps$RefSortingSink done


Dynamic libraries:
0x000000010e4b2000 	/Users/jt/Library/Java/JavaVirtualMachines/openjdk-17/Contents/Home/lib/libjli.dylib
0x00007ff824b40000 	/usr/lib/libz.1.dylib
0x00007ff824c20000 	/usr/lib/libSystem.B.dylib
0x00007ff824c1b000 	/usr/lib/system/libcache.dylib
0x00007ff824bd7000 	/usr/lib/system/libcommonCrypto.dylib
0x00007ff824c00000 	/usr/lib/system/libcompiler_rt.dylib
0x00007ff824bf6000 	/usr/lib/system/libcopyfile.dylib
0x00007ff819b94000 	/usr/lib/system/libcorecrypto.dylib
0x00007ff819c53000 	/usr/lib/system/libdispatch.dylib
0x00007ff819e12000 	/usr/lib/system/libdyld.dylib
0x00007ff824c12000 	/usr/lib/system/libkeymgr.dylib
0x00007ff824bb5000 	/usr/lib/system/libmacho.dylib
0x00007ff82424c000 	/usr/lib/system/libquarantine.dylib
0x00007ff824c10000 	/usr/lib/system/libremovefile.dylib
0x00007ff81ed6a000 	/usr/lib/system/libsystem_asl.dylib
0x00007ff819b42000 	/usr/lib/system/libsystem_blocks.dylib
0x00007ff819cd7000 	/usr/lib/system/libsystem_c.dylib
0x00007ff824c08000 	/usr/lib/system/libsystem_collections.dylib
0x00007ff823433000 	/usr/lib/system/libsystem_configuration.dylib
0x00007ff8226f5000 	/usr/lib/system/libsystem_containermanager.dylib
0x00007ff8248f4000 	/usr/lib/system/libsystem_coreservices.dylib
0x00007ff81c438000 	/usr/lib/system/libsystem_darwin.dylib
0x00007ff824c13000 	/usr/lib/system/libsystem_dnssd.dylib
0x00007ff819cd4000 	/usr/lib/system/libsystem_featureflags.dylib
0x00007ff819e28000 	/usr/lib/system/libsystem_info.dylib
0x00007ff824b53000 	/usr/lib/system/libsystem_m.dylib
0x00007ff819c27000 	/usr/lib/system/libsystem_malloc.dylib
0x00007ff81ed07000 	/usr/lib/system/libsystem_networkextension.dylib
0x00007ff81c860000 	/usr/lib/system/libsystem_notify.dylib
0x00007ff82ad51000 	/usr/lib/system/libsystem_product_info_filter.dylib
0x00007ff823437000 	/usr/lib/system/libsystem_sandbox.dylib
0x00007ff824c0d000 	/usr/lib/system/libsystem_secinit.dylib
0x00007ff819dcf000 	/usr/lib/system/libsystem_kernel.dylib
0x00007ff819e1e000 	/usr/lib/system/libsystem_platform.dylib
0x00007ff819e06000 	/usr/lib/system/libsystem_pthread.dylib
0x00007ff8205bb000 	/usr/lib/system/libsystem_symptoms.dylib
0x00007ff819b7b000 	/usr/lib/system/libsystem_trace.dylib
0x00007ff824be3000 	/usr/lib/system/libunwind.dylib
0x00007ff819b44000 	/usr/lib/system/libxpc.dylib
0x00007ff819db9000 	/usr/lib/libc++abi.dylib
0x00007ff819c9a000 	/usr/lib/libobjc.A.dylib
0x00007ff824bee000 	/usr/lib/liboah.dylib
0x00007ff819d60000 	/usr/lib/libc++.1.dylib
0x00007ff830a80000 	/System/Library/Frameworks/Cocoa.framework/Versions/A/Cocoa
0x00007ff81c8be000 	/System/Library/Frameworks/AppKit.framework/Versions/C/AppKit
0x00007ff81fdab000 	/System/Library/Frameworks/CoreData.framework/Versions/A/CoreData
0x00007ff81acd9000 	/System/Library/Frameworks/Foundation.framework/Versions/C/Foundation
0x00007ff81d74b000 	/System/Library/PrivateFrameworks/UIFoundation.framework/Versions/A/UIFoundation
0x00007ff82aa58000 	/System/Library/PrivateFrameworks/RemoteViewServices.framework/Versions/A/RemoteViewServices
0x00007ff822dcc000 	/System/Library/PrivateFrameworks/XCTTargetBootstrap.framework/Versions/A/XCTTargetBootstrap
0x00007ff826a2f000 	/System/Library/PrivateFrameworks/InternationalSupport.framework/Versions/A/InternationalSupport
0x00007ff826ab9000 	/System/Library/PrivateFrameworks/UserActivity.framework/Versions/A/UserActivity
0x00007ff825e0f000 	/usr/lib/libspindump.dylib
0x00007ff81d9d9000 	/System/Library/Frameworks/UniformTypeIdentifiers.framework/Versions/A/UniformTypeIdentifiers
0x00007ff82150b000 	/usr/lib/libapp_launch_measurement.dylib
0x00007ff820775000 	/System/Library/PrivateFrameworks/CoreAnalytics.framework/Versions/A/CoreAnalytics
0x00007ff82150e000 	/System/Library/PrivateFrameworks/CoreAutoLayout.framework/Versions/A/CoreAutoLayout
0x00007ff82272d000 	/System/Library/Frameworks/Metal.framework/Versions/A/Metal
0x00007ff823442000 	/usr/lib/liblangid.dylib
0x00007ff822dd0000 	/System/Library/PrivateFrameworks/CoreSVG.framework/Versions/A/CoreSVG
0x00007ff81ed9b000 	/System/Library/PrivateFrameworks/SkyLight.framework/Versions/A/SkyLight
0x00007ff81f12c000 	/System/Library/Frameworks/CoreGraphics.framework/Versions/A/CoreGraphics
0x00007ff82b0c3000 	/System/Library/Frameworks/Accelerate.framework/Versions/A/Accelerate
0x00007ff82588a000 	/System/Library/PrivateFrameworks/IconServices.framework/Versions/A/IconServices
0x00007ff822712000 	/System/Library/Frameworks/IOSurface.framework/Versions/A/IOSurface
0x00007ff8207a3000 	/usr/lib/libDiagnosticMessagesClient.dylib
0x00007ff82e722000 	/System/Library/Frameworks/ApplicationServices.framework/Versions/A/ApplicationServices
0x00007ff822db8000 	/System/Library/PrivateFrameworks/DFRFoundation.framework/Versions/A/DFRFoundation
0x00007ff81c1af000 	/usr/lib/libicucore.A.dylib
0x00007ff827751000 	/System/Library/Frameworks/AudioToolbox.framework/Versions/A/AudioToolbox
0x00007ff826a3b000 	/System/Library/PrivateFrameworks/DataDetectorsCore.framework/Versions/A/DataDetectorsCore
0x00007ff922281000 	/System/Library/PrivateFrameworks/TextInput.framework/Versions/A/TextInput
0x00007ff81ed1e000 	/usr/lib/libMobileGestalt.dylib
0x00007ff822ac0000 	/System/Library/Frameworks/Carbon.framework/Versions/A/Frameworks/HIToolbox.framework/Versions/A/HIToolbox
0x00007ff820f39000 	/System/Library/Frameworks/QuartzCore.framework/Versions/A/QuartzCore
0x00007ff81be50000 	/System/Library/Frameworks/Security.framework/Versions/A/Security
0x00007ff82aa90000 	/System/Library/Frameworks/Carbon.framework/Versions/A/Frameworks/SpeechRecognition.framework/Versions/A/SpeechRecognition
0x00007ff82126b000 	/System/Library/PrivateFrameworks/CoreUI.framework/Versions/A/CoreUI
0x00007ff81b72a000 	/System/Library/Frameworks/CoreAudio.framework/Versions/A/CoreAudio
0x00007ff820891000 	/System/Library/Frameworks/DiskArbitration.framework/Versions/A/DiskArbitration
0x00007ff8261f6000 	/System/Library/PrivateFrameworks/MultitouchSupport.framework/Versions/A/MultitouchSupport
0x00007ff81ed1d000 	/usr/lib/libenergytrace.dylib
0x00007ff81c7aa000 	/System/Library/Frameworks/IOKit.framework/Versions/A/IOKit
0x00007ff82ae7a000 	/System/Library/Frameworks/CoreServices.framework/Versions/A/CoreServices
0x00007ff8214a5000 	/System/Library/PrivateFrameworks/PerformanceAnalysis.framework/Versions/A/PerformanceAnalysis
0x00007ffa31842000 	/System/Library/Frameworks/OpenGL.framework/Versions/A/OpenGL
0x00007ff824178000 	/System/Library/PrivateFrameworks/MobileKeyBag.framework/Versions/A/MobileKeyBag
0x00007ff81f7f8000 	/System/Library/Frameworks/ColorSync.framework/Versions/A/ColorSync
0x00007ff819e53000 	/System/Library/Frameworks/CoreFoundation.framework/Versions/A/CoreFoundation
0x00007ff823049000 	/System/Library/Frameworks/CoreImage.framework/Versions/A/CoreImage
0x00007ff81b540000 	/System/Library/Frameworks/CoreText.framework/Versions/A/CoreText
0x00007ff822dff000 	/System/Library/Frameworks/ImageIO.framework/Versions/A/ImageIO
0x00007ff824c26000 	/System/Library/PrivateFrameworks/SoftLinking.framework/Versions/A/SoftLinking
0x00007ff821556000 	/usr/lib/libxml2.2.dylib
0x00007ff824ea9000 	/usr/lib/libcompression.dylib
0x00007ff826965000 	/System/Library/PrivateFrameworks/TextureIO.framework/Versions/A/TextureIO
0x00007ff82559c000 	/usr/lib/libate.dylib
0x00007ff82537a000 	/usr/lib/liblzma.5.dylib
0x00007ff81a9ea000 	/System/Library/Frameworks/SystemConfiguration.framework/Versions/A/SystemConfiguration
0x00007ff824c22000 	/usr/lib/libfakelink.dylib
0x00007ff81e871000 	/System/Library/Frameworks/CFNetwork.framework/Versions/A/CFNetwork
0x00007ff824d61000 	/usr/lib/libarchive.2.dylib
0x00007ff82343e000 	/System/Library/PrivateFrameworks/AppleSystemInfo.framework/Versions/A/AppleSystemInfo
0x00007ff824272000 	/usr/lib/libbsm.0.dylib
0x00007ff81dea8000 	/usr/lib/libnetwork.dylib
0x00007ff824bbb000 	/usr/lib/system/libkxld.dylib
0x00007ff823ea1000 	/System/Library/PrivateFrameworks/IOMobileFramebuffer.framework/Versions/A/IOMobileFramebuffer
0x00007ffb2f32b000 	/usr/lib/libCoreEntitlements.dylib
0x00007ff8248d6000 	/System/Library/PrivateFrameworks/AppleFSCompression.framework/Versions/A/AppleFSCompression
0x00007ff82425b000 	/usr/lib/libcoretls.dylib
0x00007ff825394000 	/usr/lib/libcoretls_cfhelpers.dylib
0x00007ff824ea4000 	/usr/lib/libpam.2.dylib
0x00007ff8201dd000 	/usr/lib/libsqlite3.dylib
0x00007ff825403000 	/usr/lib/libxar.1.dylib
0x00007ff8248e6000 	/usr/lib/libbz2.1.0.dylib
0x00007ff824c27000 	/usr/lib/libpcap.A.dylib
0x00007ff8205b2000 	/usr/lib/libdns_services.dylib
0x00007ff824e73000 	/usr/lib/libapple_nghttp2.dylib
0x00007ff824c5e000 	/usr/lib/libiconv.2.dylib
0x00007ff824bb4000 	/usr/lib/libcharset.1.dylib
0x00007ff8214d9000 	/System/Library/Frameworks/CoreServices.framework/Versions/A/Frameworks/FSEvents.framework/Versions/A/FSEvents
0x00007ff81c442000 	/System/Library/Frameworks/CoreServices.framework/Versions/A/Frameworks/CarbonCore.framework/Versions/A/CarbonCore
0x00007ff8207f6000 	/System/Library/Frameworks/CoreServices.framework/Versions/A/Frameworks/Metadata.framework/Versions/A/Metadata
0x00007ff8248f9000 	/System/Library/Frameworks/CoreServices.framework/Versions/A/Frameworks/OSServices.framework/Versions/A/OSServices
0x00007ff824de7000 	/System/Library/Frameworks/CoreServices.framework/Versions/A/Frameworks/SearchKit.framework/Versions/A/SearchKit
0x00007ff820544000 	/System/Library/Frameworks/CoreServices.framework/Versions/A/Frameworks/AE.framework/Versions/A/AE
0x00007ff81a356000 	/System/Library/Frameworks/CoreServices.framework/Versions/A/Frameworks/LaunchServices.framework/Versions/A/LaunchServices
0x00007ff82532b000 	/System/Library/Frameworks/CoreServices.framework/Versions/A/Frameworks/DictionaryServices.framework/Versions/A/DictionaryServices
0x00007ff8214e6000 	/System/Library/Frameworks/CoreServices.framework/Versions/A/Frameworks/SharedFileList.framework/Versions/A/SharedFileList
0x00007ff82424f000 	/usr/lib/libCheckFix.dylib
0x00007ff81ed81000 	/System/Library/PrivateFrameworks/TCC.framework/Versions/A/TCC
0x00007ff823444000 	/System/Library/PrivateFrameworks/CoreNLP.framework/Versions/A/CoreNLP
0x00007ff8207a6000 	/System/Library/PrivateFrameworks/MetadataUtilities.framework/Versions/A/MetadataUtilities
0x00007ff81aa9a000 	/usr/lib/libmecabra.dylib
0x00007ff824282000 	/usr/lib/libmecab.dylib
0x00007ff81aa65000 	/usr/lib/libCRFSuite.dylib
0x00007ff8242df000 	/usr/lib/libgermantok.dylib
0x00007ff824e4e000 	/usr/lib/libThaiTokenizer.dylib
0x00007ff820898000 	/System/Library/Frameworks/Accelerate.framework/Versions/A/Frameworks/vImage.framework/Versions/A/vImage
0x00007ff82ae51000 	/System/Library/Frameworks/Accelerate.framework/Versions/A/Frameworks/vecLib.framework/Versions/A/vecLib
0x00007ff825444000 	/System/Library/Frameworks/Accelerate.framework/Versions/A/Frameworks/vecLib.framework/Versions/A/libvMisc.dylib
0x00007ff823cbf000 	/System/Library/Frameworks/Accelerate.framework/Versions/A/Frameworks/vecLib.framework/Versions/A/libvDSP.dylib
0x00007ff81a6ce000 	/System/Library/Frameworks/Accelerate.framework/Versions/A/Frameworks/vecLib.framework/Versions/A/libBLAS.dylib
0x00007ff824f85000 	/System/Library/Frameworks/Accelerate.framework/Versions/A/Frameworks/vecLib.framework/Versions/A/libLAPACK.dylib
0x00007ff8242e2000 	/System/Library/Frameworks/Accelerate.framework/Versions/A/Frameworks/vecLib.framework/Versions/A/libLinearAlgebra.dylib
0x00007ff824e8c000 	/System/Library/Frameworks/Accelerate.framework/Versions/A/Frameworks/vecLib.framework/Versions/A/libSparseBLAS.dylib
0x00007ff824f7f000 	/System/Library/Frameworks/Accelerate.framework/Versions/A/Frameworks/vecLib.framework/Versions/A/libQuadrature.dylib
0x00007ff82352e000 	/System/Library/Frameworks/Accelerate.framework/Versions/A/Frameworks/vecLib.framework/Versions/A/libBNNS.dylib
0x00007ff81a97b000 	/System/Library/Frameworks/Accelerate.framework/Versions/A/Frameworks/vecLib.framework/Versions/A/libSparse.dylib
0x00007ff823527000 	/System/Library/PrivateFrameworks/LinguisticData.framework/Versions/A/LinguisticData
0x00007ff81a930000 	/System/Library/PrivateFrameworks/Lexicon.framework/Versions/A/Lexicon
0x00007ff82543d000 	/usr/lib/libChineseTokenizer.dylib
0x00007ff81b094000 	/System/Library/PrivateFrameworks/LanguageModeling.framework/Versions/A/LanguageModeling
0x00007ff824e50000 	/System/Library/PrivateFrameworks/AppleSauce.framework/Versions/A/AppleSauce
0x00007ff823e8f000 	/System/Library/PrivateFrameworks/CoreEmoji.framework/Versions/A/CoreEmoji
0x00007ff824d50000 	/usr/lib/libcmph.dylib
0x00007ff8214bd000 	/System/Library/Frameworks/OpenDirectory.framework/Versions/A/Frameworks/CFOpenDirectory.framework/Versions/A/CFOpenDirectory
0x00007ff8214b1000 	/System/Library/Frameworks/OpenDirectory.framework/Versions/A/OpenDirectory
0x00007ff825396000 	/System/Library/PrivateFrameworks/APFS.framework/Versions/A/APFS
0x00007ff8241b0000 	/System/Library/Frameworks/SecurityFoundation.framework/Versions/A/SecurityFoundation
0x00007ff825411000 	/usr/lib/libutil.dylib
0x00007ff81c76d000 	/System/Library/PrivateFrameworks/CoreServicesStore.framework/Versions/A/CoreServicesStore
0x00007ff825415000 	/usr/lib/libxslt.1.dylib
0x00007ff82423d000 	/System/Library/PrivateFrameworks/BackgroundTaskManagement.framework/Versions/A/BackgroundTaskManagement
0x00007ff826885000 	/System/Library/Frameworks/ImageIO.framework/Versions/A/Resources/libRadiance.dylib
0x00007ff82688e000 	/System/Library/Frameworks/ImageIO.framework/Versions/A/Resources/libJPEG.dylib
0x00007ff8267de000 	/System/Library/Frameworks/ImageIO.framework/Versions/A/Resources/libPng.dylib
0x00007ff8267ff000 	/System/Library/Frameworks/ImageIO.framework/Versions/A/Resources/libTIFF.dylib
0x00007ff8268ee000 	/System/Library/Frameworks/ImageIO.framework/Versions/A/Resources/libGIF.dylib
0x00007ff82610f000 	/System/Library/Frameworks/ImageIO.framework/Versions/A/Resources/libJP2.dylib
0x00007ff825851000 	/usr/lib/libexpat.1.dylib
0x00007ff8260c4000 	/System/Library/PrivateFrameworks/AppleJPEG.framework/Versions/A/AppleJPEG
0x00007ff822987000 	/System/Library/PrivateFrameworks/FontServices.framework/libFontParser.dylib
0x00007ff8204ee000 	/System/Library/PrivateFrameworks/RunningBoardServices.framework/Versions/A/RunningBoardServices
0x00007ff830ff1000 	/System/Library/PrivateFrameworks/IOSurfaceAccelerator.framework/Versions/A/IOSurfaceAccelerator
0x00007ff8261f2000 	/System/Library/PrivateFrameworks/WatchdogClient.framework/Versions/A/WatchdogClient
0x00007ff81b183000 	/System/Library/Frameworks/CoreDisplay.framework/Versions/A/CoreDisplay
0x00007ff822887000 	/System/Library/Frameworks/CoreMedia.framework/Versions/A/CoreMedia
0x00007ff822724000 	/System/Library/PrivateFrameworks/IOAccelerator.framework/Versions/A/IOAccelerator
0x00007ff821639000 	/System/Library/Frameworks/CoreVideo.framework/Versions/A/CoreVideo
0x00007ff824ea2000 	/System/Library/Frameworks/MetalPerformanceShaders.framework/Versions/A/MetalPerformanceShaders
0x00007ff82622d000 	/System/Library/Frameworks/VideoToolbox.framework/Versions/A/VideoToolbox
0x00007ff820436000 	/System/Library/PrivateFrameworks/BaseBoard.framework/Versions/A/BaseBoard
0x00007ff8201c3000 	/System/Library/PrivateFrameworks/ProtocolBuffer.framework/Versions/A/ProtocolBuffer
0x00007ff82687e000 	/System/Library/PrivateFrameworks/GPUWrangler.framework/Versions/A/GPUWrangler
0x00007ff826861000 	/System/Library/PrivateFrameworks/IOPresentment.framework/Versions/A/IOPresentment
0x00007ff826888000 	/System/Library/PrivateFrameworks/DSExternalDisplay.framework/Versions/A/DSExternalDisplay
0x00007ffa31836000 	/System/Library/Frameworks/OpenGL.framework/Versions/A/Libraries/libCoreFSCache.dylib
0x00007ffb1d92a000 	/System/Library/PrivateFrameworks/GPUCompiler.framework/Versions/31001/Libraries/libGPUCompilerUtils.dylib
0x00007ff8268f3000 	/System/Library/PrivateFrameworks/CMCaptureCore.framework/Versions/A/CMCaptureCore
0x00007ff825dfd000 	/System/Library/PrivateFrameworks/AppServerSupport.framework/Versions/A/AppServerSupport
0x00007ff827fce000 	/System/Library/PrivateFrameworks/perfdata.framework/Versions/A/perfdata
0x00007ff81b2af000 	/System/Library/PrivateFrameworks/AudioToolboxCore.framework/Versions/A/AudioToolboxCore
0x00007ff822864000 	/System/Library/PrivateFrameworks/caulk.framework/Versions/A/caulk
0x00007ff8278fb000 	/usr/lib/libAudioStatistics.dylib
0x00007ff91eb40000 	/System/Library/PrivateFrameworks/SystemPolicy.framework/Versions/A/SystemPolicy
0x00007ff827b47000 	/usr/lib/libSMC.dylib
0x00007ff830933000 	/System/Library/Frameworks/CoreMIDI.framework/Versions/A/CoreMIDI
0x00007ff8267ae000 	/usr/lib/libAudioToolboxUtility.dylib
0x00007ff91afc8000 	/System/Library/PrivateFrameworks/OSAServicesClient.framework/Versions/A/OSAServicesClient
0x00007ff827fdb000 	/usr/lib/libperfcheck.dylib
0x00007ff91f5cc000 	/usr/lib/libmis.dylib
0x00007ffa31892000 	/System/Library/Frameworks/OpenGL.framework/Versions/A/Libraries/libGLU.dylib
0x00007ffa31855000 	/System/Library/Frameworks/OpenGL.framework/Versions/A/Libraries/libGFXShared.dylib
0x00007ffa31a63000 	/System/Library/Frameworks/OpenGL.framework/Versions/A/Libraries/libGL.dylib
0x00007ffa3185e000 	/System/Library/Frameworks/OpenGL.framework/Versions/A/Libraries/libGLImage.dylib
0x00007ffa31852000 	/System/Library/Frameworks/OpenGL.framework/Versions/A/Libraries/libCVMSPluginSupport.dylib
0x00007ffa3183d000 	/System/Library/Frameworks/OpenGL.framework/Versions/A/Libraries/libCoreVMClient.dylib
0x00007ff8233c2000 	/System/Library/Frameworks/MetalPerformanceShaders.framework/Versions/A/Frameworks/MPSCore.framework/Versions/A/MPSCore
0x00007ff824841000 	/System/Library/Frameworks/MetalPerformanceShaders.framework/Versions/A/Frameworks/MPSImage.framework/Versions/A/MPSImage
0x00007ff8242f8000 	/System/Library/Frameworks/MetalPerformanceShaders.framework/Versions/A/Frameworks/MPSNeuralNetwork.framework/Versions/A/MPSNeuralNetwork
0x00007ff82476d000 	/System/Library/Frameworks/MetalPerformanceShaders.framework/Versions/A/Frameworks/MPSMatrix.framework/Versions/A/MPSMatrix
0x00007ff824529000 	/System/Library/Frameworks/MetalPerformanceShaders.framework/Versions/A/Frameworks/MPSRayIntersector.framework/Versions/A/MPSRayIntersector
0x00007ff8247a6000 	/System/Library/Frameworks/MetalPerformanceShaders.framework/Versions/A/Frameworks/MPSNDArray.framework/Versions/A/MPSNDArray
0x00007ffa3643b000 	/System/Library/Frameworks/MetalPerformanceShaders.framework/Versions/A/Frameworks/MPSFunctions.framework/Versions/A/MPSFunctions
0x00007ff81a5b1000 	/System/Library/PrivateFrameworks/MetalTools.framework/Versions/A/MetalTools
0x00007ff82343c000 	/System/Library/PrivateFrameworks/AggregateDictionary.framework/Versions/A/AggregateDictionary
0x00007ff825633000 	/usr/lib/libIOReport.dylib
0x00007ffa32e72000 	/System/Library/Frameworks/OpenCL.framework/Versions/A/OpenCL
0x00007ff825997000 	/System/Library/PrivateFrameworks/FaceCore.framework/Versions/A/FaceCore
0x00007ff825988000 	/System/Library/PrivateFrameworks/GraphVisualizer.framework/Versions/A/GraphVisualizer
0x00007ffb1d835000 	/System/Library/PrivateFrameworks/FontServices.framework/Versions/A/FontServices
0x00007ff825db4000 	/System/Library/PrivateFrameworks/OTSVG.framework/Versions/A/OTSVG
0x00007ff821221000 	/System/Library/Frameworks/ApplicationServices.framework/Versions/A/Frameworks/ATS.framework/Versions/A/Resources/libFontRegistry.dylib
0x00007ff825e05000 	/System/Library/PrivateFrameworks/FontServices.framework/libhvf.dylib
0x00007ffb1d836000 	/System/Library/PrivateFrameworks/FontServices.framework/libXTFontStaticRegistryData.dylib
0x00007ff825801000 	/System/Library/PrivateFrameworks/AppleVA.framework/Versions/A/AppleVA
0x00007ff82791b000 	/System/Library/Frameworks/ApplicationServices.framework/Versions/A/Frameworks/ATS.framework/Versions/A/ATS
0x00007ff81f8f4000 	/System/Library/Frameworks/ApplicationServices.framework/Versions/A/Frameworks/HIServices.framework/Versions/A/HIServices
0x00007ff8268fd000 	/System/Library/Frameworks/ApplicationServices.framework/Versions/A/Frameworks/PrintCore.framework/Versions/A/PrintCore
0x00007ff827c9a000 	/System/Library/Frameworks/ApplicationServices.framework/Versions/A/Frameworks/QD.framework/Versions/A/QD
0x00007ff827c92000 	/System/Library/Frameworks/ApplicationServices.framework/Versions/A/Frameworks/ColorSyncLegacy.framework/Versions/A/ColorSyncLegacy
0x00007ff82790b000 	/System/Library/Frameworks/ApplicationServices.framework/Versions/A/Frameworks/SpeechSynthesis.framework/Versions/A/SpeechSynthesis
0x00007ff8268be000 	/System/Library/Frameworks/ApplicationServices.framework/Versions/A/Frameworks/ATSUI.framework/Versions/A/ATSUI
0x00007ff827c27000 	/usr/lib/libcups.2.dylib
0x00007ff827fea000 	/System/Library/Frameworks/Kerberos.framework/Versions/A/Kerberos
0x00007ff827ff9000 	/System/Library/Frameworks/GSS.framework/Versions/A/GSS
0x00007ff827987000 	/usr/lib/libresolv.9.dylib
0x00007ff825e14000 	/System/Library/PrivateFrameworks/Heimdal.framework/Versions/A/Heimdal
0x00007ff82ea9d000 	/System/Library/Frameworks/Kerberos.framework/Versions/A/Libraries/libHeimdalProxy.dylib
0x00007ff8205c3000 	/System/Library/Frameworks/Network.framework/Versions/A/Network
0x00007ff82586b000 	/usr/lib/libheimdal-asn1.dylib
0x00007ff828044000 	/System/Library/PrivateFrameworks/CommonAuth.framework/Versions/A/CommonAuth
0x00007ff82788c000 	/System/Library/PrivateFrameworks/AudioSession.framework/Versions/A/AudioSession
0x00007ff8258fb000 	/System/Library/PrivateFrameworks/MediaExperience.framework/Versions/A/MediaExperience
0x00007ff827720000 	/System/Library/PrivateFrameworks/AudioSession.framework/libSessionUtility.dylib
0x00007ff827ca6000 	/System/Library/PrivateFrameworks/AudioResourceArbitration.framework/Versions/A/AudioResourceArbitration
0x00007ff825874000 	/System/Library/PrivateFrameworks/IconFoundation.framework/Versions/A/IconFoundation
0x00007ff82aa80000 	/System/Library/PrivateFrameworks/SpeechRecognitionCore.framework/Versions/A/SpeechRecognitionCore
0x000000010e4ec000 	/System/Library/CoreServices/Encodings/libCyrillicConverter.dylib
0x000000010f515000 	/Users/jt/Library/Java/JavaVirtualMachines/openjdk-17/Contents/Home/lib/server/libjvm.dylib
0x000000010e4f8000 	/Users/jt/Library/Java/JavaVirtualMachines/openjdk-17/Contents/Home/lib/libjimage.dylib
0x000000010e54c000 	/Users/jt/Library/Java/JavaVirtualMachines/openjdk-17/Contents/Home/lib/libjdwp.dylib
0x000000010e590000 	/Users/jt/Library/Java/JavaVirtualMachines/openjdk-17/Contents/Home/lib/libjava.dylib
0x000000010e508000 	/Users/jt/Library/Java/JavaVirtualMachines/openjdk-17/Contents/Home/lib/libinstrument.dylib
0x000000010e53a000 	/Users/jt/Library/Java/JavaVirtualMachines/openjdk-17/Contents/Home/lib/libdt_socket.dylib
0x000000010f42e000 	/Users/jt/Library/Java/JavaVirtualMachines/openjdk-17/Contents/Home/lib/libzip.dylib
0x000000010f45d000 	/Users/jt/Library/Java/JavaVirtualMachines/openjdk-17/Contents/Home/lib/libnio.dylib
0x000000010f497000 	/Users/jt/Library/Java/JavaVirtualMachines/openjdk-17/Contents/Home/lib/libnet.dylib
0x000000010f479000 	/Users/jt/Library/Java/JavaVirtualMachines/openjdk-17/Contents/Home/lib/libverify.dylib
0x000000010f41b000 	/Users/jt/Library/Java/JavaVirtualMachines/openjdk-17/Contents/Home/lib/libextnet.dylib


VM Arguments:
jvm_args: -XX:+ShowCodeDetailsInExceptionMessages -agentlib:jdwp=transport=dt_socket,suspend=y,address=localhost:58952 -ea -javaagent:/Users/jt/eclipse/java-2021-09/Eclipse.app/Contents/Eclipse/configuration/org.eclipse.osgi/213/0/.cp/lib/javaagent-shaded.jar -Dfile.encoding=UTF-8 
java_command: org.eclipse.jdt.internal.junit.runner.RemoteTestRunner -version 3 -port 58951 -testLoaderClass org.eclipse.jdt.internal.junit5.runner.JUnit5TestLoader -loaderpluginname org.eclipse.jdt.junit5.runtime -classNames telran.util.ListTest
java_class_path (initial): /Users/jt/eclipse-workspace-42/list-test/bin:/Users/jt/.p2/pool/plugins/org.junit.jupiter.api_5.7.1.v20210222-1948.jar:/Users/jt/.p2/pool/plugins/org.junit.jupiter.engine_5.7.1.v20210222-1948.jar:/Users/jt/.p2/pool/plugins/org.junit.jupiter.migrationsupport_5.7.1.v20210222-1948.jar:/Users/jt/.p2/pool/plugins/org.junit.jupiter.params_5.7.1.v20210222-1948.jar:/Users/jt/.p2/pool/plugins/org.junit.platform.commons_1.7.1.v20210222-1948.jar:/Users/jt/.p2/pool/plugins/org.junit.platform.engine_1.7.1.v20210222-1948.jar:/Users/jt/.p2/pool/plugins/org.junit.platform.launcher_1.7.1.v20210222-1948.jar:/Users/jt/.p2/pool/plugins/org.junit.platform.runner_1.7.1.v20210222-1948.jar:/Users/jt/.p2/pool/plugins/org.junit.platform.suite.api_1.7.1.v20210222-1948.jar:/Users/jt/.p2/pool/plugins/org.junit.vintage.engine_5.7.1.v20210222-1948.jar:/Users/jt/.p2/pool/plugins/org.opentest4j_1.2.0.v20190826-0900.jar:/Users/jt/.p2/pool/plugins/org.apiguardian_1.1.0.v20190826-0900.jar:/Users/jt/.p2/pool/plugins/org.junit_4.13.0.v20200204-1500.jar:/Users/jt/.p2/pool/plugins/org.hamcrest.core_1.3.0.v20180420-1519.jar:/Users/jt/eclipse-workspace-42/list-inteface/bin:/Users/jt/eclipse-workspace-42/array-list/bin:/Users/jt/eclipse-workspace-42/linked-list/bin:/Users/jt/eclipse/java-2021-09/Eclipse.app/Contents/Eclipse/configuration/org.eclipse.osgi/212/0/.cp:/Users/jt/eclipse/java-2021-09/Eclipse.app/Contents/Eclipse/configuration/org.eclipse.osgi/210/0/.cp
Launcher Type: SUN_STANDARD

[Global flags]
     intx CICompilerCount                          = 3                                         {product} {ergonomic}
     uint ConcGCThreads                            = 1                                         {product} {ergonomic}
     uint G1ConcRefinementThreads                  = 4                                         {product} {ergonomic}
   size_t G1HeapRegionSize                         = 1048576                                   {product} {ergonomic}
    uintx GCDrainStackTargetSize                   = 64                                        {product} {ergonomic}
   size_t InitialHeapSize                          = 134217728                                 {product} {ergonomic}
   size_t MarkStackSize                            = 4194304                                   {product} {ergonomic}
   size_t MaxHeapSize                              = 2147483648                                {product} {ergonomic}
   size_t MaxNewSize                               = 1287651328                                {product} {ergonomic}
   size_t MinHeapDeltaBytes                        = 1048576                                   {product} {ergonomic}
   size_t MinHeapSize                              = 8388608                                   {product} {ergonomic}
    uintx NonNMethodCodeHeapSize                   = 5832780                                {pd product} {ergonomic}
    uintx NonProfiledCodeHeapSize                  = 122912730                              {pd product} {ergonomic}
    uintx ProfiledCodeHeapSize                     = 122912730                              {pd product} {ergonomic}
    uintx ReservedCodeCacheSize                    = 251658240                              {pd product} {ergonomic}
     bool SegmentedCodeCache                       = true                                      {product} {ergonomic}
     bool ShowCodeDetailsInExceptionMessages       = true                                   {manageable} {command line}
   size_t SoftMaxHeapSize                          = 2147483648                             {manageable} {ergonomic}
     bool UseCompressedClassPointers               = true                           {product lp64_product} {ergonomic}
     bool UseCompressedOops                        = true                           {product lp64_product} {ergonomic}
     bool UseG1GC                                  = true                                      {product} {ergonomic}
     bool UseNUMA                                  = false                                     {product} {ergonomic}
     bool UseNUMAInterleaving                      = false                                     {product} {ergonomic}

Logging:
Log output configuration:
 #0: stdout all=warning uptime,level,tags
 #1: stderr all=off uptime,level,tags

Environment Variables:
PATH=/usr/bin:/bin:/usr/sbin:/sbin
SHELL=/bin/bash
DISPLAY=/private/tmp/com.apple.launchd.et8Fa4gnTL/org.macosforge.xquartz:0

Signal Handlers:
   SIGSEGV: _ZL13crash_handleriP9__siginfoPv in libjvm.dylib, mask=11100110000111110111111111111111, flags=SA_RESTART|SA_SIGINFO
    SIGBUS: _ZL13crash_handleriP9__siginfoPv in libjvm.dylib, mask=11100110000111110111111111111111, flags=SA_RESTART|SA_SIGINFO
    SIGFPE: _ZL13crash_handleriP9__siginfoPv in libjvm.dylib, mask=11100110000111110111111111111111, flags=SA_RESTART|SA_SIGINFO
   SIGPIPE: _ZL17javaSignalHandleriP9__siginfoPv in libjvm.dylib, mask=11100110000111110111111111111111, flags=SA_RESTART|SA_SIGINFO
   SIGXFSZ: _ZL17javaSignalHandleriP9__siginfoPv in libjvm.dylib, mask=11100110000111110111111111111111, flags=SA_RESTART|SA_SIGINFO
    SIGILL: _ZL13crash_handleriP9__siginfoPv in libjvm.dylib, mask=11100110000111110111111111111111, flags=SA_RESTART|SA_SIGINFO
   SIGUSR2: _ZL10SR_handleriP9__siginfoP17__darwin_ucontext in libjvm.dylib, mask=00100000000000000000000000000000, flags=SA_RESTART|SA_SIGINFO
    SIGHUP: _ZL11UserHandleriPvS_ in libjvm.dylib, mask=11100110000111110111111111111111, flags=SA_RESTART|SA_SIGINFO
    SIGINT: _ZL11UserHandleriPvS_ in libjvm.dylib, mask=11100110000111110111111111111111, flags=SA_RESTART|SA_SIGINFO
   SIGTERM: _ZL11UserHandleriPvS_ in libjvm.dylib, mask=11100110000111110111111111111111, flags=SA_RESTART|SA_SIGINFO
   SIGQUIT: _ZL11UserHandleriPvS_ in libjvm.dylib, mask=11100110000111110111111111111111, flags=SA_RESTART|SA_SIGINFO
   SIGTRAP: _ZL13crash_handleriP9__siginfoPv in libjvm.dylib, mask=11100110000111110111111111111111, flags=SA_RESTART|SA_SIGINFO


---------------  S Y S T E M  ---------------

OS:
uname: Darwin 21.1.0 Darwin Kernel Version 21.1.0: Wed Oct 13 17:33:23 PDT 2021; root:xnu-8019.41.5~1/RELEASE_X86_64 x86_64
OS uptime: 2 days 16:11 hours
rlimit (soft/hard): STACK 8192k/65532k , CORE 0k/infinity , NPROC 1392/2088 , NOFILE 10240/infinity , AS infinity/infinity , CPU infinity/infinity , DATA infinity/infinity , FSIZE infinity/infinity , MEMLOCK infinity/infinity , RSS infinity/infinity
load average: 16.56 18.46 16.56

CPU: total 4 (initial active 4) (2 cores per cpu, 2 threads per core) family 6 model 61 stepping 4 microcode 0x2f, cx8, cmov, fxsr, ht, mmx, 3dnowpref, sse, sse2, sse3, ssse3, sse4.1, sse4.2, popcnt, lzcnt, tsc, tscinvbit, avx, avx2, aes, erms, clmul, bmi1, bmi2, adx, fma, vzeroupper, clflush

Memory: 4k page, physical 8388608k(126660k free), swap 1048576k(721408k free)

vm_info: OpenJDK 64-Bit Server VM (17+35-2724) for bsd-amd64 JRE (17+35-2724), built on Aug  5 2021 22:31:25 by "mach5one" with clang Apple LLVM 12.0.0 (clang-1200.0.32.29)

END.
