#
# A fatal error has been detected by the Java Runtime Environment:
#
#  SIGSEGV (0xb) at pc=0x00000001086f15bd, pid=31623, tid=40711
#
# JRE version: OpenJDK Runtime Environment (17.0+35) (build 17+35-2724)
# Java VM: OpenJDK 64-Bit Server VM (17+35-2724, mixed mode, sharing, tiered, compressed oops, compressed class ptrs, g1 gc, bsd-amd64)
# Problematic frame:
# V  [libjvm.dylib+0x9a35bd]  _ZNK6Symbol11as_C_stringEv+0xd
#
# No core dump will be written. Core dumps have been disabled. To enable core dumping, try "ulimit -c unlimited" before starting Java again
#
# If you would like to submit a bug report, please visit:
#   https://bugreport.java.com/bugreport/crash.jsp
#

---------------  S U M M A R Y ------------

Command Line: -XX:+ShowCodeDetailsInExceptionMessages -agentlib:jdwp=transport=dt_socket,suspend=y,address=localhost:61863 -ea -javaagent:/Users/jt/eclipse/java-2021-09/Eclipse.app/Contents/Eclipse/configuration/org.eclipse.osgi/213/0/.cp/lib/javaagent-shaded.jar -Dfile.encoding=UTF-8 org.eclipse.jdt.internal.junit.runner.RemoteTestRunner -version 3 -port 61859 -testLoaderClass org.eclipse.jdt.internal.junit5.runner.JUnit5TestLoader -loaderpluginname org.eclipse.jdt.junit5.runtime -classNames telran.util.ListTest

Host: "MacBookPro12,1" x86_64 2700 MHz, 4 cores, 8G, Darwin 20.6.0, macOS 11.6 (20G165)
Time: Thu Oct 28 00:54:50 2021 IDT elapsed time: 2353.523658 seconds (0d 0h 39m 13s)

---------------  T H R E A D  ---------------

Current thread (0x00007ff41c010e00):  JavaThread "JDWP Transport Listener: dt_socket" daemon [_thread_in_vm, id=40711, stack(0x0000700001349000,0x0000700001449000)]

Stack: [0x0000700001349000,0x0000700001449000],  sp=0x0000700001448a70,  free space=1022k
Native frames: (J=compiled Java code, j=interpreted, Vv=VM code, C=native code)
V  [libjvm.dylib+0x9a35bd]  _ZNK6Symbol11as_C_stringEv+0xd
V  [libjvm.dylib+0x6af64a]  _ZN8JvmtiEnv17GetClassSignatureEP7oopDescPPcS3_+0x14a
V  [libjvm.dylib+0x66e9fa]  _ZL23jvmti_GetClassSignatureP9_jvmtiEnvP7_jclassPPcS4_+0x15a
C  [libjdwp.dylib+0x2a70a]  classSignature+0x7a
C  [libjdwp.dylib+0xb0be]  allClasses1+0x13e
C  [libjdwp.dylib+0xac41]  allClassesWithGeneric+0x11
C  [libjdwp.dylib+0x10963]  debugLoop_run+0x1f3
C  [libjdwp.dylib+0x24f46]  attachThread+0x76
V  [libjvm.dylib+0x6c8947]  _ZN16JvmtiAgentThread19call_start_functionEv+0x87
V  [libjvm.dylib+0x9f0c37]  _ZN10JavaThread17thread_main_innerEv+0x147
V  [libjvm.dylib+0x9ef04a]  _ZN6Thread8call_runEv+0x11a
V  [libjvm.dylib+0x8834d8]  _ZL19thread_native_entryP6Thread+0x148
C  [libsystem_pthread.dylib+0x68fc]  _pthread_start+0xe0
C  [libsystem_pthread.dylib+0x2443]  thread_start+0xf


siginfo: si_signo: 11 (SIGSEGV), si_code: 1 (SEGV_MAPERR), si_addr: 0x0000000000670061

Register to memory mapping:

RAX=0x0000000126516768 is pointing into metadata
RBX=0x000000000067005d is an unknown value
RCX=0x0000000000000068 is an unknown value
RDX=0x0000000000000008 is an unknown value
RSP=0x0000700001448a70 is pointing into the stack for thread: 0x00007ff41c010e00
RBP=0x0000700001448a90 is pointing into the stack for thread: 0x00007ff41c010e00
RSI=0x00007ff41af0d670 points into unknown readable memory: 0x2f6e61726c65744c | 4c 74 65 6c 72 61 6e 2f
RDI=0x000000000067005d is an unknown value
R8 =0x000000000000ac87 is an unknown value
R9 =0x000000000000ac88 is an unknown value
R10=0x00000000ffffff7f is an unknown value
R11=0xfffffffffffa3270 is an unknown value
R12=0x00007ff41ad1b780 points into unknown readable memory: 0xe000000000000002 | 02 00 00 00 00 00 00 e0
R13=0x00007ff41af0da28 points into unknown readable memory: 0x0000000000000000 | 00 00 00 00 00 00 00 00
R14=0x0000000800cc5000 is a pointer to class: 
telran.util.ArrayList {0x0000000800cc5000}
 - instance size:     3
 - klass size:        102
 - access:            public synchronized 
 - state:             fully_initialized
 - name:              'telran/util/ArrayList'
 - super:             'java/lang/Object'
 - sub:               
 - arrays:            NULL
 - methods:           Array<T>(0x0000000126644d80)
 - method ordering:   Array<T>(0x0000000126645928)
 - default_methods:   Array<T>(0x000000012660ce50)
 - default vtable indices:   Array<T>(0x000000012660ce98)
 - local interfaces:  Array<T>(0x000000012660c228)
 - trans. interfaces: Array<T>(0x000000012660c228)
 - constants:         constant pool [106] {0x0000000126516768} for 'telran/util/ArrayList' cache=0x00000001264cf4b0
 - class loader data:  loader data: 0x00007ff41af14430 for instance a 'jdk/internal/loader/ClassLoaders$AppClassLoader'{0x0000000780000170}
 - source file:       'ArrayList.java'
 - source debug extension:       SMAP
ArrayList.java
Java
*S jdt
*F
1 ArrayList.java
2 file:/Users/jt/eclipse-workspace-42/array-list/bin/
*L
*E

 - class annotations:       Array<T>(0x0000000000000000)
 - class type annotations:  Array<T>(0x0000000000000000)
 - field annotations:       Array<T>(0x0000000000000000)
 - field type annotations:  Array<T>(0x0000000000000000)
 - generic signature: '
[error occurred during error reporting (printing register info), id 0xb, SIGSEGV (0xb) at pc=0x00000001086f2a12]

Registers:
RAX=0x0000000126516768, RBX=0x000000000067005d, RCX=0x0000000000000068, RDX=0x0000000000000008
RSP=0x0000700001448a70, RBP=0x0000700001448a90, RSI=0x00007ff41af0d670, RDI=0x000000000067005d
R8 =0x000000000000ac87, R9 =0x000000000000ac88, R10=0x00000000ffffff7f, R11=0xfffffffffffa3270
R12=0x00007ff41ad1b780, R13=0x00007ff41af0da28, R14=0x0000000800cc5000, R15=0x0000000000000000
RIP=0x00000001086f15bd, EFLAGS=0x0000000000010202, ERR=0x0000000000000004
  TRAPNO=0x000000000000000e

Top of Stack: (sp=0x0000700001448a70)
0x0000700001448a70:   0000000126516768 00007ff41aeb08e0
0x0000700001448a80:   0000000800cc5000 0000000000000000
0x0000700001448a90:   0000700001448b00 00000001083fd64a
0x0000700001448aa0:   00007ff41af0d640 00007ff41af0d650
0x0000700001448ab0:   00000000000003d8 0000700001448b78
0x0000700001448ac0:   0000700001448bd0 00007ff41ae05620
0x0000700001448ad0:   00007ff41af0da28 0000700001448b78
0x0000700001448ae0:   00007ff41ae05620 00007ff41c010e00
0x0000700001448af0:   0000000787e67af8 0000000000000015
0x0000700001448b00:   0000700001448b60 00000001083bc9fa
0x0000700001448b10:   00007ff41c010e00 0000000000000000
0x0000700001448b20:   00007ff400000000 0000000000000000
0x0000700001448b30:   0000700001448bd0 00007ff41af3b9b8
0x0000700001448b40:   0000700001448bc8 0000700001448c88
0x0000700001448b50:   0000700001448bd0 00007ff41af3b9b8
0x0000700001448b60:   0000700001448ba0 00000001051ae70a
0x0000700001448b70:   0000700001448ba0 00007ff41aeb08e0
0x0000700001448b80:   00007ff41af3b9b8 0000000000000007
0x0000700001448b90:   0000000000000001 0000000000000057
0x0000700001448ba0:   0000700001448c10 000000010518f0be
0x0000700001448bb0:   000000000000090a 00007ff41c0110a8
0x0000700001448bc0:   0000000100000008 0000000000000000
0x0000700001448bd0:   0000000000000000 000009ba0518f206
0x0000700001448be0:   00007ff41d10c800 000000010518ec30
0x0000700001448bf0:   00000001051b9458 00007ff41afbdb00
0x0000700001448c00:   0000700001448c88 0000700001448c30
0x0000700001448c10:   0000700001448c20 000000010518ec41
0x0000700001448c20:   0000700001448e40 0000000105194963
0x0000700001448c30:   0000000000000000 0000000000000000
0x0000700001448c40:   000092e20000000b 0000000108140100
0x0000700001448c50:   0000000000000000 00007ff41aea7a40
0x0000700001448c60:   00000001051b267d 00000001051b264d 

Instructions: (pc=0x00000001086f15bd)
0x00000001086f14bd:   88 4c 30 01 0f b6 4c 37 08 88 4c 30 02 0f b6 4c
0x00000001086f14cd:   37 09 88 4c 30 03 48 83 c6 04 49 39 f1 75 d4 e9
0x00000001086f14dd:   c4 00 00 00 44 89 ce 83 e6 e0 48 8d 4e e0 48 89
0x00000001086f14ed:   ca 48 c1 ea 05 48 ff c2 41 89 d2 41 83 e2 03 48
0x00000001086f14fd:   83 f9 60 73 04 31 d2 eb 63 4c 89 d1 48 29 d1 31
0x00000001086f150d:   d2 66 90 0f 10 44 17 06 0f 10 4c 17 16 0f 11 04
0x00000001086f151d:   10 0f 11 4c 10 10 0f 10 44 17 26 0f 10 4c 17 36
0x00000001086f152d:   0f 11 44 10 20 0f 11 4c 10 30 0f 10 44 17 46 0f
0x00000001086f153d:   10 4c 17 56 0f 11 44 10 40 0f 11 4c 10 50 0f 10
0x00000001086f154d:   44 17 66 0f 10 4c 17 76 0f 11 44 10 60 0f 11 4c
0x00000001086f155d:   10 70 48 83 ea 80 48 83 c1 04 75 a7 4d 85 d2 74
0x00000001086f156d:   2e 49 f7 da 66 2e 0f 1f 84 00 00 00 00 00 0f 1f
0x00000001086f157d:   44 00 00 0f 10 44 17 06 0f 10 4c 17 16 0f 11 04
0x00000001086f158d:   10 0f 11 4c 10 10 48 83 c2 20 49 ff c2 75 e4 4c
0x00000001086f159d:   39 ce 0f 85 d3 fe ff ff 49 63 c8 c6 04 08 00 5d
0x00000001086f15ad:   c3 66 90 55 48 89 e5 41 57 41 56 53 50 48 89 fb
0x00000001086f15bd:   44 0f b7 7f 04 49 8d 7f 01 45 31 f6 31 f6 e8 10
0x00000001086f15cd:   34 f6 ff 0f b7 4b 04 41 39 cf 41 0f 42 cf 85 c9
0x00000001086f15dd:   0f 8e 52 01 00 00 41 89 ce 83 f9 20 72 19 49 8d
0x00000001086f15ed:   4c 1e 06 48 39 c8 73 7c 48 89 c1 4c 01 f1 48 8d
0x00000001086f15fd:   53 06 48 39 ca 73 6d 31 c9 48 89 cf 48 f7 d7 4c
0x00000001086f160d:   01 f7 4c 89 f6 48 83 e6 03 74 18 0f 1f 84 00 00
0x00000001086f161d:   00 00 00 0f b6 54 0b 06 88 14 08 48 ff c1 48 ff
0x00000001086f162d:   ce 75 f0 48 83 ff 03 0f 82 fb 00 00 00 66 0f 1f
0x00000001086f163d:   44 00 00 0f b6 54 0b 06 88 14 08 0f b6 54 0b 07
0x00000001086f164d:   88 54 08 01 0f b6 54 0b 08 88 54 08 02 0f b6 54
0x00000001086f165d:   0b 09 88 54 08 03 48 83 c1 04 49 39 ce 75 d4 e9
0x00000001086f166d:   c4 00 00 00 44 89 f1 83 e1 e0 48 8d 71 e0 48 89
0x00000001086f167d:   f7 48 c1 ef 05 48 ff c7 89 fa 83 e2 03 48 83 fe
0x00000001086f168d:   60 73 04 31 f6 eb 65 48 29 d7 31 f6 0f 1f 80 00
0x00000001086f169d:   00 00 00 0f 10 44 33 06 0f 10 4c 33 16 0f 11 04
0x00000001086f16ad:   30 0f 11 4c 30 10 0f 10 44 33 26 0f 10 4c 33 36 


Stack slot to memory mapping:
stack at sp + 0 slots: 0x0000000126516768 is pointing into metadata
stack at sp + 1 slots: 0x00007ff41aeb08e0 points into unknown readable memory: 0x2f6e61726c65744c | 4c 74 65 6c 72 61 6e 2f
stack at sp + 2 slots: 0x0000000800cc5000 is a pointer to class: 
telran.util.ArrayList {0x0000000800cc5000}
 - instance size:     3
 - klass size:        102
 - access:            public synchronized 
 - state:             fully_initialized
 - name:              'telran/util/ArrayList'
 - super:             'java/lang/Object'
 - sub:               
 - arrays:            NULL
 - methods:           Array<T>(0x0000000126644d80)
 - method ordering:   Array<T>(0x0000000126645928)
 - default_methods:   Array<T>(0x000000012660ce50)
 - default vtable indices:   Array<T>(0x000000012660ce98)
 - local interfaces:  Array<T>(0x000000012660c228)
 - trans. interfaces: Array<T>(0x000000012660c228)
 - constants:         constant pool [106] {0x0000000126516768} for 'telran/util/ArrayList' cache=0x00000001264cf4b0
 - class loader data:  loader data: 0x00007ff41af14430 for instance a 'jdk/internal/loader/ClassLoaders$AppClassLoader'{0x0000000780000170}
 - source file:       'ArrayList.java'
 - source debug extension:       SMAP
ArrayList.java
Java
*S jdt
*F
1 ArrayList.java
2 file:/Users/jt/eclipse-workspace-42/array-list/bin/
*L
*E

 - class annotations:       Array<T>(0x0000000000000000)
 - class type annotations:  Array<T>(0x0000000000000000)
 - field annotations:       Array<T>(0x0000000000000000)
 - field type annotations:  Array<T>(0x0000000000000000)
 - generic signature: '
[error occurred during error reporting (inspecting top of stack), id 0xb, SIGSEGV (0xb) at pc=0x00000001086f2a12]


---------------  P R O C E S S  ---------------

Threads class SMR info:
_java_thread_list=0x00007ff41ac89dc0, length=15, elements={
0x00007ff41b00c600, 0x00007ff41d008800, 0x00007ff41b0ac600, 0x00007ff41d008e00,
0x00007ff41d009400, 0x00007ff41c01a000, 0x00007ff41d009a00, 0x00007ff41c06ce00,
0x00007ff41d00a000, 0x00007ff41c017e00, 0x00007ff41c010e00, 0x00007ff41b80c800,
0x00007ff41d03da00, 0x00007ff41c08fc00, 0x00007ff41d114800
}

Java Threads: ( => current thread )
  0x00007ff41b00c600 JavaThread "main" [_thread_blocked, id=6147, stack(0x0000700000213000,0x0000700000313000)]
  0x00007ff41d008800 JavaThread "Reference Handler" daemon [_thread_blocked, id=17667, stack(0x0000700000928000,0x0000700000a28000)]
  0x00007ff41b0ac600 JavaThread "Finalizer" daemon [_thread_blocked, id=17155, stack(0x0000700000a2b000,0x0000700000b2b000)]
  0x00007ff41d008e00 JavaThread "Signal Dispatcher" daemon [_thread_blocked, id=22531, stack(0x0000700000c34000,0x0000700000d34000)]
  0x00007ff41d009400 JavaThread "Service Thread" daemon [_thread_blocked, id=22787, stack(0x0000700000d37000,0x0000700000e37000)]
  0x00007ff41c01a000 JavaThread "Monitor Deflation Thread" daemon [_thread_blocked, id=41475, stack(0x0000700000e3a000,0x0000700000f3a000)]
  0x00007ff41d009a00 JavaThread "C2 CompilerThread0" daemon [_thread_blocked, id=23299, stack(0x0000700000f3d000,0x000070000103d000)]
  0x00007ff41c06ce00 JavaThread "C1 CompilerThread0" daemon [_thread_blocked, id=40963, stack(0x0000700001040000,0x0000700001140000)]
  0x00007ff41d00a000 JavaThread "Sweeper thread" daemon [_thread_blocked, id=24067, stack(0x0000700001143000,0x0000700001243000)]
  0x00007ff41c017e00 JavaThread "Common-Cleaner" daemon [_thread_blocked, id=24579, stack(0x0000700001246000,0x0000700001346000)]
=>0x00007ff41c010e00 JavaThread "JDWP Transport Listener: dt_socket" daemon [_thread_in_vm, id=40711, stack(0x0000700001349000,0x0000700001449000)]
  0x00007ff41b80c800 JavaThread "JDWP Event Helper Thread" daemon [_thread_blocked, id=25091, stack(0x000070000144c000,0x000070000154c000)]
  0x00007ff41d03da00 JavaThread "JDWP Command Reader" daemon [_thread_in_native, id=25603, stack(0x000070000154f000,0x000070000164f000)]
  0x00007ff41c08fc00 JavaThread "Notification Thread" daemon [_thread_blocked, id=39939, stack(0x0000700001652000,0x0000700001752000)]
  0x00007ff41d114800 JavaThread "ReaderThread" [_thread_in_native, id=25859, stack(0x0000700001858000,0x0000700001958000)]

Other Threads:
  0x00007ff41ad107a0 VMThread "VM Thread" [stack: 0x0000700000825000,0x0000700000925000] [id=15619]
  0x00007ff41af4fd00 WatcherThread [stack: 0x0000700001755000,0x0000700001855000] [id=39427]
  0x00007ff41ac27a50 GCTaskThread "GC Thread#0" [stack: 0x0000700000316000,0x0000700000416000] [id=20739]
  0x00007ff41ae53880 GCTaskThread "GC Thread#1" [stack: 0x000070000195b000,0x0000700001a5b000] [id=38915]
  0x00007ff41ae54140 GCTaskThread "GC Thread#2" [stack: 0x0000700001a5e000,0x0000700001b5e000] [id=26627]
  0x00007ff41ae54a00 GCTaskThread "GC Thread#3" [stack: 0x0000700001b61000,0x0000700001c61000] [id=26883]
  0x00007ff41ac28860 ConcurrentGCThread "G1 Main Marker" [stack: 0x0000700000419000,0x0000700000519000] [id=13315]
  0x00007ff41ac295c0 ConcurrentGCThread "G1 Conc#0" [stack: 0x000070000051c000,0x000070000061c000] [id=19715]
  0x00007ff41ac42c50 ConcurrentGCThread "G1 Refine#0" [stack: 0x000070000061f000,0x000070000071f000] [id=13827]
  0x00007ff41ac43970 ConcurrentGCThread "G1 Service" [stack: 0x0000700000722000,0x0000700000822000] [id=14083]

Threads with active compile tasks:

VM state: not at safepoint (normal execution)

VM Mutex/Monitor currently owned by a thread: None

Heap address: 0x0000000780000000, size: 2048 MB, Compressed Oops mode: Zero based, Oop shift amount: 3

CDS archive(s) mapped at: [0x0000000800000000-0x0000000800bd0000-0x0000000800bd0000), size 12386304, SharedBaseAddress: 0x0000000800000000, ArchiveRelocationMode: 0.
Compressed class space mapped at: 0x0000000800c00000-0x0000000840c00000, reserved size: 1073741824
Narrow klass base: 0x0000000800000000, Narrow klass shift: 0, Narrow klass range: 0x100000000

GC Precious Log:
 CPUs: 4 total, 4 available
 Memory: 8192M
 Large Page Support: Disabled
 NUMA Support: Disabled
 Compressed Oops: Enabled (Zero based)
 Heap Region Size: 1M
 Heap Min Capacity: 8M
 Heap Initial Capacity: 128M
 Heap Max Capacity: 2G
 Pre-touch: Disabled
 Parallel Workers: 4
 Concurrent Workers: 1
 Concurrent Refinement Workers: 4
 Periodic GC: Disabled

Heap:
 garbage-first heap   total 133120K, used 7836K [0x0000000780000000, 0x0000000800000000)
  region size 1024K, 7 young (7168K), 2 survivors (2048K)
 Metaspace       used 6971K, committed 7232K, reserved 1056768K
  class space    used 815K, committed 960K, reserved 1048576K

Heap Regions: E=young(eden), S=young(survivor), O=old, HS=humongous(starts), HC=humongous(continues), CS=collection set, F=free, OA=open archive, CA=closed archive, TAMS=top-at-mark-start (previous, next)
|   0|0x0000000780000000, 0x0000000780100000, 0x0000000780100000|100%| O|  |TAMS 0x0000000780000000, 0x0000000780000000| Untracked 
|   1|0x0000000780100000, 0x00000007801a0a00, 0x0000000780200000| 62%| O|  |TAMS 0x0000000780100000, 0x0000000780100000| Untracked 
|   2|0x0000000780200000, 0x0000000780200000, 0x0000000780300000|  0%| F|  |TAMS 0x0000000780200000, 0x0000000780200000| Untracked 
|   3|0x0000000780300000, 0x0000000780300000, 0x0000000780400000|  0%| F|  |TAMS 0x0000000780300000, 0x0000000780300000| Untracked 
|   4|0x0000000780400000, 0x0000000780400000, 0x0000000780500000|  0%| F|  |TAMS 0x0000000780400000, 0x0000000780400000| Untracked 
|   5|0x0000000780500000, 0x0000000780500000, 0x0000000780600000|  0%| F|  |TAMS 0x0000000780500000, 0x0000000780500000| Untracked 
|   6|0x0000000780600000, 0x0000000780600000, 0x0000000780700000|  0%| F|  |TAMS 0x0000000780600000, 0x0000000780600000| Untracked 
|   7|0x0000000780700000, 0x0000000780700000, 0x0000000780800000|  0%| F|  |TAMS 0x0000000780700000, 0x0000000780700000| Untracked 
|   8|0x0000000780800000, 0x0000000780800000, 0x0000000780900000|  0%| F|  |TAMS 0x0000000780800000, 0x0000000780800000| Untracked 
|   9|0x0000000780900000, 0x0000000780900000, 0x0000000780a00000|  0%| F|  |TAMS 0x0000000780900000, 0x0000000780900000| Untracked 
|  10|0x0000000780a00000, 0x0000000780a00000, 0x0000000780b00000|  0%| F|  |TAMS 0x0000000780a00000, 0x0000000780a00000| Untracked 
|  11|0x0000000780b00000, 0x0000000780b00000, 0x0000000780c00000|  0%| F|  |TAMS 0x0000000780b00000, 0x0000000780b00000| Untracked 
|  12|0x0000000780c00000, 0x0000000780c00000, 0x0000000780d00000|  0%| F|  |TAMS 0x0000000780c00000, 0x0000000780c00000| Untracked 
|  13|0x0000000780d00000, 0x0000000780d00000, 0x0000000780e00000|  0%| F|  |TAMS 0x0000000780d00000, 0x0000000780d00000| Untracked 
|  14|0x0000000780e00000, 0x0000000780e00000, 0x0000000780f00000|  0%| F|  |TAMS 0x0000000780e00000, 0x0000000780e00000| Untracked 
|  15|0x0000000780f00000, 0x0000000780f00000, 0x0000000781000000|  0%| F|  |TAMS 0x0000000780f00000, 0x0000000780f00000| Untracked 
|  16|0x0000000781000000, 0x0000000781000000, 0x0000000781100000|  0%| F|  |TAMS 0x0000000781000000, 0x0000000781000000| Untracked 
|  17|0x0000000781100000, 0x0000000781100000, 0x0000000781200000|  0%| F|  |TAMS 0x0000000781100000, 0x0000000781100000| Untracked 
|  18|0x0000000781200000, 0x0000000781200000, 0x0000000781300000|  0%| F|  |TAMS 0x0000000781200000, 0x0000000781200000| Untracked 
|  19|0x0000000781300000, 0x0000000781300000, 0x0000000781400000|  0%| F|  |TAMS 0x0000000781300000, 0x0000000781300000| Untracked 
|  20|0x0000000781400000, 0x0000000781400000, 0x0000000781500000|  0%| F|  |TAMS 0x0000000781400000, 0x0000000781400000| Untracked 
|  21|0x0000000781500000, 0x0000000781500000, 0x0000000781600000|  0%| F|  |TAMS 0x0000000781500000, 0x0000000781500000| Untracked 
|  22|0x0000000781600000, 0x0000000781600000, 0x0000000781700000|  0%| F|  |TAMS 0x0000000781600000, 0x0000000781600000| Untracked 
|  23|0x0000000781700000, 0x0000000781700000, 0x0000000781800000|  0%| F|  |TAMS 0x0000000781700000, 0x0000000781700000| Untracked 
|  24|0x0000000781800000, 0x0000000781800000, 0x0000000781900000|  0%| F|  |TAMS 0x0000000781800000, 0x0000000781800000| Untracked 
|  25|0x0000000781900000, 0x0000000781900000, 0x0000000781a00000|  0%| F|  |TAMS 0x0000000781900000, 0x0000000781900000| Untracked 
|  26|0x0000000781a00000, 0x0000000781a00000, 0x0000000781b00000|  0%| F|  |TAMS 0x0000000781a00000, 0x0000000781a00000| Untracked 
|  27|0x0000000781b00000, 0x0000000781b00000, 0x0000000781c00000|  0%| F|  |TAMS 0x0000000781b00000, 0x0000000781b00000| Untracked 
|  28|0x0000000781c00000, 0x0000000781c00000, 0x0000000781d00000|  0%| F|  |TAMS 0x0000000781c00000, 0x0000000781c00000| Untracked 
|  29|0x0000000781d00000, 0x0000000781d00000, 0x0000000781e00000|  0%| F|  |TAMS 0x0000000781d00000, 0x0000000781d00000| Untracked 
|  30|0x0000000781e00000, 0x0000000781e00000, 0x0000000781f00000|  0%| F|  |TAMS 0x0000000781e00000, 0x0000000781e00000| Untracked 
|  31|0x0000000781f00000, 0x0000000781f00000, 0x0000000782000000|  0%| F|  |TAMS 0x0000000781f00000, 0x0000000781f00000| Untracked 
|  32|0x0000000782000000, 0x0000000782000000, 0x0000000782100000|  0%| F|  |TAMS 0x0000000782000000, 0x0000000782000000| Untracked 
|  33|0x0000000782100000, 0x0000000782100000, 0x0000000782200000|  0%| F|  |TAMS 0x0000000782100000, 0x0000000782100000| Untracked 
|  34|0x0000000782200000, 0x0000000782200000, 0x0000000782300000|  0%| F|  |TAMS 0x0000000782200000, 0x0000000782200000| Untracked 
|  35|0x0000000782300000, 0x0000000782300000, 0x0000000782400000|  0%| F|  |TAMS 0x0000000782300000, 0x0000000782300000| Untracked 
|  36|0x0000000782400000, 0x0000000782400000, 0x0000000782500000|  0%| F|  |TAMS 0x0000000782400000, 0x0000000782400000| Untracked 
|  37|0x0000000782500000, 0x0000000782500000, 0x0000000782600000|  0%| F|  |TAMS 0x0000000782500000, 0x0000000782500000| Untracked 
|  38|0x0000000782600000, 0x0000000782600000, 0x0000000782700000|  0%| F|  |TAMS 0x0000000782600000, 0x0000000782600000| Untracked 
|  39|0x0000000782700000, 0x0000000782700000, 0x0000000782800000|  0%| F|  |TAMS 0x0000000782700000, 0x0000000782700000| Untracked 
|  40|0x0000000782800000, 0x0000000782800000, 0x0000000782900000|  0%| F|  |TAMS 0x0000000782800000, 0x0000000782800000| Untracked 
|  41|0x0000000782900000, 0x0000000782900000, 0x0000000782a00000|  0%| F|  |TAMS 0x0000000782900000, 0x0000000782900000| Untracked 
|  42|0x0000000782a00000, 0x0000000782a00000, 0x0000000782b00000|  0%| F|  |TAMS 0x0000000782a00000, 0x0000000782a00000| Untracked 
|  43|0x0000000782b00000, 0x0000000782b00000, 0x0000000782c00000|  0%| F|  |TAMS 0x0000000782b00000, 0x0000000782b00000| Untracked 
|  44|0x0000000782c00000, 0x0000000782c00000, 0x0000000782d00000|  0%| F|  |TAMS 0x0000000782c00000, 0x0000000782c00000| Untracked 
|  45|0x0000000782d00000, 0x0000000782d00000, 0x0000000782e00000|  0%| F|  |TAMS 0x0000000782d00000, 0x0000000782d00000| Untracked 
|  46|0x0000000782e00000, 0x0000000782e00000, 0x0000000782f00000|  0%| F|  |TAMS 0x0000000782e00000, 0x0000000782e00000| Untracked 
|  47|0x0000000782f00000, 0x0000000782f00000, 0x0000000783000000|  0%| F|  |TAMS 0x0000000782f00000, 0x0000000782f00000| Untracked 
|  48|0x0000000783000000, 0x0000000783000000, 0x0000000783100000|  0%| F|  |TAMS 0x0000000783000000, 0x0000000783000000| Untracked 
|  49|0x0000000783100000, 0x0000000783100000, 0x0000000783200000|  0%| F|  |TAMS 0x0000000783100000, 0x0000000783100000| Untracked 
|  50|0x0000000783200000, 0x0000000783200000, 0x0000000783300000|  0%| F|  |TAMS 0x0000000783200000, 0x0000000783200000| Untracked 
|  51|0x0000000783300000, 0x0000000783300000, 0x0000000783400000|  0%| F|  |TAMS 0x0000000783300000, 0x0000000783300000| Untracked 
|  52|0x0000000783400000, 0x0000000783400000, 0x0000000783500000|  0%| F|  |TAMS 0x0000000783400000, 0x0000000783400000| Untracked 
|  53|0x0000000783500000, 0x0000000783500000, 0x0000000783600000|  0%| F|  |TAMS 0x0000000783500000, 0x0000000783500000| Untracked 
|  54|0x0000000783600000, 0x0000000783600000, 0x0000000783700000|  0%| F|  |TAMS 0x0000000783600000, 0x0000000783600000| Untracked 
|  55|0x0000000783700000, 0x0000000783700000, 0x0000000783800000|  0%| F|  |TAMS 0x0000000783700000, 0x0000000783700000| Untracked 
|  56|0x0000000783800000, 0x0000000783800000, 0x0000000783900000|  0%| F|  |TAMS 0x0000000783800000, 0x0000000783800000| Untracked 
|  57|0x0000000783900000, 0x0000000783900000, 0x0000000783a00000|  0%| F|  |TAMS 0x0000000783900000, 0x0000000783900000| Untracked 
|  58|0x0000000783a00000, 0x0000000783a00000, 0x0000000783b00000|  0%| F|  |TAMS 0x0000000783a00000, 0x0000000783a00000| Untracked 
|  59|0x0000000783b00000, 0x0000000783b00000, 0x0000000783c00000|  0%| F|  |TAMS 0x0000000783b00000, 0x0000000783b00000| Untracked 
|  60|0x0000000783c00000, 0x0000000783c00000, 0x0000000783d00000|  0%| F|  |TAMS 0x0000000783c00000, 0x0000000783c00000| Untracked 
|  61|0x0000000783d00000, 0x0000000783d00000, 0x0000000783e00000|  0%| F|  |TAMS 0x0000000783d00000, 0x0000000783d00000| Untracked 
|  62|0x0000000783e00000, 0x0000000783e00000, 0x0000000783f00000|  0%| F|  |TAMS 0x0000000783e00000, 0x0000000783e00000| Untracked 
|  63|0x0000000783f00000, 0x0000000783f00000, 0x0000000784000000|  0%| F|  |TAMS 0x0000000783f00000, 0x0000000783f00000| Untracked 
|  64|0x0000000784000000, 0x0000000784000000, 0x0000000784100000|  0%| F|  |TAMS 0x0000000784000000, 0x0000000784000000| Untracked 
|  65|0x0000000784100000, 0x0000000784100000, 0x0000000784200000|  0%| F|  |TAMS 0x0000000784100000, 0x0000000784100000| Untracked 
|  66|0x0000000784200000, 0x0000000784200000, 0x0000000784300000|  0%| F|  |TAMS 0x0000000784200000, 0x0000000784200000| Untracked 
|  67|0x0000000784300000, 0x0000000784300000, 0x0000000784400000|  0%| F|  |TAMS 0x0000000784300000, 0x0000000784300000| Untracked 
|  68|0x0000000784400000, 0x0000000784400000, 0x0000000784500000|  0%| F|  |TAMS 0x0000000784400000, 0x0000000784400000| Untracked 
|  69|0x0000000784500000, 0x0000000784500000, 0x0000000784600000|  0%| F|  |TAMS 0x0000000784500000, 0x0000000784500000| Untracked 
|  70|0x0000000784600000, 0x0000000784600000, 0x0000000784700000|  0%| F|  |TAMS 0x0000000784600000, 0x0000000784600000| Untracked 
|  71|0x0000000784700000, 0x0000000784700000, 0x0000000784800000|  0%| F|  |TAMS 0x0000000784700000, 0x0000000784700000| Untracked 
|  72|0x0000000784800000, 0x0000000784800000, 0x0000000784900000|  0%| F|  |TAMS 0x0000000784800000, 0x0000000784800000| Untracked 
|  73|0x0000000784900000, 0x0000000784900000, 0x0000000784a00000|  0%| F|  |TAMS 0x0000000784900000, 0x0000000784900000| Untracked 
|  74|0x0000000784a00000, 0x0000000784a00000, 0x0000000784b00000|  0%| F|  |TAMS 0x0000000784a00000, 0x0000000784a00000| Untracked 
|  75|0x0000000784b00000, 0x0000000784b00000, 0x0000000784c00000|  0%| F|  |TAMS 0x0000000784b00000, 0x0000000784b00000| Untracked 
|  76|0x0000000784c00000, 0x0000000784c00000, 0x0000000784d00000|  0%| F|  |TAMS 0x0000000784c00000, 0x0000000784c00000| Untracked 
|  77|0x0000000784d00000, 0x0000000784d00000, 0x0000000784e00000|  0%| F|  |TAMS 0x0000000784d00000, 0x0000000784d00000| Untracked 
|  78|0x0000000784e00000, 0x0000000784e00000, 0x0000000784f00000|  0%| F|  |TAMS 0x0000000784e00000, 0x0000000784e00000| Untracked 
|  79|0x0000000784f00000, 0x0000000784f00000, 0x0000000785000000|  0%| F|  |TAMS 0x0000000784f00000, 0x0000000784f00000| Untracked 
|  80|0x0000000785000000, 0x0000000785000000, 0x0000000785100000|  0%| F|  |TAMS 0x0000000785000000, 0x0000000785000000| Untracked 
|  81|0x0000000785100000, 0x0000000785100000, 0x0000000785200000|  0%| F|  |TAMS 0x0000000785100000, 0x0000000785100000| Untracked 
|  82|0x0000000785200000, 0x0000000785200000, 0x0000000785300000|  0%| F|  |TAMS 0x0000000785200000, 0x0000000785200000| Untracked 
|  83|0x0000000785300000, 0x0000000785300000, 0x0000000785400000|  0%| F|  |TAMS 0x0000000785300000, 0x0000000785300000| Untracked 
|  84|0x0000000785400000, 0x0000000785400000, 0x0000000785500000|  0%| F|  |TAMS 0x0000000785400000, 0x0000000785400000| Untracked 
|  85|0x0000000785500000, 0x0000000785500000, 0x0000000785600000|  0%| F|  |TAMS 0x0000000785500000, 0x0000000785500000| Untracked 
|  86|0x0000000785600000, 0x0000000785600000, 0x0000000785700000|  0%| F|  |TAMS 0x0000000785600000, 0x0000000785600000| Untracked 
|  87|0x0000000785700000, 0x0000000785700000, 0x0000000785800000|  0%| F|  |TAMS 0x0000000785700000, 0x0000000785700000| Untracked 
|  88|0x0000000785800000, 0x0000000785800000, 0x0000000785900000|  0%| F|  |TAMS 0x0000000785800000, 0x0000000785800000| Untracked 
|  89|0x0000000785900000, 0x0000000785900000, 0x0000000785a00000|  0%| F|  |TAMS 0x0000000785900000, 0x0000000785900000| Untracked 
|  90|0x0000000785a00000, 0x0000000785a00000, 0x0000000785b00000|  0%| F|  |TAMS 0x0000000785a00000, 0x0000000785a00000| Untracked 
|  91|0x0000000785b00000, 0x0000000785b00000, 0x0000000785c00000|  0%| F|  |TAMS 0x0000000785b00000, 0x0000000785b00000| Untracked 
|  92|0x0000000785c00000, 0x0000000785c00000, 0x0000000785d00000|  0%| F|  |TAMS 0x0000000785c00000, 0x0000000785c00000| Untracked 
|  93|0x0000000785d00000, 0x0000000785d00000, 0x0000000785e00000|  0%| F|  |TAMS 0x0000000785d00000, 0x0000000785d00000| Untracked 
|  94|0x0000000785e00000, 0x0000000785e00000, 0x0000000785f00000|  0%| F|  |TAMS 0x0000000785e00000, 0x0000000785e00000| Untracked 
|  95|0x0000000785f00000, 0x0000000785f00000, 0x0000000786000000|  0%| F|  |TAMS 0x0000000785f00000, 0x0000000785f00000| Untracked 
|  96|0x0000000786000000, 0x0000000786000000, 0x0000000786100000|  0%| F|  |TAMS 0x0000000786000000, 0x0000000786000000| Untracked 
|  97|0x0000000786100000, 0x0000000786100000, 0x0000000786200000|  0%| F|  |TAMS 0x0000000786100000, 0x0000000786100000| Untracked 
|  98|0x0000000786200000, 0x0000000786200000, 0x0000000786300000|  0%| F|  |TAMS 0x0000000786200000, 0x0000000786200000| Untracked 
|  99|0x0000000786300000, 0x0000000786300000, 0x0000000786400000|  0%| F|  |TAMS 0x0000000786300000, 0x0000000786300000| Untracked 
| 100|0x0000000786400000, 0x0000000786400000, 0x0000000786500000|  0%| F|  |TAMS 0x0000000786400000, 0x0000000786400000| Untracked 
| 101|0x0000000786500000, 0x0000000786500000, 0x0000000786600000|  0%| F|  |TAMS 0x0000000786500000, 0x0000000786500000| Untracked 
| 102|0x0000000786600000, 0x0000000786612700, 0x0000000786700000|  7%| S|CS|TAMS 0x0000000786600000, 0x0000000786600000| Complete 
| 103|0x0000000786700000, 0x0000000786800000, 0x0000000786800000|100%| S|CS|TAMS 0x0000000786700000, 0x0000000786700000| Complete 
| 104|0x0000000786800000, 0x0000000786800000, 0x0000000786900000|  0%| F|  |TAMS 0x0000000786800000, 0x0000000786800000| Untracked 
| 105|0x0000000786900000, 0x0000000786900000, 0x0000000786a00000|  0%| F|  |TAMS 0x0000000786900000, 0x0000000786900000| Untracked 
| 106|0x0000000786a00000, 0x0000000786a00000, 0x0000000786b00000|  0%| F|  |TAMS 0x0000000786a00000, 0x0000000786a00000| Untracked 
| 107|0x0000000786b00000, 0x0000000786b00000, 0x0000000786c00000|  0%| F|  |TAMS 0x0000000786b00000, 0x0000000786b00000| Untracked 
| 108|0x0000000786c00000, 0x0000000786c00000, 0x0000000786d00000|  0%| F|  |TAMS 0x0000000786c00000, 0x0000000786c00000| Untracked 
| 109|0x0000000786d00000, 0x0000000786d00000, 0x0000000786e00000|  0%| F|  |TAMS 0x0000000786d00000, 0x0000000786d00000| Untracked 
| 110|0x0000000786e00000, 0x0000000786e00000, 0x0000000786f00000|  0%| F|  |TAMS 0x0000000786e00000, 0x0000000786e00000| Untracked 
| 111|0x0000000786f00000, 0x0000000786f00000, 0x0000000787000000|  0%| F|  |TAMS 0x0000000786f00000, 0x0000000786f00000| Untracked 
| 112|0x0000000787000000, 0x0000000787000000, 0x0000000787100000|  0%| F|  |TAMS 0x0000000787000000, 0x0000000787000000| Untracked 
| 113|0x0000000787100000, 0x0000000787100000, 0x0000000787200000|  0%| F|  |TAMS 0x0000000787100000, 0x0000000787100000| Untracked 
| 114|0x0000000787200000, 0x0000000787200000, 0x0000000787300000|  0%| F|  |TAMS 0x0000000787200000, 0x0000000787200000| Untracked 
| 115|0x0000000787300000, 0x0000000787300000, 0x0000000787400000|  0%| F|  |TAMS 0x0000000787300000, 0x0000000787300000| Untracked 
| 116|0x0000000787400000, 0x0000000787400000, 0x0000000787500000|  0%| F|  |TAMS 0x0000000787400000, 0x0000000787400000| Untracked 
| 117|0x0000000787500000, 0x0000000787500000, 0x0000000787600000|  0%| F|  |TAMS 0x0000000787500000, 0x0000000787500000| Untracked 
| 118|0x0000000787600000, 0x0000000787600000, 0x0000000787700000|  0%| F|  |TAMS 0x0000000787600000, 0x0000000787600000| Untracked 
| 119|0x0000000787700000, 0x0000000787700000, 0x0000000787800000|  0%| F|  |TAMS 0x0000000787700000, 0x0000000787700000| Untracked 
| 120|0x0000000787800000, 0x0000000787800000, 0x0000000787900000|  0%| F|  |TAMS 0x0000000787800000, 0x0000000787800000| Untracked 
| 121|0x0000000787900000, 0x0000000787900000, 0x0000000787a00000|  0%| F|  |TAMS 0x0000000787900000, 0x0000000787900000| Untracked 
| 122|0x0000000787a00000, 0x0000000787a00000, 0x0000000787b00000|  0%| F|  |TAMS 0x0000000787a00000, 0x0000000787a00000| Untracked 
| 123|0x0000000787b00000, 0x0000000787b80800, 0x0000000787c00000| 50%| E|  |TAMS 0x0000000787b00000, 0x0000000787b00000| Complete 
| 124|0x0000000787c00000, 0x0000000787d00000, 0x0000000787d00000|100%| E|CS|TAMS 0x0000000787c00000, 0x0000000787c00000| Complete 
| 125|0x0000000787d00000, 0x0000000787e00000, 0x0000000787e00000|100%| E|CS|TAMS 0x0000000787d00000, 0x0000000787d00000| Complete 
| 126|0x0000000787e00000, 0x0000000787f00000, 0x0000000787f00000|100%| E|CS|TAMS 0x0000000787e00000, 0x0000000787e00000| Complete 
| 127|0x0000000787f00000, 0x0000000788000000, 0x0000000788000000|100%| E|CS|TAMS 0x0000000787f00000, 0x0000000787f00000| Complete 
|2046|0x00000007ffe00000, 0x00000007ffe75000, 0x00000007fff00000| 45%|OA|  |TAMS 0x00000007ffe00000, 0x00000007ffe00000| Untracked 
|2047|0x00000007fff00000, 0x00000007fff7f000, 0x0000000800000000| 49%|CA|  |TAMS 0x00000007fff00000, 0x00000007fff00000| Untracked 

Card table byte_map: [0x000000011f4cb000,0x000000011f8cb000] _byte_map_base: 0x000000011b8cb000

Marking Bits (Prev, Next): (CMBitMap*) 0x00007ff41b039a10, (CMBitMap*) 0x00007ff41b039a50
 Prev Bits: [0x000000011fccb000, 0x0000000121ccb000)
 Next Bits: [0x0000000121ccb000, 0x0000000123ccb000)

Polling page: 0x0000000105182000

Metaspace:

Usage:
  Non-class:      6.01 MB used.
      Class:    815.05 KB used.
       Both:      6.81 MB used.

Virtual space:
  Non-class space:        8.00 MB reserved,       6.12 MB ( 77%) committed,  1 nodes.
      Class space:        1.00 GB reserved,     960.00 KB ( <1%) committed,  1 nodes.
             Both:        1.01 GB reserved,       7.06 MB ( <1%) committed. 

Chunk freelists:
   Non-Class:  1.72 MB
       Class:  3.06 MB
        Both:  4.78 MB

MaxMetaspaceSize: unlimited
CompressedClassSpaceSize: 1.00 GB
Initial GC threshold: 21.00 MB
Current GC threshold: 21.00 MB
CDS: on
MetaspaceReclaimPolicy: balanced
 - commit_granule_bytes: 65536.
 - commit_granule_words: 8192.
 - virtual_space_node_default_size: 1048576.
 - enlarge_chunks_in_place: 1.
 - new_chunks_are_fully_committed: 0.
 - uncommit_free_chunks: 1.
 - use_allocation_guard: 0.
 - handle_deallocations: 1.


Internal statistics:

num_allocs_failed_limit: 0.
num_arena_births: 90.
num_arena_deaths: 0.
num_vsnodes_births: 2.
num_vsnodes_deaths: 0.
num_space_committed: 113.
num_space_uncommitted: 0.
num_chunks_returned_to_freelist: 0.
num_chunks_taken_from_freelist: 288.
num_chunk_merges: 0.
num_chunk_splits: 153.
num_chunks_enlarged: 86.
num_purges: 0.
num_inconsistent_stats: 0.

CodeHeap 'non-profiled nmethods': size=120032Kb used=506Kb max_used=506Kb free=119525Kb
 bounds [0x0000000117f93000, 0x0000000118203000, 0x000000011f4cb000]
CodeHeap 'profiled nmethods': size=120028Kb used=3144Kb max_used=3144Kb free=116884Kb
 bounds [0x0000000110a5c000, 0x0000000110d7c000, 0x0000000117f93000]
CodeHeap 'non-nmethods': size=5700Kb used=1214Kb max_used=1240Kb free=4485Kb
 bounds [0x00000001104cb000, 0x000000011073b000, 0x0000000110a5c000]
 total_blobs=1964 nmethods=1515 adapters=362
 compilation: enabled
              stopped_count=0, restarted_count=0
 full_count=0

Compilation events (20 events):
Event: 1.878 Thread 0x00007ff41c06ce00 nmethod 1511 0x0000000110d67190 code [0x0000000110d67360, 0x0000000110d67730]
Event: 1.878 Thread 0x00007ff41c06ce00 1512       3       java.util.stream.ReduceOps$3ReducingSink::<init> (20 bytes)
Event: 1.879 Thread 0x00007ff41c06ce00 nmethod 1512 0x0000000110d67890 code [0x0000000110d67a40, 0x0000000110d67d30]
Event: 1.879 Thread 0x00007ff41c06ce00 1513       3       java.util.stream.ReduceOps$3ReducingSink::begin (14 bytes)
Event: 1.879 Thread 0x00007ff41c06ce00 nmethod 1513 0x0000000110d67e10 code [0x0000000110d67fc0, 0x0000000110d68200]
Event: 1.879 Thread 0x00007ff41c06ce00 1516       3       java.util.stream.Stream::concat (73 bytes)
Event: 1.880 Thread 0x00007ff41c06ce00 nmethod 1516 0x0000000110d68310 code [0x0000000110d685a0, 0x0000000110d69420]
Event: 1.880 Thread 0x00007ff41c06ce00 1508   !   3       sun.reflect.annotation.AnnotationInvocationHandler::equalsImpl (174 bytes)
Event: 1.885 Thread 0x00007ff41c06ce00 nmethod 1508 0x0000000110d69990 code [0x0000000110d69e80, 0x0000000110d6c9d0]
Event: 1.885 Thread 0x00007ff41c06ce00 1517       3       java.lang.StringLatin1::inflate (34 bytes)
Event: 1.886 Thread 0x00007ff41c06ce00 nmethod 1517 0x0000000110d6db10 code [0x0000000110d6dcc0, 0x0000000110d6deb0]
Event: 1.886 Thread 0x00007ff41c06ce00 1514       1       java.lang.reflect.Field::getModifiers (5 bytes)
Event: 1.886 Thread 0x00007ff41c06ce00 nmethod 1514 0x0000000118009390 code [0x0000000118009520, 0x00000001180095f0]
Event: 1.998 Thread 0x00007ff41d009a00 nmethod 1505 0x0000000118009690 code [0x00000001180099e0, 0x000000011800c988]
Event: 1.999 Thread 0x00007ff41d009a00 1515       4       java.util.LinkedHashMap$LinkedHashIterator::hasNext (13 bytes)
Event: 1.999 Thread 0x00007ff41d009a00 nmethod 1515 0x000000011800eb10 code [0x000000011800ec80, 0x000000011800ed18]
Event: 1.999 Thread 0x00007ff41d009a00 1496       4       org.eclipse.jdt.launching.internal.org.objectweb.asm.SymbolTable::addConstantNameAndType (28 bytes)
Event: 2.023 Thread 0x00007ff41d009a00 nmethod 1496 0x000000011800ee10 code [0x000000011800efe0, 0x000000011800fbf8]
Event: 1040.343 Thread 0x00007ff41d009a00 1518       4       org.eclipse.jdt.launching.internal.org.objectweb.asm.SymbolTable::addConstantMemberReference (29 bytes)
Event: 1040.400 Thread 0x00007ff41d009a00 nmethod 1518 0x0000000118010110 code [0x0000000118010300, 0x0000000118011308]

GC Heap History (4 events):
Event: 0.831 GC heap before
{Heap before GC invocations=0 (full 0):
 garbage-first heap   total 133120K, used 14288K [0x0000000780000000, 0x0000000800000000)
  region size 1024K, 13 young (13312K), 0 survivors (0K)
 Metaspace       used 3699K, committed 3840K, reserved 1056768K
  class space    used 349K, committed 448K, reserved 1048576K
}
Event: 0.834 GC heap after
{Heap after GC invocations=1 (full 0):
 garbage-first heap   total 133120K, used 2744K [0x0000000780000000, 0x0000000800000000)
  region size 1024K, 2 young (2048K), 2 survivors (2048K)
 Metaspace       used 3699K, committed 3840K, reserved 1056768K
  class space    used 349K, committed 448K, reserved 1048576K
}
Event: 1.687 GC heap before
{Heap before GC invocations=1 (full 0):
 garbage-first heap   total 133120K, used 24248K [0x0000000780000000, 0x0000000800000000)
  region size 1024K, 24 young (24576K), 2 survivors (2048K)
 Metaspace       used 6439K, committed 6592K, reserved 1056768K
  class space    used 739K, committed 768K, reserved 1048576K
}
Event: 1.692 GC heap after
{Heap after GC invocations=2 (full 0):
 garbage-first heap   total 133120K, used 3740K [0x0000000780000000, 0x0000000800000000)
  region size 1024K, 2 young (2048K), 2 survivors (2048K)
 Metaspace       used 6439K, committed 6592K, reserved 1056768K
  class space    used 739K, committed 768K, reserved 1048576K
}

Deoptimization events (20 events):
Event: 1.739 Thread 0x00007ff41b00c600 Uncommon trap: trap_request=0xffffff45 fr.pc=0x0000000117fc041c relative=0x00000000000006dc
Event: 1.739 Thread 0x00007ff41b00c600 Uncommon trap: reason=unstable_if action=reinterpret pc=0x0000000117fc041c method=org.eclipse.jdt.launching.internal.org.objectweb.asm.ClassReader.readUtf(II[C)Ljava/lang/String; @ 41 c2
Event: 1.739 Thread 0x00007ff41b00c600 DEOPT PACKING pc=0x0000000117fc041c sp=0x000070000030dc20
Event: 1.739 Thread 0x00007ff41b00c600 DEOPT UNPACKING pc=0x000000011051d099 sp=0x000070000030dc08 mode 2
Event: 1.739 Thread 0x00007ff41b00c600 Uncommon trap: trap_request=0xffffff45 fr.pc=0x0000000117fbd700 relative=0x0000000000000460
Event: 1.739 Thread 0x00007ff41b00c600 Uncommon trap: reason=unstable_if action=reinterpret pc=0x0000000117fbd700 method=java.lang.StringUTF16.compress([CI[BII)I @ 20 c2
Event: 1.739 Thread 0x00007ff41b00c600 DEOPT PACKING pc=0x0000000117fbd700 sp=0x000070000030da40
Event: 1.739 Thread 0x00007ff41b00c600 DEOPT UNPACKING pc=0x000000011051d099 sp=0x000070000030d9e0 mode 2
Event: 1.739 Thread 0x00007ff41b00c600 Uncommon trap: trap_request=0xffffff45 fr.pc=0x0000000117fbecd8 relative=0x0000000000000238
Event: 1.739 Thread 0x00007ff41b00c600 Uncommon trap: reason=unstable_if action=reinterpret pc=0x0000000117fbecd8 method=java.lang.String.isLatin1()Z @ 10 c2
Event: 1.739 Thread 0x00007ff41b00c600 DEOPT PACKING pc=0x0000000117fbecd8 sp=0x000070000030dc60
Event: 1.739 Thread 0x00007ff41b00c600 DEOPT UNPACKING pc=0x000000011051d099 sp=0x000070000030dbb0 mode 2
Event: 1.739 Thread 0x00007ff41b00c600 Uncommon trap: trap_request=0xffffff45 fr.pc=0x0000000117fa5a00 relative=0x0000000000000060
Event: 1.739 Thread 0x00007ff41b00c600 Uncommon trap: reason=unstable_if action=reinterpret pc=0x0000000117fa5a00 method=java.lang.String.isLatin1()Z @ 10 c2
Event: 1.739 Thread 0x00007ff41b00c600 DEOPT PACKING pc=0x0000000117fa5a00 sp=0x000070000030dbe0
Event: 1.739 Thread 0x00007ff41b00c600 DEOPT UNPACKING pc=0x000000011051d099 sp=0x000070000030dba0 mode 2
Event: 1.741 Thread 0x00007ff41b00c600 Uncommon trap: trap_request=0xffffff45 fr.pc=0x0000000117fa75e8 relative=0x0000000000000048
Event: 1.741 Thread 0x00007ff41b00c600 Uncommon trap: reason=unstable_if action=reinterpret pc=0x0000000117fa75e8 method=java.lang.CharacterData.of(I)Ljava/lang/CharacterData; @ 4 c2
Event: 1.741 Thread 0x00007ff41b00c600 DEOPT PACKING pc=0x0000000117fa75e8 sp=0x000070000030f2b0
Event: 1.741 Thread 0x00007ff41b00c600 DEOPT UNPACKING pc=0x000000011051d099 sp=0x000070000030f270 mode 2

Classes unloaded (0 events):
No events

Classes redefined (5 events):
Event: 116.324 Thread 0x00007ff41ad107a0 redefined class name=telran.util.List, count=1
Event: 321.404 Thread 0x00007ff41ad107a0 redefined class name=telran.util.ListTest, count=1
Event: 1041.360 Thread 0x00007ff41ad107a0 redefined class name=telran.util.List, count=2
Event: 1839.756 Thread 0x00007ff41ad107a0 redefined class name=telran.util.List, count=3
Event: 1839.757 Thread 0x00007ff41ad107a0 redefined class name=telran.util.ArrayList, count=1

Internal exceptions (20 events):
Event: 1.264 Thread 0x00007ff41b00c600 Exception <a 'java/lang/NoSuchMethodError'{0x0000000787578610}: 'void java.lang.invoke.DirectMethodHandle$Holder.invokeInterface(java.lang.Object, java.lang.Object, java.lang.Object)'> (0x0000000787578610) 
thrown [open/src/hotspot/share/interpreter/linkResolver.cpp, line 766]
Event: 1.287 Thread 0x00007ff41b00c600 Exception <a 'java/lang/NoSuchMethodError'{0x0000000787403f80}: 'java.lang.Object java.lang.invoke.DirectMethodHandle$Holder.newInvokeSpecial(java.lang.Object, java.lang.Object, java.lang.Object, java.lang.Object, java.lang.Object, java.lang.Object)'> (0x0000000787403f80) 
thrown [open/src/hotspot/share/interpreter/linkResolver.cpp, line 766]
Event: 1.322 Thread 0x00007ff41b00c600 Exception <a 'java/lang/NoSuchMethodError'{0x00000007874a5ad8}: 'void java.lang.invoke.DirectMethodHandle$Holder.invokeInterface(java.lang.Object, java.lang.Object, java.lang.Object, java.lang.Object, java.lang.Object)'> (0x00000007874a5ad8) 
thrown [open/src/hotspot/share/interpreter/linkResolver.cpp, line 766]
Event: 1.323 Thread 0x00007ff41b00c600 Exception <a 'java/lang/IncompatibleClassChangeError'{0x00000007874a97a8}: Found class java.lang.Object, but interface was expected> (0x00000007874a97a8) 
thrown [open/src/hotspot/share/interpreter/linkResolver.cpp, line 833]
Event: 1.378 Thread 0x00007ff41b00c600 Exception <a 'java/lang/IncompatibleClassChangeError'{0x000000078732bb00}: Found class java.lang.Object, but interface was expected> (0x000000078732bb00) 
thrown [open/src/hotspot/share/interpreter/linkResolver.cpp, line 833]
Event: 1.384 Thread 0x00007ff41b00c600 Exception <a 'java/lang/NoSuchMethodError'{0x0000000787362158}: 'void java.lang.invoke.DirectMethodHandle$Holder.invokeSpecial(java.lang.Object, java.lang.Object, java.lang.Object, java.lang.Object, java.lang.Object)'> (0x0000000787362158) 
thrown [open/src/hotspot/share/interpreter/linkResolver.cpp, line 766]
Event: 1.475 Thread 0x00007ff41b00c600 Exception <a 'java/lang/NoSuchMethodError'{0x0000000786d4eaa8}: 'java.lang.Object java.lang.invoke.DirectMethodHandle$Holder.invokeVirtual(java.lang.Object, java.lang.Object, java.lang.Object)'> (0x0000000786d4eaa8) 
thrown [open/src/hotspot/share/interpreter/linkResolver.cpp, line 766]
Event: 1.494 Thread 0x00007ff41b00c600 Exception <a 'java/lang/NoSuchMethodError'{0x0000000786dd4ed0}: 'void java.lang.invoke.DirectMethodHandle$Holder.invokeInterface(java.lang.Object, java.lang.Object, java.lang.Object, java.lang.Object)'> (0x0000000786dd4ed0) 
thrown [open/src/hotspot/share/interpreter/linkResolver.cpp, line 766]
Event: 1.495 Thread 0x00007ff41b00c600 Exception <a 'java/lang/IncompatibleClassChangeError'{0x0000000786dd87f8}: Found class java.lang.Object, but interface was expected> (0x0000000786dd87f8) 
thrown [open/src/hotspot/share/interpreter/linkResolver.cpp, line 833]
Event: 1.500 Thread 0x00007ff41b00c600 Exception <a 'java/lang/NoSuchMethodError'{0x0000000786dfe438}: 'void java.lang.invoke.DirectMethodHandle$Holder.invokeStatic(java.lang.Object, java.lang.Object, java.lang.Object, java.lang.Object)'> (0x0000000786dfe438) 
thrown [open/src/hotspot/share/interpreter/linkResolver.cpp, line 766]
Event: 1.523 Thread 0x00007ff41b00c600 Exception <a 'java/lang/NoSuchMethodError'{0x0000000786cdbec0}: 'int java.lang.invoke.DirectMethodHandle$Holder.invokeStatic(java.lang.Object, java.lang.Object, java.lang.Object, java.lang.Object)'> (0x0000000786cdbec0) 
thrown [open/src/hotspot/share/interpreter/linkResolver.cpp, line 766]
Event: 1.525 Thread 0x00007ff41b00c600 Exception <a 'java/lang/NoSuchMethodError'{0x0000000786cdf840}: 'java.lang.Object java.lang.invoke.Invokers$Holder.invokeExact_MT(java.lang.Object, java.lang.Object, java.lang.Object, java.lang.Object, java.lang.Object, java.lang.Object)'> (0x0000000786cdf840) 
thrown [open/src/hotspot/share/interpreter/linkResolver.cpp, line 766]
Event: 1.529 Thread 0x00007ff41b00c600 Exception <a 'java/lang/NoSuchMethodError'{0x0000000786cefed8}: 'int java.lang.invoke.DirectMethodHandle$Holder.invokeStatic(java.lang.Object, java.lang.Object, java.lang.Object, java.lang.Object, java.lang.Object)'> (0x0000000786cefed8) 
thrown [open/src/hotspot/share/interpreter/linkResolver.cpp, line 766]
Event: 1.626 Thread 0x00007ff41b00c600 Exception <a 'java/lang/NoSuchMethodError'{0x00000007869fd7f8}: 'int java.lang.invoke.DirectMethodHandle$Holder.invokeStaticInit(java.lang.Object, java.lang.Object, java.lang.Object)'> (0x00000007869fd7f8) 
thrown [open/src/hotspot/share/interpreter/linkResolver.cpp, line 766]
Event: 1.701 Thread 0x00007ff41b00c600 Exception <a 'java/lang/NoSuchMethodError'{0x0000000787f3a3a0}: 'java.lang.Object java.lang.invoke.DirectMethodHandle$Holder.newInvokeSpecial(java.lang.Object, java.lang.Object, java.lang.Object, java.lang.Object, java.lang.Object, java.lang.Object, java.lang.Object)'> (0x0000000787f3a3a0) 
thrown [open/src/hotspot/share/interpreter/linkResolver.cpp, line 766]
Event: 1.701 Thread 0x00007ff41b00c600 Exception <a 'java/lang/NoSuchMethodError'{0x0000000787f3ef58}: 'java.lang.Object java.lang.invoke.Invokers$Holder.linkToTargetMethod(java.lang.Object, java.lang.Object, java.lang.Object, java.lang.Object, java.lang.Object, java.lang.Object, java.lang.Object)'> (0x0000000787f3ef58) 
thrown [open/src/hotspot/share/interpreter/linkResolver.cpp, line 766]
Event: 1.702 Thread 0x00007ff41b00c600 Exception <a 'java/lang/NoSuchMethodError'{0x0000000787f4a410}: 'java.lang.Object java.lang.invoke.DirectMethodHandle$Holder.invokeInterface(java.lang.Object, java.lang.Object, java.lang.Object, java.lang.Object, java.lang.Object)'> (0x0000000787f4a410) 
thrown [open/src/hotspot/share/interpreter/linkResolver.cpp, line 766]
Event: 1.703 Thread 0x00007ff41b00c600 Exception <a 'java/lang/IncompatibleClassChangeError'{0x0000000787f4e208}: Found class java.lang.Object, but interface was expected> (0x0000000787f4e208) 
thrown [open/src/hotspot/share/interpreter/linkResolver.cpp, line 833]
Event: 1.729 Thread 0x00007ff41b00c600 Exception <a 'java/lang/IncompatibleClassChangeError'{0x0000000787fcaed8}: Found class java.lang.Object, but interface was expected> (0x0000000787fcaed8) 
thrown [open/src/hotspot/share/interpreter/linkResolver.cpp, line 833]
Event: 1.806 Thread 0x00007ff41b00c600 Exception <a 'java/lang/reflect/InvocationTargetException'{0x0000000787dd95d8}> (0x0000000787dd95d8) 
thrown [open/src/hotspot/share/runtime/reflection.cpp, line 1121]

VM Operations (20 events):
Event: 1917.427 Executing VM operation: get/set locals
Event: 1917.428 Executing VM operation: get/set locals done
Event: 1917.428 Executing VM operation: get/set locals
Event: 1917.428 Executing VM operation: get/set locals done
Event: 1917.429 Executing VM operation: get/set locals
Event: 1917.429 Executing VM operation: get/set locals done
Event: 1917.430 Executing VM operation: get/set locals
Event: 1917.430 Executing VM operation: get/set locals done
Event: 1917.431 Executing VM operation: get/set locals
Event: 1917.431 Executing VM operation: get/set locals done
Event: 1917.432 Executing VM operation: get/set locals
Event: 1917.432 Executing VM operation: get/set locals done
Event: 1917.432 Executing VM operation: get/set locals
Event: 1917.432 Executing VM operation: get/set locals done
Event: 1917.433 Executing VM operation: get/set locals
Event: 1917.433 Executing VM operation: get/set locals done
Event: 1917.434 Executing VM operation: get/set locals
Event: 1917.434 Executing VM operation: get/set locals done
Event: 1917.434 Executing VM operation: get/set locals
Event: 1917.434 Executing VM operation: get/set locals done

Events (20 events):
Event: 1.723 loading class sun/nio/ch/IOStatus
Event: 1.723 loading class sun/nio/ch/IOStatus done
Event: 1.729 loading class java/util/AbstractList$ListItr
Event: 1.729 loading class java/util/AbstractList$Itr
Event: 1.729 loading class java/util/AbstractList$Itr done
Event: 1.729 loading class java/util/AbstractList$ListItr done
Event: 1.740 loading class java/time/format/DateTimeParseException
Event: 1.740 loading class java/time/DateTimeException
Event: 1.740 loading class java/time/DateTimeException done
Event: 1.740 loading class java/time/format/DateTimeParseException done
Event: 1.783 loading class java/util/stream/SortedOps$RefSortingSink
Event: 1.784 loading class java/util/stream/SortedOps$RefSortingSink done
Event: 1.806 loading class java/lang/reflect/InvocationTargetException
Event: 1.806 loading class java/lang/reflect/InvocationTargetException done
Event: 1.828 loading class java/lang/Throwable$WrappedPrintWriter
Event: 1.828 loading class java/lang/Throwable$PrintStreamOrWriter
Event: 1.828 loading class java/lang/Throwable$PrintStreamOrWriter done
Event: 1.828 loading class java/lang/Throwable$WrappedPrintWriter done
Event: 1.830 loading class java/lang/StackTraceElement$HashedModules
Event: 1.830 loading class java/lang/StackTraceElement$HashedModules done


Dynamic libraries:
0x00007fff2a557000 	/usr/lib/libz.1.dylib
0x000000010513d000 	/Users/jt/Library/Java/JavaVirtualMachines/openjdk-17/Contents/Home/lib/libjli.dylib
0x00007fff34f8b000 	/System/Library/Frameworks/Cocoa.framework/Versions/A/Cocoa
0x00007fff222d5000 	/System/Library/Frameworks/Security.framework/Versions/A/Security
0x00007fff33193000 	/System/Library/Frameworks/ApplicationServices.framework/Versions/A/ApplicationServices
0x00007fff2a61f000 	/usr/lib/libSystem.B.dylib
0x00007fff2a619000 	/usr/lib/system/libcache.dylib
0x00007fff2a5d5000 	/usr/lib/system/libcommonCrypto.dylib
0x00007fff2a5ff000 	/usr/lib/system/libcompiler_rt.dylib
0x00007fff2a5f4000 	/usr/lib/system/libcopyfile.dylib
0x00007fff201ce000 	/usr/lib/system/libcorecrypto.dylib
0x00007fff20299000 	/usr/lib/system/libdispatch.dylib
0x00007fff2044c000 	/usr/lib/system/libdyld.dylib
0x00007fff2a610000 	/usr/lib/system/libkeymgr.dylib
0x00007fff2da23000 	/usr/lib/system/liblaunch.dylib
0x00007fff2a5b3000 	/usr/lib/system/libmacho.dylib
0x00007fff29dab000 	/usr/lib/system/libquarantine.dylib
0x00007fff2a60d000 	/usr/lib/system/libremovefile.dylib
0x00007fff24cb1000 	/usr/lib/system/libsystem_asl.dylib
0x00007fff2017e000 	/usr/lib/system/libsystem_blocks.dylib
0x00007fff2031b000 	/usr/lib/system/libsystem_c.dylib
0x00007fff2a607000 	/usr/lib/system/libsystem_collections.dylib
0x00007fff290b1000 	/usr/lib/system/libsystem_configuration.dylib
0x00007fff2839d000 	/usr/lib/system/libsystem_containermanager.dylib
0x00007fff2a356000 	/usr/lib/system/libsystem_coreservices.dylib
0x00007fff2288d000 	/usr/lib/system/libsystem_darwin.dylib
0x00007fff2a611000 	/usr/lib/system/libsystem_dnssd.dylib
0x00007fff20318000 	/usr/lib/system/libsystem_featureflags.dylib
0x00007fff20492000 	/usr/lib/system/libsystem_info.dylib
0x00007fff2a56a000 	/usr/lib/system/libsystem_m.dylib
0x00007fff2026c000 	/usr/lib/system/libsystem_malloc.dylib
0x00007fff24c44000 	/usr/lib/system/libsystem_networkextension.dylib
0x00007fff22cac000 	/usr/lib/system/libsystem_notify.dylib
0x00007fff2feba000 	/usr/lib/system/libsystem_product_info_filter.dylib
0x00007fff290b5000 	/usr/lib/system/libsystem_sandbox.dylib
0x00007fff2a60a000 	/usr/lib/system/libsystem_secinit.dylib
0x00007fff20410000 	/usr/lib/system/libsystem_kernel.dylib
0x00007fff20488000 	/usr/lib/system/libsystem_platform.dylib
0x00007fff20440000 	/usr/lib/system/libsystem_pthread.dylib
0x00007fff2638e000 	/usr/lib/system/libsystem_symptoms.dylib
0x00007fff201b6000 	/usr/lib/system/libsystem_trace.dylib
0x00007fff2a5e1000 	/usr/lib/system/libunwind.dylib
0x00007fff20180000 	/usr/lib/system/libxpc.dylib
0x00007fff203fa000 	/usr/lib/libc++abi.dylib
0x00007fff202de000 	/usr/lib/libobjc.A.dylib
0x00007fff2a5ec000 	/usr/lib/liboah.dylib
0x00007fff203a4000 	/usr/lib/libc++.1.dylib
0x00007fff204be000 	/System/Library/Frameworks/CoreFoundation.framework/Versions/A/CoreFoundation
0x00007fff2126d000 	/System/Library/Frameworks/Foundation.framework/Versions/C/Foundation
0x00007fff22d06000 	/System/Library/Frameworks/AppKit.framework/Versions/C/AppKit
0x00007fff25bca000 	/System/Library/Frameworks/CoreData.framework/Versions/A/CoreData
0x00007fff23a52000 	/System/Library/PrivateFrameworks/UIFoundation.framework/Versions/A/UIFoundation
0x00007fff2fc4d000 	/System/Library/PrivateFrameworks/RemoteViewServices.framework/Versions/A/RemoteViewServices
0x00007fff28a63000 	/System/Library/PrivateFrameworks/XCTTargetBootstrap.framework/Versions/A/XCTTargetBootstrap
0x00007fff2b749000 	/usr/lib/libspindump.dylib
0x00007fff23ca1000 	/System/Library/Frameworks/UniformTypeIdentifiers.framework/Versions/A/UniformTypeIdentifiers
0x00007fff27267000 	/usr/lib/libapp_launch_measurement.dylib
0x00007fff2726a000 	/System/Library/PrivateFrameworks/CoreAutoLayout.framework/Versions/A/CoreAutoLayout
0x00007fff283ca000 	/System/Library/Frameworks/Metal.framework/Versions/A/Metal
0x00007fff290c0000 	/usr/lib/liblangid.dylib
0x00007fff28a67000 	/System/Library/PrivateFrameworks/CoreSVG.framework/Versions/A/CoreSVG
0x00007fff24ce1000 	/System/Library/PrivateFrameworks/SkyLight.framework/Versions/A/SkyLight
0x00007fff25047000 	/System/Library/Frameworks/CoreGraphics.framework/Versions/A/CoreGraphics
0x00007fff30174000 	/System/Library/Frameworks/Accelerate.framework/Versions/A/Accelerate
0x00007fff2b187000 	/System/Library/PrivateFrameworks/IconServices.framework/Versions/A/IconServices
0x00007fff283ae000 	/System/Library/Frameworks/IOSurface.framework/Versions/A/IOSurface
0x00007fff26552000 	/usr/lib/libDiagnosticMessagesClient.dylib
0x00007fff28a4f000 	/System/Library/PrivateFrameworks/DFRFoundation.framework/Versions/A/DFRFoundation
0x00007fff2262d000 	/usr/lib/libicucore.A.dylib
0x00007fff2cc8c000 	/System/Library/Frameworks/AudioToolbox.framework/Versions/A/AudioToolbox
0x00007fff2bf14000 	/System/Library/PrivateFrameworks/DataDetectorsCore.framework/Versions/A/DataDetectorsCore
0x00007fff24c54000 	/usr/lib/libMobileGestalt.dylib
0x00007fff28753000 	/System/Library/Frameworks/Carbon.framework/Versions/A/Frameworks/HIToolbox.framework/Versions/A/HIToolbox
0x00007fff26cac000 	/System/Library/Frameworks/QuartzCore.framework/Versions/A/QuartzCore
0x00007fff2fc85000 	/System/Library/Frameworks/Carbon.framework/Versions/A/Frameworks/SpeechRecognition.framework/Versions/A/SpeechRecognition
0x00007fff26fcc000 	/System/Library/PrivateFrameworks/CoreUI.framework/Versions/A/CoreUI
0x00007fff21c43000 	/System/Library/Frameworks/CoreAudio.framework/Versions/A/CoreAudio
0x00007fff2663d000 	/System/Library/Frameworks/DiskArbitration.framework/Versions/A/DiskArbitration
0x00007fff2bb17000 	/System/Library/PrivateFrameworks/MultitouchSupport.framework/Versions/A/MultitouchSupport
0x00007fff2bf0b000 	/System/Library/PrivateFrameworks/InternationalSupport.framework/Versions/A/InternationalSupport
0x00007fff24c53000 	/usr/lib/libenergytrace.dylib
0x00007fff22bfd000 	/System/Library/Frameworks/IOKit.framework/Versions/A/IOKit
0x00007fff2ffb8000 	/System/Library/Frameworks/CoreServices.framework/Versions/A/CoreServices
0x00007fff271f9000 	/System/Library/PrivateFrameworks/PerformanceAnalysis.framework/Versions/A/PerformanceAnalysis
0x00007fff6bb25000 	/System/Library/Frameworks/OpenGL.framework/Versions/A/OpenGL
0x00007fff2bf8f000 	/System/Library/PrivateFrameworks/UserActivity.framework/Versions/A/UserActivity
0x00007fff256d1000 	/System/Library/Frameworks/ColorSync.framework/Versions/A/ColorSync
0x00007fff28cce000 	/System/Library/Frameworks/CoreImage.framework/Versions/A/CoreImage
0x00007fff21a5d000 	/System/Library/Frameworks/CoreText.framework/Versions/A/CoreText
0x00007fff28a91000 	/System/Library/Frameworks/ImageIO.framework/Versions/A/ImageIO
0x00007fff2a625000 	/System/Library/PrivateFrameworks/SoftLinking.framework/Versions/A/SoftLinking
0x00007fff272b2000 	/usr/lib/libxml2.2.dylib
0x00007fff2a896000 	/usr/lib/libcompression.dylib
0x00007fff2be3d000 	/System/Library/PrivateFrameworks/TextureIO.framework/Versions/A/TextureIO
0x00007fff2aec5000 	/usr/lib/libate.dylib
0x00007fff2acaa000 	/usr/lib/liblzma.5.dylib
0x00007fff20f81000 	/System/Library/Frameworks/SystemConfiguration.framework/Versions/A/SystemConfiguration
0x00007fff2a621000 	/usr/lib/libfakelink.dylib
0x00007fff247a5000 	/System/Library/Frameworks/CFNetwork.framework/Versions/A/CFNetwork
0x00007fff2a761000 	/usr/lib/libarchive.2.dylib
0x00007fff20fff000 	/usr/lib/libCRFSuite.dylib
0x00007fff29dd2000 	/usr/lib/libbsm.0.dylib
0x00007fff2411e000 	/usr/lib/libnetwork.dylib
0x00007fff2a626000 	/usr/lib/libpcap.A.dylib
0x00007fff26387000 	/usr/lib/libdns_services.dylib
0x00007fff2acc3000 	/usr/lib/libcoretls_cfhelpers.dylib
0x00007fff2a860000 	/usr/lib/libapple_nghttp2.dylib
0x00007fff2a5b9000 	/usr/lib/system/libkxld.dylib
0x00007fff26000000 	/usr/lib/libsqlite3.dylib
0x00007fff2a339000 	/System/Library/PrivateFrameworks/AppleFSCompression.framework/Versions/A/AppleFSCompression
0x00007fff29dba000 	/usr/lib/libcoretls.dylib
0x00007fff2a891000 	/usr/lib/libpam.2.dylib
0x00007fff2adc1000 	/usr/lib/libxar.1.dylib
0x00007fff290bc000 	/System/Library/PrivateFrameworks/AppleSystemInfo.framework/Versions/A/AppleSystemInfo
0x00007fff299fc000 	/System/Library/PrivateFrameworks/IOMobileFramebuffer.framework/Versions/A/IOMobileFramebuffer
0x00007fff2a349000 	/usr/lib/libbz2.1.0.dylib
0x00007fff2a65e000 	/usr/lib/libiconv.2.dylib
0x00007fff2a5b2000 	/usr/lib/libcharset.1.dylib
0x00007fff27235000 	/System/Library/Frameworks/CoreServices.framework/Versions/A/Frameworks/FSEvents.framework/Versions/A/FSEvents
0x00007fff22897000 	/System/Library/Frameworks/CoreServices.framework/Versions/A/Frameworks/CarbonCore.framework/Versions/A/CarbonCore
0x00007fff265a2000 	/System/Library/Frameworks/CoreServices.framework/Versions/A/Frameworks/Metadata.framework/Versions/A/Metadata
0x00007fff2a35b000 	/System/Library/Frameworks/CoreServices.framework/Versions/A/Frameworks/OSServices.framework/Versions/A/OSServices
0x00007fff2a7d3000 	/System/Library/Frameworks/CoreServices.framework/Versions/A/Frameworks/SearchKit.framework/Versions/A/SearchKit
0x00007fff26312000 	/System/Library/Frameworks/CoreServices.framework/Versions/A/Frameworks/AE.framework/Versions/A/AE
0x00007fff2095c000 	/System/Library/Frameworks/CoreServices.framework/Versions/A/Frameworks/LaunchServices.framework/Versions/A/LaunchServices
0x00007fff2ac5a000 	/System/Library/Frameworks/CoreServices.framework/Versions/A/Frameworks/DictionaryServices.framework/Versions/A/DictionaryServices
0x00007fff27242000 	/System/Library/Frameworks/CoreServices.framework/Versions/A/Frameworks/SharedFileList.framework/Versions/A/SharedFileList
0x00007fff29dae000 	/usr/lib/libCheckFix.dylib
0x00007fff24cc8000 	/System/Library/PrivateFrameworks/TCC.framework/Versions/A/TCC
0x00007fff290c2000 	/System/Library/PrivateFrameworks/CoreNLP.framework/Versions/A/CoreNLP
0x00007fff26555000 	/System/Library/PrivateFrameworks/MetadataUtilities.framework/Versions/A/MetadataUtilities
0x00007fff21034000 	/usr/lib/libmecabra.dylib
0x00007fff2a0b8000 	/System/Library/Frameworks/MLCompute.framework/Versions/A/MLCompute
0x00007fff29de3000 	/usr/lib/libmecab.dylib
0x00007fff29e2d000 	/usr/lib/libgermantok.dylib
0x00007fff2a83b000 	/usr/lib/libThaiTokenizer.dylib
0x00007fff2adfc000 	/usr/lib/libChineseTokenizer.dylib
0x00007fff2a88f000 	/System/Library/Frameworks/MetalPerformanceShaders.framework/Versions/A/MetalPerformanceShaders
0x00007fff26644000 	/System/Library/Frameworks/Accelerate.framework/Versions/A/Frameworks/vImage.framework/Versions/A/vImage
0x00007fff2ff92000 	/System/Library/Frameworks/Accelerate.framework/Versions/A/Frameworks/vecLib.framework/Versions/A/vecLib
0x00007fff2ae07000 	/System/Library/Frameworks/Accelerate.framework/Versions/A/Frameworks/vecLib.framework/Versions/A/libvMisc.dylib
0x00007fff29817000 	/System/Library/Frameworks/Accelerate.framework/Versions/A/Frameworks/vecLib.framework/Versions/A/libvDSP.dylib
0x00007fff20c67000 	/System/Library/Frameworks/Accelerate.framework/Versions/A/Frameworks/vecLib.framework/Versions/A/libBLAS.dylib
0x00007fff2a8bc000 	/System/Library/Frameworks/Accelerate.framework/Versions/A/Frameworks/vecLib.framework/Versions/A/libLAPACK.dylib
0x00007fff29e33000 	/System/Library/Frameworks/Accelerate.framework/Versions/A/Frameworks/vecLib.framework/Versions/A/libLinearAlgebra.dylib
0x00007fff2a878000 	/System/Library/Frameworks/Accelerate.framework/Versions/A/Frameworks/vecLib.framework/Versions/A/libSparseBLAS.dylib
0x00007fff2a8b6000 	/System/Library/Frameworks/Accelerate.framework/Versions/A/Frameworks/vecLib.framework/Versions/A/libQuadrature.dylib
0x00007fff2916e000 	/System/Library/Frameworks/Accelerate.framework/Versions/A/Frameworks/vecLib.framework/Versions/A/libBNNS.dylib
0x00007fff20f12000 	/System/Library/Frameworks/Accelerate.framework/Versions/A/Frameworks/vecLib.framework/Versions/A/libSparse.dylib
0x00007fff2904a000 	/System/Library/Frameworks/MetalPerformanceShaders.framework/Versions/A/Frameworks/MPSCore.framework/Versions/A/MPSCore
0x00007fff2a2a8000 	/System/Library/Frameworks/MetalPerformanceShaders.framework/Versions/A/Frameworks/MPSImage.framework/Versions/A/MPSImage
0x00007fff29e49000 	/System/Library/Frameworks/MetalPerformanceShaders.framework/Versions/A/Frameworks/MPSNeuralNetwork.framework/Versions/A/MPSNeuralNetwork
0x00007fff2a21a000 	/System/Library/Frameworks/MetalPerformanceShaders.framework/Versions/A/Frameworks/MPSMatrix.framework/Versions/A/MPSMatrix
0x00007fff2a068000 	/System/Library/Frameworks/MetalPerformanceShaders.framework/Versions/A/Frameworks/MPSRayIntersector.framework/Versions/A/MPSRayIntersector
0x00007fff2a251000 	/System/Library/Frameworks/MetalPerformanceShaders.framework/Versions/A/Frameworks/MPSNDArray.framework/Versions/A/MPSNDArray
0x00007fff20b92000 	/System/Library/PrivateFrameworks/MetalTools.framework/Versions/A/MetalTools
0x00007fff290ba000 	/System/Library/PrivateFrameworks/AggregateDictionary.framework/Versions/A/AggregateDictionary
0x00007fff26522000 	/System/Library/PrivateFrameworks/CoreAnalytics.framework/Versions/A/CoreAnalytics
0x00007fff2a83d000 	/System/Library/PrivateFrameworks/AppleSauce.framework/Versions/A/AppleSauce
0x00007fff283c0000 	/System/Library/PrivateFrameworks/IOAccelerator.framework/Versions/A/IOAccelerator
0x00007fff6bb19000 	/System/Library/Frameworks/OpenGL.framework/Versions/A/Libraries/libCoreFSCache.dylib
0x00007fff215cc000 	/System/Library/PrivateFrameworks/LanguageModeling.framework/Versions/A/LanguageModeling
0x00007fff299ea000 	/System/Library/PrivateFrameworks/CoreEmoji.framework/Versions/A/CoreEmoji
0x00007fff29167000 	/System/Library/PrivateFrameworks/LinguisticData.framework/Versions/A/LinguisticData
0x00007fff20ec4000 	/System/Library/PrivateFrameworks/Lexicon.framework/Versions/A/Lexicon
0x00007fff2a74f000 	/usr/lib/libcmph.dylib
0x00007fff27215000 	/System/Library/Frameworks/OpenDirectory.framework/Versions/A/Frameworks/CFOpenDirectory.framework/Versions/A/CFOpenDirectory
0x00007fff27205000 	/System/Library/Frameworks/OpenDirectory.framework/Versions/A/OpenDirectory
0x00007fff2acc5000 	/System/Library/PrivateFrameworks/APFS.framework/Versions/A/APFS
0x00007fff29d10000 	/System/Library/Frameworks/SecurityFoundation.framework/Versions/A/SecurityFoundation
0x00007fff2adcf000 	/usr/lib/libutil.dylib
0x00007fff22bc2000 	/System/Library/PrivateFrameworks/CoreServicesStore.framework/Versions/A/CoreServicesStore
0x00007fff29da6000 	/System/Library/Frameworks/ServiceManagement.framework/Versions/A/ServiceManagement
0x00007fff2add3000 	/usr/lib/libxslt.1.dylib
0x00007fff29d9c000 	/System/Library/PrivateFrameworks/BackgroundTaskManagement.framework/Versions/A/BackgroundTaskManagement
0x00007fff2bd87000 	/System/Library/Frameworks/ImageIO.framework/Versions/A/Resources/libRadiance.dylib
0x00007fff2bd91000 	/System/Library/Frameworks/ImageIO.framework/Versions/A/Resources/libJPEG.dylib
0x00007fff2bce1000 	/System/Library/Frameworks/ImageIO.framework/Versions/A/Resources/libPng.dylib
0x00007fff2bd02000 	/System/Library/Frameworks/ImageIO.framework/Versions/A/Resources/libTIFF.dylib
0x00007fff2bde6000 	/System/Library/Frameworks/ImageIO.framework/Versions/A/Resources/libGIF.dylib
0x00007fff2ba33000 	/System/Library/Frameworks/ImageIO.framework/Versions/A/Resources/libJP2.dylib
0x00007fff2b14e000 	/usr/lib/libexpat.1.dylib
0x00007fff2b9e9000 	/System/Library/PrivateFrameworks/AppleJPEG.framework/Versions/A/AppleJPEG
0x00007fff285f6000 	/System/Library/PrivateFrameworks/FontServices.framework/libFontParser.dylib
0x00007fff262c9000 	/System/Library/PrivateFrameworks/RunningBoardServices.framework/Versions/A/RunningBoardServices
0x00007fff2bb13000 	/System/Library/PrivateFrameworks/WatchdogClient.framework/Versions/A/WatchdogClient
0x00007fff216b5000 	/System/Library/Frameworks/CoreDisplay.framework/Versions/A/CoreDisplay
0x00007fff2850b000 	/System/Library/Frameworks/CoreMedia.framework/Versions/A/CoreMedia
0x00007fff27395000 	/System/Library/Frameworks/CoreVideo.framework/Versions/A/CoreVideo
0x00007fff2bb4e000 	/System/Library/Frameworks/VideoToolbox.framework/Versions/A/VideoToolbox
0x00007fff26249000 	/System/Library/PrivateFrameworks/BaseBoard.framework/Versions/A/BaseBoard
0x00007fff2b293000 	/System/Library/PrivateFrameworks/PersistentConnection.framework/Versions/A/PersistentConnection
0x00007fff25fea000 	/System/Library/PrivateFrameworks/ProtocolBuffer.framework/Versions/A/ProtocolBuffer
0x00007fff26231000 	/System/Library/PrivateFrameworks/CommonUtilities.framework/Versions/A/CommonUtilities
0x00007fff2b9ac000 	/System/Library/PrivateFrameworks/Bom.framework/Versions/A/Bom
0x00007fff2bd7f000 	/System/Library/PrivateFrameworks/GPUWrangler.framework/Versions/A/GPUWrangler
0x00007fff2bd62000 	/System/Library/PrivateFrameworks/IOPresentment.framework/Versions/A/IOPresentment
0x00007fff2bd8b000 	/System/Library/PrivateFrameworks/DSExternalDisplay.framework/Versions/A/DSExternalDisplay
0x00007fff2bdeb000 	/System/Library/PrivateFrameworks/CMCaptureCore.framework/Versions/A/CMCaptureCore
0x00007fff2b72f000 	/System/Library/PrivateFrameworks/AppServerSupport.framework/Versions/A/AppServerSupport
0x00007fff2d7c6000 	/System/Library/PrivateFrameworks/perfdata.framework/Versions/A/perfdata
0x00007fff29cff000 	/System/Library/PrivateFrameworks/AssertionServices.framework/Versions/A/AssertionServices
0x00007fff217ec000 	/System/Library/PrivateFrameworks/AudioToolboxCore.framework/Versions/A/AudioToolboxCore
0x00007fff284ee000 	/System/Library/PrivateFrameworks/caulk.framework/Versions/A/caulk
0x00007fff3cc72000 	/System/Library/PrivateFrameworks/SystemPolicy.framework/Versions/A/SystemPolicy
0x00007fff2af5d000 	/usr/lib/libIOReport.dylib
0x00007fff2d002000 	/usr/lib/libSMC.dylib
0x00007fff2bcad000 	/usr/lib/libAudioToolboxUtility.dylib
0x00007fff3d5cf000 	/usr/lib/libmis.dylib
0x00007fff6bb75000 	/System/Library/Frameworks/OpenGL.framework/Versions/A/Libraries/libGLU.dylib
0x00007fff6bb38000 	/System/Library/Frameworks/OpenGL.framework/Versions/A/Libraries/libGFXShared.dylib
0x00007fff6bd46000 	/System/Library/Frameworks/OpenGL.framework/Versions/A/Libraries/libGL.dylib
0x00007fff6bb41000 	/System/Library/Frameworks/OpenGL.framework/Versions/A/Libraries/libGLImage.dylib
0x00007fff6bb35000 	/System/Library/Frameworks/OpenGL.framework/Versions/A/Libraries/libCVMSPluginSupport.dylib
0x00007fff6bb20000 	/System/Library/Frameworks/OpenGL.framework/Versions/A/Libraries/libCoreVMClient.dylib
0x00007fff6d190000 	/System/Library/Frameworks/OpenCL.framework/Versions/A/OpenCL
0x00007fff2b2bc000 	/System/Library/PrivateFrameworks/GraphVisualizer.framework/Versions/A/GraphVisualizer
0x00007fff2b2cb000 	/System/Library/PrivateFrameworks/FaceCore.framework/Versions/A/FaceCore
0x00007fff2b6e7000 	/System/Library/PrivateFrameworks/OTSVG.framework/Versions/A/OTSVG
0x00007fff26f8a000 	/System/Library/Frameworks/ApplicationServices.framework/Versions/A/Frameworks/ATS.framework/Versions/A/Resources/libFontRegistry.dylib
0x00007fff2b736000 	/System/Library/PrivateFrameworks/FontServices.framework/libhvf.dylib
0x00007fff2b0fa000 	/System/Library/PrivateFrameworks/AppleVA.framework/Versions/A/AppleVA
0x00007fff2ce4a000 	/System/Library/Frameworks/ApplicationServices.framework/Versions/A/Frameworks/ATS.framework/Versions/A/ATS
0x00007fff2d15d000 	/System/Library/Frameworks/ApplicationServices.framework/Versions/A/Frameworks/ColorSyncLegacy.framework/Versions/A/ColorSyncLegacy
0x00007fff257c8000 	/System/Library/Frameworks/ApplicationServices.framework/Versions/A/Frameworks/HIServices.framework/Versions/A/HIServices
0x00007fff2d142000 	/System/Library/Frameworks/ApplicationServices.framework/Versions/A/Frameworks/LangAnalysis.framework/Versions/A/LangAnalysis
0x00007fff2bdf5000 	/System/Library/Frameworks/ApplicationServices.framework/Versions/A/Frameworks/PrintCore.framework/Versions/A/PrintCore
0x00007fff2d165000 	/System/Library/Frameworks/ApplicationServices.framework/Versions/A/Frameworks/QD.framework/Versions/A/QD
0x00007fff2ce3a000 	/System/Library/Frameworks/ApplicationServices.framework/Versions/A/Frameworks/SpeechSynthesis.framework/Versions/A/SpeechSynthesis
0x00007fff2bdb6000 	/System/Library/Frameworks/ApplicationServices.framework/Versions/A/Frameworks/ATSUI.framework/Versions/A/ATSUI
0x00007fff2d0e2000 	/usr/lib/libcups.2.dylib
0x00007fff2d152000 	/System/Library/PrivateFrameworks/NetAuth.framework/Versions/A/NetAuth
0x00007fff2d7e1000 	/System/Library/Frameworks/Kerberos.framework/Versions/A/Kerberos
0x00007fff2d7f1000 	/System/Library/Frameworks/GSS.framework/Versions/A/GSS
0x00007fff2ceb7000 	/usr/lib/libresolv.9.dylib
0x00007fff2b74c000 	/System/Library/PrivateFrameworks/Heimdal.framework/Versions/A/Heimdal
0x00007fff334a8000 	/System/Library/Frameworks/Kerberos.framework/Versions/A/Libraries/libHeimdalProxy.dylib
0x00007fff26396000 	/System/Library/Frameworks/Network.framework/Versions/A/Network
0x00007fff2b168000 	/usr/lib/libheimdal-asn1.dylib
0x00007fff2d842000 	/System/Library/PrivateFrameworks/CommonAuth.framework/Versions/A/CommonAuth
0x00007fff273e3000 	/System/Library/PrivateFrameworks/login.framework/Versions/A/Frameworks/loginsupport.framework/Versions/A/loginsupport
0x00007fff2cdc1000 	/System/Library/PrivateFrameworks/AudioSession.framework/Versions/A/AudioSession
0x00007fff2ce27000 	/usr/lib/libAudioStatistics.dylib
0x00007fff2b1f4000 	/System/Library/PrivateFrameworks/MediaExperience.framework/Versions/A/MediaExperience
0x00007fff2cc5a000 	/System/Library/PrivateFrameworks/AudioSession.framework/libSessionUtility.dylib
0x00007fff2d7d2000 	/usr/lib/libperfcheck.dylib
0x00007fff2d171000 	/System/Library/PrivateFrameworks/AudioResourceArbitration.framework/Versions/A/AudioResourceArbitration
0x00007fff2b172000 	/System/Library/PrivateFrameworks/IconFoundation.framework/Versions/A/IconFoundation
0x00007fff2fc75000 	/System/Library/PrivateFrameworks/SpeechRecognitionCore.framework/Versions/A/SpeechRecognitionCore
0x0000000105166000 	/System/Library/CoreServices/Encodings/libCyrillicConverter.dylib
0x0000000107d4e000 	/Users/jt/Library/Java/JavaVirtualMachines/openjdk-17/Contents/Home/lib/server/libjvm.dylib
0x0000000105172000 	/Users/jt/Library/Java/JavaVirtualMachines/openjdk-17/Contents/Home/lib/libjimage.dylib
0x0000000105184000 	/Users/jt/Library/Java/JavaVirtualMachines/openjdk-17/Contents/Home/lib/libjdwp.dylib
0x00000001051c8000 	/Users/jt/Library/Java/JavaVirtualMachines/openjdk-17/Contents/Home/lib/libjava.dylib
0x00000001051f8000 	/Users/jt/Library/Java/JavaVirtualMachines/openjdk-17/Contents/Home/lib/libinstrument.dylib
0x000000010548c000 	/Users/jt/Library/Java/JavaVirtualMachines/openjdk-17/Contents/Home/lib/libdt_socket.dylib
0x000000010549c000 	/Users/jt/Library/Java/JavaVirtualMachines/openjdk-17/Contents/Home/lib/libzip.dylib
0x00000001054b0000 	/Users/jt/Library/Java/JavaVirtualMachines/openjdk-17/Contents/Home/lib/libnio.dylib
0x00000001054cc000 	/Users/jt/Library/Java/JavaVirtualMachines/openjdk-17/Contents/Home/lib/libnet.dylib
0x00000001054ec000 	/Users/jt/Library/Java/JavaVirtualMachines/openjdk-17/Contents/Home/lib/libverify.dylib
0x0000000105504000 	/Users/jt/Library/Java/JavaVirtualMachines/openjdk-17/Contents/Home/lib/libextnet.dylib


VM Arguments:
jvm_args: -XX:+ShowCodeDetailsInExceptionMessages -agentlib:jdwp=transport=dt_socket,suspend=y,address=localhost:61863 -ea -javaagent:/Users/jt/eclipse/java-2021-09/Eclipse.app/Contents/Eclipse/configuration/org.eclipse.osgi/213/0/.cp/lib/javaagent-shaded.jar -Dfile.encoding=UTF-8 
java_command: org.eclipse.jdt.internal.junit.runner.RemoteTestRunner -version 3 -port 61859 -testLoaderClass org.eclipse.jdt.internal.junit5.runner.JUnit5TestLoader -loaderpluginname org.eclipse.jdt.junit5.runtime -classNames telran.util.ListTest
java_class_path (initial): /Users/jt/eclipse-workspace-42/list-test/bin:/Users/jt/.p2/pool/plugins/org.junit.jupiter.api_5.7.1.v20210222-1948.jar:/Users/jt/.p2/pool/plugins/org.junit.jupiter.engine_5.7.1.v20210222-1948.jar:/Users/jt/.p2/pool/plugins/org.junit.jupiter.migrationsupport_5.7.1.v20210222-1948.jar:/Users/jt/.p2/pool/plugins/org.junit.jupiter.params_5.7.1.v20210222-1948.jar:/Users/jt/.p2/pool/plugins/org.junit.platform.commons_1.7.1.v20210222-1948.jar:/Users/jt/.p2/pool/plugins/org.junit.platform.engine_1.7.1.v20210222-1948.jar:/Users/jt/.p2/pool/plugins/org.junit.platform.launcher_1.7.1.v20210222-1948.jar:/Users/jt/.p2/pool/plugins/org.junit.platform.runner_1.7.1.v20210222-1948.jar:/Users/jt/.p2/pool/plugins/org.junit.platform.suite.api_1.7.1.v20210222-1948.jar:/Users/jt/.p2/pool/plugins/org.junit.vintage.engine_5.7.1.v20210222-1948.jar:/Users/jt/.p2/pool/plugins/org.opentest4j_1.2.0.v20190826-0900.jar:/Users/jt/.p2/pool/plugins/org.apiguardian_1.1.0.v20190826-0900.jar:/Users/jt/.p2/pool/plugins/org.junit_4.13.0.v20200204-1500.jar:/Users/jt/.p2/pool/plugins/org.hamcrest.core_1.3.0.v20180420-1519.jar:/Users/jt/eclipse-workspace-42/array-list/bin:/Users/jt/eclipse-workspace-42/list-inteface/bin:/Users/jt/eclipse/java-2021-09/Eclipse.app/Contents/Eclipse/configuration/org.eclipse.osgi/212/0/.cp:/Users/jt/eclipse/java-2021-09/Eclipse.app/Contents/Eclipse/configuration/org.eclipse.osgi/210/0/.cp
Launcher Type: SUN_STANDARD

[Global flags]
     intx CICompilerCount                          = 3                                         {product} {ergonomic}
     uint ConcGCThreads                            = 1                                         {product} {ergonomic}
     uint G1ConcRefinementThreads                  = 4                                         {product} {ergonomic}
   size_t G1HeapRegionSize                         = 1048576                                   {product} {ergonomic}
    uintx GCDrainStackTargetSize                   = 64                                        {product} {ergonomic}
   size_t InitialHeapSize                          = 134217728                                 {product} {ergonomic}
   size_t MarkStackSize                            = 4194304                                   {product} {ergonomic}
   size_t MaxHeapSize                              = 2147483648                                {product} {ergonomic}
   size_t MaxNewSize                               = 1287651328                                {product} {ergonomic}
   size_t MinHeapDeltaBytes                        = 1048576                                   {product} {ergonomic}
   size_t MinHeapSize                              = 8388608                                   {product} {ergonomic}
    uintx NonNMethodCodeHeapSize                   = 5832780                                {pd product} {ergonomic}
    uintx NonProfiledCodeHeapSize                  = 122912730                              {pd product} {ergonomic}
    uintx ProfiledCodeHeapSize                     = 122912730                              {pd product} {ergonomic}
    uintx ReservedCodeCacheSize                    = 251658240                              {pd product} {ergonomic}
     bool SegmentedCodeCache                       = true                                      {product} {ergonomic}
     bool ShowCodeDetailsInExceptionMessages       = true                                   {manageable} {command line}
   size_t SoftMaxHeapSize                          = 2147483648                             {manageable} {ergonomic}
     bool UseCompressedClassPointers               = true                           {product lp64_product} {ergonomic}
     bool UseCompressedOops                        = true                           {product lp64_product} {ergonomic}
     bool UseG1GC                                  = true                                      {product} {ergonomic}
     bool UseNUMA                                  = false                                     {product} {ergonomic}
     bool UseNUMAInterleaving                      = false                                     {product} {ergonomic}

Logging:
Log output configuration:
 #0: stdout all=warning uptime,level,tags
 #1: stderr all=off uptime,level,tags

Environment Variables:
PATH=/usr/bin:/bin:/usr/sbin:/sbin
SHELL=/bin/bash
DISPLAY=/private/tmp/com.apple.launchd.UaRt85HaFJ/org.macosforge.xquartz:0

Signal Handlers:
   SIGSEGV: _ZL13crash_handleriP9__siginfoPv in libjvm.dylib, mask=11100110000111110111111111111111, flags=SA_RESTART|SA_SIGINFO
    SIGBUS: _ZL13crash_handleriP9__siginfoPv in libjvm.dylib, mask=11100110000111110111111111111111, flags=SA_RESTART|SA_SIGINFO
    SIGFPE: _ZL13crash_handleriP9__siginfoPv in libjvm.dylib, mask=11100110000111110111111111111111, flags=SA_RESTART|SA_SIGINFO
   SIGPIPE: _ZL17javaSignalHandleriP9__siginfoPv in libjvm.dylib, mask=11100110000111110111111111111111, flags=SA_RESTART|SA_SIGINFO
   SIGXFSZ: _ZL17javaSignalHandleriP9__siginfoPv in libjvm.dylib, mask=11100110000111110111111111111111, flags=SA_RESTART|SA_SIGINFO
    SIGILL: _ZL13crash_handleriP9__siginfoPv in libjvm.dylib, mask=11100110000111110111111111111111, flags=SA_RESTART|SA_SIGINFO
   SIGUSR2: _ZL10SR_handleriP9__siginfoP17__darwin_ucontext in libjvm.dylib, mask=00100000000000000000000000000000, flags=SA_RESTART|SA_SIGINFO
    SIGHUP: _ZL11UserHandleriPvS_ in libjvm.dylib, mask=11100110000111110111111111111111, flags=SA_RESTART|SA_SIGINFO
    SIGINT: _ZL11UserHandleriPvS_ in libjvm.dylib, mask=11100110000111110111111111111111, flags=SA_RESTART|SA_SIGINFO
   SIGTERM: _ZL11UserHandleriPvS_ in libjvm.dylib, mask=11100110000111110111111111111111, flags=SA_RESTART|SA_SIGINFO
   SIGQUIT: _ZL11UserHandleriPvS_ in libjvm.dylib, mask=11100110000111110111111111111111, flags=SA_RESTART|SA_SIGINFO
   SIGTRAP: _ZL13crash_handleriP9__siginfoPv in libjvm.dylib, mask=11100110000111110111111111111111, flags=SA_RESTART|SA_SIGINFO


---------------  S Y S T E M  ---------------

OS:
uname: Darwin 20.6.0 Darwin Kernel Version 20.6.0: Mon Aug 30 06:12:21 PDT 2021; root:xnu-7195.141.6~3/RELEASE_X86_64 x86_64
OS uptime: 14 days 7:12 hours
rlimit (soft/hard): STACK 8192k/65532k , CORE 0k/infinity , NPROC 1392/2088 , NOFILE 10240/infinity , AS infinity/infinity , CPU infinity/infinity , DATA infinity/infinity , FSIZE infinity/infinity , MEMLOCK infinity/infinity , RSS infinity/infinity
load average: 2.50 2.52 2.43

CPU: total 4 (initial active 4) (2 cores per cpu, 2 threads per core) family 6 model 61 stepping 4 microcode 0x2f, cx8, cmov, fxsr, ht, mmx, 3dnowpref, sse, sse2, sse3, ssse3, sse4.1, sse4.2, popcnt, lzcnt, tsc, tscinvbit, avx, avx2, aes, erms, clmul, bmi1, bmi2, adx, fma, vzeroupper, clflush

Memory: 4k page, physical 8388608k(160856k free), swap 3145728k(1551104k free)

vm_info: OpenJDK 64-Bit Server VM (17+35-2724) for bsd-amd64 JRE (17+35-2724), built on Aug  5 2021 22:31:25 by "mach5one" with clang Apple LLVM 12.0.0 (clang-1200.0.32.29)

END.
